{"C:\\Users\\debas\\Desktop\\Asset Management System\\Asset-Management-System\\backend-node\\server.js": {"path":"C:\\Users\\debas\\Desktop\\Asset Management System\\Asset-Management-System\\backend-node\\server.js","statementMap":{"0":{"start":{"line":3,"column":0},"end":{"line":3,"column":27}},"1":{"start":{"line":4,"column":0},"end":{"line":4,"column":32}},"2":{"start":{"line":6,"column":16},"end":{"line":6,"column":34}},"3":{"start":{"line":7,"column":15},"end":{"line":7,"column":32}},"4":{"start":{"line":8,"column":13},"end":{"line":8,"column":28}},"5":{"start":{"line":9,"column":15},"end":{"line":9,"column":32}},"6":{"start":{"line":10,"column":18},"end":{"line":10,"column":47}},"7":{"start":{"line":11,"column":13},"end":{"line":11,"column":28}},"8":{"start":{"line":12,"column":11},"end":{"line":12,"column":24}},"9":{"start":{"line":14,"column":15},"end":{"line":14,"column":42}},"10":{"start":{"line":15,"column":28},"end":{"line":15,"column":60}},"11":{"start":{"line":16,"column":15},"end":{"line":16,"column":44}},"12":{"start":{"line":17,"column":42},"end":{"line":17,"column":82}},"13":{"start":{"line":20,"column":26},"end":{"line":20,"column":54}},"14":{"start":{"line":21,"column":26},"end":{"line":21,"column":56}},"15":{"start":{"line":22,"column":26},"end":{"line":22,"column":61}},"16":{"start":{"line":23,"column":26},"end":{"line":23,"column":61}},"17":{"start":{"line":24,"column":26},"end":{"line":24,"column":59}},"18":{"start":{"line":25,"column":26},"end":{"line":25,"column":57}},"19":{"start":{"line":26,"column":26},"end":{"line":26,"column":61}},"20":{"start":{"line":27,"column":26},"end":{"line":27,"column":58}},"21":{"start":{"line":28,"column":27},"end":{"line":28,"column":63}},"22":{"start":{"line":29,"column":26},"end":{"line":29,"column":56}},"23":{"start":{"line":30,"column":26},"end":{"line":30,"column":59}},"24":{"start":{"line":31,"column":27},"end":{"line":31,"column":64}},"25":{"start":{"line":32,"column":26},"end":{"line":32,"column":59}},"26":{"start":{"line":33,"column":26},"end":{"line":33,"column":52}},"27":{"start":{"line":34,"column":26},"end":{"line":34,"column":56}},"28":{"start":{"line":35,"column":26},"end":{"line":35,"column":57}},"29":{"start":{"line":36,"column":26},"end":{"line":36,"column":52}},"30":{"start":{"line":37,"column":26},"end":{"line":37,"column":53}},"31":{"start":{"line":38,"column":26},"end":{"line":38,"column":55}},"32":{"start":{"line":41,"column":35},"end":{"line":41,"column":66}},"33":{"start":{"line":44,"column":12},"end":{"line":44,"column":21}},"34":{"start":{"line":47,"column":0},"end":{"line":49,"column":4}},"35":{"start":{"line":51,"column":0},"end":{"line":56,"column":4}},"36":{"start":{"line":59,"column":16},"end":{"line":65,"column":2}},"37":{"start":{"line":66,"column":0},"end":{"line":66,"column":26}},"38":{"start":{"line":69,"column":20},"end":{"line":73,"column":2}},"39":{"start":{"line":74,"column":0},"end":{"line":74,"column":40}},"40":{"start":{"line":75,"column":0},"end":{"line":75,"column":43}},"41":{"start":{"line":78,"column":0},"end":{"line":78,"column":41}},"42":{"start":{"line":79,"column":0},"end":{"line":79,"column":63}},"43":{"start":{"line":82,"column":0},"end":{"line":87,"column":1}},"44":{"start":{"line":83,"column":2},"end":{"line":86,"column":6}},"45":{"start":{"line":84,"column":30},"end":{"line":84,"column":53}},"46":{"start":{"line":85,"column":19},"end":{"line":85,"column":53}},"47":{"start":{"line":90,"column":0},"end":{"line":96,"column":3}},"48":{"start":{"line":91,"column":19},"end":{"line":91,"column":36}},"49":{"start":{"line":92,"column":2},"end":{"line":95,"column":3}},"50":{"start":{"line":93,"column":4},"end":{"line":93,"column":48}},"51":{"start":{"line":94,"column":4},"end":{"line":94,"column":50}},"52":{"start":{"line":99,"column":0},"end":{"line":99,"column":72}},"53":{"start":{"line":102,"column":0},"end":{"line":105,"column":4}},"54":{"start":{"line":106,"column":0},"end":{"line":106,"column":65}},"55":{"start":{"line":106,"column":42},"end":{"line":106,"column":63}},"56":{"start":{"line":109,"column":0},"end":{"line":109,"column":42}},"57":{"start":{"line":110,"column":0},"end":{"line":110,"column":43}},"58":{"start":{"line":111,"column":0},"end":{"line":111,"column":48}},"59":{"start":{"line":112,"column":0},"end":{"line":112,"column":48}},"60":{"start":{"line":113,"column":0},"end":{"line":113,"column":46}},"61":{"start":{"line":114,"column":0},"end":{"line":114,"column":44}},"62":{"start":{"line":115,"column":0},"end":{"line":115,"column":49}},"63":{"start":{"line":116,"column":0},"end":{"line":116,"column":46}},"64":{"start":{"line":117,"column":0},"end":{"line":117,"column":50}},"65":{"start":{"line":118,"column":0},"end":{"line":118,"column":44}},"66":{"start":{"line":119,"column":0},"end":{"line":119,"column":47}},"67":{"start":{"line":120,"column":0},"end":{"line":120,"column":50}},"68":{"start":{"line":121,"column":0},"end":{"line":121,"column":43}},"69":{"start":{"line":122,"column":0},"end":{"line":122,"column":40}},"70":{"start":{"line":123,"column":0},"end":{"line":123,"column":44}},"71":{"start":{"line":124,"column":0},"end":{"line":124,"column":44}},"72":{"start":{"line":125,"column":0},"end":{"line":125,"column":40}},"73":{"start":{"line":126,"column":0},"end":{"line":126,"column":41}},"74":{"start":{"line":127,"column":0},"end":{"line":127,"column":43}},"75":{"start":{"line":130,"column":0},"end":{"line":132,"column":3}},"76":{"start":{"line":131,"column":2},"end":{"line":131,"column":84}},"77":{"start":{"line":135,"column":0},"end":{"line":142,"column":3}},"78":{"start":{"line":136,"column":2},"end":{"line":141,"column":5}},"79":{"start":{"line":145,"column":0},"end":{"line":145,"column":25}},"80":{"start":{"line":146,"column":0},"end":{"line":146,"column":22}},"81":{"start":{"line":150,"column":2},"end":{"line":169,"column":3}},"82":{"start":{"line":152,"column":4},"end":{"line":152,"column":28}},"83":{"start":{"line":155,"column":4},"end":{"line":155,"column":31}},"84":{"start":{"line":156,"column":4},"end":{"line":156,"column":49}},"85":{"start":{"line":159,"column":17},"end":{"line":159,"column":36}},"86":{"start":{"line":160,"column":4},"end":{"line":165,"column":7}},"87":{"start":{"line":161,"column":6},"end":{"line":161,"column":87}},"88":{"start":{"line":162,"column":6},"end":{"line":162,"column":73}},"89":{"start":{"line":163,"column":6},"end":{"line":163,"column":78}},"90":{"start":{"line":164,"column":6},"end":{"line":164,"column":52}},"91":{"start":{"line":167,"column":4},"end":{"line":167,"column":59}},"92":{"start":{"line":168,"column":4},"end":{"line":168,"column":20}},"93":{"start":{"line":173,"column":0},"end":{"line":176,"column":3}},"94":{"start":{"line":174,"column":2},"end":{"line":174,"column":61}},"95":{"start":{"line":175,"column":2},"end":{"line":175,"column":18}},"96":{"start":{"line":178,"column":0},"end":{"line":180,"column":3}},"97":{"start":{"line":179,"column":2},"end":{"line":179,"column":57}},"98":{"start":{"line":182,"column":0},"end":{"line":184,"column":1}},"99":{"start":{"line":183,"column":2},"end":{"line":183,"column":14}},"100":{"start":{"line":186,"column":0},"end":{"line":186,"column":21}}},"fnMap":{"0":{"name":"(anonymous_0)","decl":{"start":{"line":84,"column":21},"end":{"line":84,"column":22}},"loc":{"start":{"line":84,"column":30},"end":{"line":84,"column":53}},"line":84},"1":{"name":"(anonymous_1)","decl":{"start":{"line":85,"column":10},"end":{"line":85,"column":11}},"loc":{"start":{"line":85,"column":19},"end":{"line":85,"column":53}},"line":85},"2":{"name":"(anonymous_2)","decl":{"start":{"line":90,"column":71},"end":{"line":90,"column":72}},"loc":{"start":{"line":90,"column":80},"end":{"line":96,"column":1}},"line":90},"3":{"name":"(anonymous_3)","decl":{"start":{"line":106,"column":28},"end":{"line":106,"column":29}},"loc":{"start":{"line":106,"column":42},"end":{"line":106,"column":63}},"line":106},"4":{"name":"(anonymous_4)","decl":{"start":{"line":130,"column":32},"end":{"line":130,"column":33}},"loc":{"start":{"line":130,"column":46},"end":{"line":132,"column":1}},"line":130},"5":{"name":"(anonymous_5)","decl":{"start":{"line":135,"column":13},"end":{"line":135,"column":14}},"loc":{"start":{"line":135,"column":27},"end":{"line":142,"column":1}},"line":135},"6":{"name":"bootstrap","decl":{"start":{"line":149,"column":15},"end":{"line":149,"column":24}},"loc":{"start":{"line":149,"column":27},"end":{"line":170,"column":1}},"line":149},"7":{"name":"(anonymous_7)","decl":{"start":{"line":160,"column":21},"end":{"line":160,"column":22}},"loc":{"start":{"line":160,"column":27},"end":{"line":165,"column":5}},"line":160},"8":{"name":"(anonymous_8)","decl":{"start":{"line":173,"column":22},"end":{"line":173,"column":23}},"loc":{"start":{"line":173,"column":28},"end":{"line":176,"column":1}},"line":173},"9":{"name":"(anonymous_9)","decl":{"start":{"line":178,"column":33},"end":{"line":178,"column":34}},"loc":{"start":{"line":178,"column":45},"end":{"line":180,"column":1}},"line":178}},"branchMap":{"0":{"loc":{"start":{"line":82,"column":0},"end":{"line":87,"column":1}},"type":"if","locations":[{"start":{"line":82,"column":0},"end":{"line":87,"column":1}},{"start":{},"end":{}}],"line":82},"1":{"loc":{"start":{"line":92,"column":2},"end":{"line":95,"column":3}},"type":"if","locations":[{"start":{"line":92,"column":2},"end":{"line":95,"column":3}},{"start":{},"end":{}}],"line":92},"2":{"loc":{"start":{"line":159,"column":17},"end":{"line":159,"column":36}},"type":"binary-expr","locations":[{"start":{"line":159,"column":17},"end":{"line":159,"column":28}},{"start":{"line":159,"column":32},"end":{"line":159,"column":36}}],"line":159},"3":{"loc":{"start":{"line":182,"column":0},"end":{"line":184,"column":1}},"type":"if","locations":[{"start":{"line":182,"column":0},"end":{"line":184,"column":1}},{"start":{},"end":{}}],"line":182}},"s":{"0":1,"1":1,"2":1,"3":1,"4":1,"5":1,"6":1,"7":1,"8":1,"9":1,"10":1,"11":1,"12":1,"13":1,"14":1,"15":1,"16":1,"17":1,"18":1,"19":1,"20":1,"21":1,"22":1,"23":1,"24":1,"25":1,"26":1,"27":1,"28":1,"29":1,"30":1,"31":1,"32":1,"33":1,"34":1,"35":1,"36":1,"37":1,"38":1,"39":1,"40":1,"41":1,"42":1,"43":1,"44":0,"45":0,"46":0,"47":1,"48":3,"49":3,"50":0,"51":0,"52":1,"53":1,"54":1,"55":0,"56":1,"57":1,"58":1,"59":1,"60":1,"61":1,"62":1,"63":1,"64":1,"65":1,"66":1,"67":1,"68":1,"69":1,"70":1,"71":1,"72":1,"73":1,"74":1,"75":1,"76":1,"77":1,"78":0,"79":1,"80":1,"81":0,"82":0,"83":0,"84":0,"85":0,"86":0,"87":0,"88":0,"89":0,"90":0,"91":0,"92":0,"93":1,"94":0,"95":0,"96":1,"97":0,"98":1,"99":0,"100":1},"f":{"0":0,"1":0,"2":3,"3":0,"4":1,"5":0,"6":0,"7":0,"8":0,"9":0},"b":{"0":[0,1],"1":[0,3],"2":[0,0],"3":[0,1]},"_coverageSchema":"1a1c01bbd47fc00a2c39e90264f33305004495a9","hash":"d58780be93a7cab4eb8651fbed3c5a42dccfa82e"}
,"C:\\Users\\debas\\Desktop\\Asset Management System\\Asset-Management-System\\backend-node\\src\\config\\database.js": {"path":"C:\\Users\\debas\\Desktop\\Asset Management System\\Asset-Management-System\\backend-node\\src\\config\\database.js","statementMap":{"0":{"start":{"line":1,"column":22},"end":{"line":1,"column":42}},"1":{"start":{"line":2,"column":14},"end":{"line":2,"column":39}},"2":{"start":{"line":3,"column":15},"end":{"line":3,"column":34}},"3":{"start":{"line":4,"column":15},"end":{"line":4,"column":31}},"4":{"start":{"line":5,"column":15},"end":{"line":5,"column":41}},"5":{"start":{"line":7,"column":18},"end":{"line":33,"column":1}},"6":{"start":{"line":17,"column":17},"end":{"line":17,"column":34}},"7":{"start":{"line":39,"column":2},"end":{"line":57,"column":3}},"8":{"start":{"line":40,"column":4},"end":{"line":40,"column":33}},"9":{"start":{"line":41,"column":4},"end":{"line":41,"column":35}},"10":{"start":{"line":42,"column":4},"end":{"line":42,"column":95}},"11":{"start":{"line":44,"column":19},"end":{"line":44,"column":39}},"12":{"start":{"line":45,"column":4},"end":{"line":45,"column":27}},"13":{"start":{"line":46,"column":4},"end":{"line":46,"column":50}},"14":{"start":{"line":48,"column":4},"end":{"line":48,"column":38}},"15":{"start":{"line":50,"column":35},"end":{"line":50,"column":54}},"16":{"start":{"line":51,"column":4},"end":{"line":51,"column":31}},"17":{"start":{"line":53,"column":4},"end":{"line":53,"column":21}},"18":{"start":{"line":55,"column":4},"end":{"line":55,"column":67}},"19":{"start":{"line":56,"column":4},"end":{"line":56,"column":20}},"20":{"start":{"line":61,"column":21},"end":{"line":66,"column":4}},"21":{"start":{"line":68,"column":23},"end":{"line":68,"column":57}},"22":{"start":{"line":69,"column":2},"end":{"line":69,"column":127}},"23":{"start":{"line":70,"column":2},"end":{"line":70,"column":25}},"24":{"start":{"line":74,"column":25},"end":{"line":74,"column":31}},"25":{"start":{"line":76,"column":26},"end":{"line":80,"column":3}},"26":{"start":{"line":82,"column":16},"end":{"line":82,"column":18}},"27":{"start":{"line":83,"column":2},"end":{"line":86,"column":3}},"28":{"start":{"line":84,"column":19},"end":{"line":84,"column":103}},"29":{"start":{"line":85,"column":4},"end":{"line":85,"column":27}},"30":{"start":{"line":88,"column":20},"end":{"line":103,"column":3}},"31":{"start":{"line":105,"column":2},"end":{"line":132,"column":3}},"32":{"start":{"line":106,"column":28},"end":{"line":116,"column":6}},"33":{"start":{"line":118,"column":4},"end":{"line":127,"column":5}},"34":{"start":{"line":119,"column":29},"end":{"line":119,"column":69}},"35":{"start":{"line":120,"column":6},"end":{"line":126,"column":9}},"36":{"start":{"line":129,"column":4},"end":{"line":131,"column":5}},"37":{"start":{"line":130,"column":6},"end":{"line":130,"column":42}},"38":{"start":{"line":134,"column":2},"end":{"line":134,"column":86}},"39":{"start":{"line":137,"column":0},"end":{"line":137,"column":48}}},"fnMap":{"0":{"name":"(anonymous_0)","decl":{"start":{"line":17,"column":8},"end":{"line":17,"column":9}},"loc":{"start":{"line":17,"column":17},"end":{"line":17,"column":34}},"line":17},"1":{"name":"connectDatabase","decl":{"start":{"line":38,"column":15},"end":{"line":38,"column":30}},"loc":{"start":{"line":38,"column":33},"end":{"line":58,"column":1}},"line":38},"2":{"name":"ensureDatabaseExists","decl":{"start":{"line":60,"column":15},"end":{"line":60,"column":35}},"loc":{"start":{"line":60,"column":38},"end":{"line":71,"column":1}},"line":60},"3":{"name":"seedDefaultAuthData","decl":{"start":{"line":73,"column":15},"end":{"line":73,"column":34}},"loc":{"start":{"line":73,"column":43},"end":{"line":135,"column":1}},"line":73}},"branchMap":{"0":{"loc":{"start":{"line":16,"column":13},"end":{"line":18,"column":13}},"type":"cond-expr","locations":[{"start":{"line":17,"column":8},"end":{"line":17,"column":34}},{"start":{"line":18,"column":8},"end":{"line":18,"column":13}}],"line":16},"1":{"loc":{"start":{"line":118,"column":4},"end":{"line":127,"column":5}},"type":"if","locations":[{"start":{"line":118,"column":4},"end":{"line":127,"column":5}},{"start":{},"end":{}}],"line":118}},"s":{"0":1,"1":1,"2":1,"3":1,"4":1,"5":1,"6":0,"7":0,"8":0,"9":0,"10":0,"11":0,"12":0,"13":0,"14":0,"15":0,"16":0,"17":0,"18":0,"19":0,"20":0,"21":0,"22":0,"23":0,"24":0,"25":0,"26":0,"27":0,"28":0,"29":0,"30":0,"31":0,"32":0,"33":0,"34":0,"35":0,"36":0,"37":0,"38":0,"39":1},"f":{"0":0,"1":0,"2":0,"3":0},"b":{"0":[0,1],"1":[0,0]},"_coverageSchema":"1a1c01bbd47fc00a2c39e90264f33305004495a9","hash":"f84017d488773ae57ff22f46a2c7b1a74b0def59"}
,"C:\\Users\\debas\\Desktop\\Asset Management System\\Asset-Management-System\\backend-node\\src\\config\\env.js": {"path":"C:\\Users\\debas\\Desktop\\Asset Management System\\Asset-Management-System\\backend-node\\src\\config\\env.js","statementMap":{"0":{"start":{"line":5,"column":0},"end":{"line":5,"column":27}},"1":{"start":{"line":8,"column":2},"end":{"line":12,"column":3}},"2":{"start":{"line":9,"column":4},"end":{"line":11,"column":5}},"3":{"start":{"line":10,"column":6},"end":{"line":10,"column":19}},"4":{"start":{"line":14,"column":2},"end":{"line":14,"column":19}},"5":{"start":{"line":17,"column":20},"end":{"line":23,"column":1}},"6":{"start":{"line":25,"column":0},"end":{"line":97,"column":2}}},"fnMap":{"0":{"name":"firstDefined","decl":{"start":{"line":7,"column":9},"end":{"line":7,"column":21}},"loc":{"start":{"line":7,"column":33},"end":{"line":15,"column":1}},"line":7}},"branchMap":{"0":{"loc":{"start":{"line":9,"column":4},"end":{"line":11,"column":5}},"type":"if","locations":[{"start":{"line":9,"column":4},"end":{"line":11,"column":5}},{"start":{},"end":{}}],"line":9},"1":{"loc":{"start":{"line":9,"column":8},"end":{"line":9,"column":61}},"type":"binary-expr","locations":[{"start":{"line":9,"column":8},"end":{"line":9,"column":27}},{"start":{"line":9,"column":31},"end":{"line":9,"column":45}},{"start":{"line":9,"column":49},"end":{"line":9,"column":61}}],"line":9},"2":{"loc":{"start":{"line":18,"column":2},"end":{"line":22,"column":31}},"type":"binary-expr","locations":[{"start":{"line":18,"column":2},"end":{"line":18,"column":24}},{"start":{"line":19,"column":5},"end":{"line":19,"column":27}},{"start":{"line":20,"column":5},"end":{"line":20,"column":31}},{"start":{"line":21,"column":5},"end":{"line":21,"column":27}},{"start":{"line":22,"column":5},"end":{"line":22,"column":31}}],"line":18},"3":{"loc":{"start":{"line":27,"column":12},"end":{"line":27,"column":49}},"type":"binary-expr","locations":[{"start":{"line":27,"column":12},"end":{"line":27,"column":32}},{"start":{"line":27,"column":36},"end":{"line":27,"column":49}}],"line":27},"4":{"loc":{"start":{"line":28,"column":17},"end":{"line":28,"column":50}},"type":"binary-expr","locations":[{"start":{"line":28,"column":17},"end":{"line":28,"column":40}},{"start":{"line":28,"column":44},"end":{"line":28,"column":50}}],"line":28},"5":{"loc":{"start":{"line":32,"column":10},"end":{"line":32,"column":105}},"type":"binary-expr","locations":[{"start":{"line":32,"column":10},"end":{"line":32,"column":32}},{"start":{"line":32,"column":37},"end":{"line":32,"column":104}}],"line":32},"6":{"loc":{"start":{"line":32,"column":37},"end":{"line":32,"column":104}},"type":"cond-expr","locations":[{"start":{"line":32,"column":51},"end":{"line":32,"column":55}},{"start":{"line":32,"column":58},"end":{"line":32,"column":104}}],"line":32},"7":{"loc":{"start":{"line":33,"column":19},"end":{"line":33,"column":86}},"type":"binary-expr","locations":[{"start":{"line":33,"column":19},"end":{"line":33,"column":76}},{"start":{"line":33,"column":80},"end":{"line":33,"column":86}}],"line":33},"8":{"loc":{"start":{"line":34,"column":10},"end":{"line":36,"column":96}},"type":"cond-expr","locations":[{"start":{"line":35,"column":9},"end":{"line":35,"column":95}},{"start":{"line":36,"column":9},"end":{"line":36,"column":95}}],"line":34},"9":{"loc":{"start":{"line":35,"column":9},"end":{"line":35,"column":95}},"type":"binary-expr","locations":[{"start":{"line":35,"column":9},"end":{"line":35,"column":70}},{"start":{"line":35,"column":74},"end":{"line":35,"column":95}}],"line":35},"10":{"loc":{"start":{"line":36,"column":9},"end":{"line":36,"column":95}},"type":"binary-expr","locations":[{"start":{"line":36,"column":9},"end":{"line":36,"column":70}},{"start":{"line":36,"column":74},"end":{"line":36,"column":95}}],"line":36},"11":{"loc":{"start":{"line":37,"column":14},"end":{"line":39,"column":102}},"type":"cond-expr","locations":[{"start":{"line":38,"column":9},"end":{"line":38,"column":101}},{"start":{"line":39,"column":9},"end":{"line":39,"column":101}}],"line":37},"12":{"loc":{"start":{"line":38,"column":9},"end":{"line":38,"column":101}},"type":"binary-expr","locations":[{"start":{"line":38,"column":9},"end":{"line":38,"column":91}},{"start":{"line":38,"column":95},"end":{"line":38,"column":101}}],"line":38},"13":{"loc":{"start":{"line":39,"column":9},"end":{"line":39,"column":101}},"type":"binary-expr","locations":[{"start":{"line":39,"column":9},"end":{"line":39,"column":91}},{"start":{"line":39,"column":95},"end":{"line":39,"column":101}}],"line":39},"14":{"loc":{"start":{"line":40,"column":14},"end":{"line":42,"column":73}},"type":"cond-expr","locations":[{"start":{"line":41,"column":9},"end":{"line":41,"column":72}},{"start":{"line":42,"column":9},"end":{"line":42,"column":72}}],"line":40},"15":{"loc":{"start":{"line":41,"column":9},"end":{"line":41,"column":72}},"type":"binary-expr","locations":[{"start":{"line":41,"column":9},"end":{"line":41,"column":35}},{"start":{"line":41,"column":39},"end":{"line":41,"column":62}},{"start":{"line":41,"column":66},"end":{"line":41,"column":72}}],"line":41},"16":{"loc":{"start":{"line":42,"column":9},"end":{"line":42,"column":72}},"type":"binary-expr","locations":[{"start":{"line":42,"column":9},"end":{"line":42,"column":32}},{"start":{"line":42,"column":36},"end":{"line":42,"column":62}},{"start":{"line":42,"column":66},"end":{"line":42,"column":72}}],"line":42},"17":{"loc":{"start":{"line":44,"column":20},"end":{"line":44,"column":51}},"type":"binary-expr","locations":[{"start":{"line":44,"column":20},"end":{"line":44,"column":43}},{"start":{"line":44,"column":47},"end":{"line":44,"column":51}}],"line":44},"18":{"loc":{"start":{"line":45,"column":20},"end":{"line":45,"column":50}},"type":"binary-expr","locations":[{"start":{"line":45,"column":20},"end":{"line":45,"column":43}},{"start":{"line":45,"column":47},"end":{"line":45,"column":50}}],"line":45},"19":{"loc":{"start":{"line":53,"column":12},"end":{"line":53,"column":104}},"type":"binary-expr","locations":[{"start":{"line":53,"column":12},"end":{"line":53,"column":34}},{"start":{"line":53,"column":38},"end":{"line":53,"column":104}}],"line":53},"20":{"loc":{"start":{"line":54,"column":27},"end":{"line":54,"column":70}},"type":"binary-expr","locations":[{"start":{"line":54,"column":27},"end":{"line":54,"column":56}},{"start":{"line":54,"column":60},"end":{"line":54,"column":70}}],"line":54},"21":{"loc":{"start":{"line":55,"column":28},"end":{"line":55,"column":73}},"type":"binary-expr","locations":[{"start":{"line":55,"column":28},"end":{"line":55,"column":58}},{"start":{"line":55,"column":62},"end":{"line":55,"column":73}}],"line":55},"22":{"loc":{"start":{"line":60,"column":9},"end":{"line":60,"column":105}},"type":"binary-expr","locations":[{"start":{"line":60,"column":9},"end":{"line":60,"column":35}},{"start":{"line":60,"column":39},"end":{"line":60,"column":105}}],"line":60},"23":{"loc":{"start":{"line":67,"column":13},"end":{"line":67,"column":64}},"type":"binary-expr","locations":[{"start":{"line":67,"column":13},"end":{"line":67,"column":37}},{"start":{"line":67,"column":41},"end":{"line":67,"column":64}}],"line":67},"24":{"loc":{"start":{"line":68,"column":17},"end":{"line":68,"column":68}},"type":"binary-expr","locations":[{"start":{"line":68,"column":17},"end":{"line":68,"column":41}},{"start":{"line":68,"column":45},"end":{"line":68,"column":68}}],"line":68},"25":{"loc":{"start":{"line":69,"column":15},"end":{"line":69,"column":52}},"type":"binary-expr","locations":[{"start":{"line":69,"column":15},"end":{"line":69,"column":37}},{"start":{"line":69,"column":41},"end":{"line":69,"column":52}}],"line":69},"26":{"loc":{"start":{"line":70,"column":11},"end":{"line":70,"column":47}},"type":"binary-expr","locations":[{"start":{"line":70,"column":11},"end":{"line":70,"column":29}},{"start":{"line":70,"column":33},"end":{"line":70,"column":47}}],"line":70},"27":{"loc":{"start":{"line":71,"column":15},"end":{"line":71,"column":60}},"type":"binary-expr","locations":[{"start":{"line":71,"column":15},"end":{"line":71,"column":37}},{"start":{"line":71,"column":41},"end":{"line":71,"column":60}}],"line":71},"28":{"loc":{"start":{"line":76,"column":10},"end":{"line":76,"column":51}},"type":"binary-expr","locations":[{"start":{"line":76,"column":10},"end":{"line":76,"column":31}},{"start":{"line":76,"column":35},"end":{"line":76,"column":51}}],"line":76},"29":{"loc":{"start":{"line":77,"column":19},"end":{"line":77,"column":49}},"type":"binary-expr","locations":[{"start":{"line":77,"column":19},"end":{"line":77,"column":40}},{"start":{"line":77,"column":44},"end":{"line":77,"column":49}}],"line":77},"30":{"loc":{"start":{"line":78,"column":14},"end":{"line":78,"column":45}},"type":"binary-expr","locations":[{"start":{"line":78,"column":14},"end":{"line":78,"column":39}},{"start":{"line":78,"column":43},"end":{"line":78,"column":45}}],"line":78},"31":{"loc":{"start":{"line":79,"column":14},"end":{"line":79,"column":45}},"type":"binary-expr","locations":[{"start":{"line":79,"column":14},"end":{"line":79,"column":39}},{"start":{"line":79,"column":43},"end":{"line":79,"column":45}}],"line":79},"32":{"loc":{"start":{"line":80,"column":14},"end":{"line":80,"column":69}},"type":"binary-expr","locations":[{"start":{"line":80,"column":14},"end":{"line":80,"column":40}},{"start":{"line":80,"column":44},"end":{"line":80,"column":69}}],"line":80},"33":{"loc":{"start":{"line":81,"column":17},"end":{"line":81,"column":71}},"type":"binary-expr","locations":[{"start":{"line":81,"column":17},"end":{"line":81,"column":46}},{"start":{"line":81,"column":50},"end":{"line":81,"column":71}}],"line":81},"34":{"loc":{"start":{"line":86,"column":12},"end":{"line":86,"column":44}},"type":"binary-expr","locations":[{"start":{"line":86,"column":12},"end":{"line":86,"column":38}},{"start":{"line":86,"column":42},"end":{"line":86,"column":44}}],"line":86},"35":{"loc":{"start":{"line":87,"column":11},"end":{"line":87,"column":57}},"type":"binary-expr","locations":[{"start":{"line":87,"column":11},"end":{"line":87,"column":35}},{"start":{"line":87,"column":39},"end":{"line":87,"column":57}}],"line":87},"36":{"loc":{"start":{"line":88,"column":13},"end":{"line":88,"column":94}},"type":"binary-expr","locations":[{"start":{"line":88,"column":13},"end":{"line":88,"column":40}},{"start":{"line":88,"column":44},"end":{"line":88,"column":94}}],"line":88},"37":{"loc":{"start":{"line":93,"column":26},"end":{"line":93,"column":57}},"type":"binary-expr","locations":[{"start":{"line":93,"column":26},"end":{"line":93,"column":50}},{"start":{"line":93,"column":54},"end":{"line":93,"column":57}}],"line":93},"38":{"loc":{"start":{"line":94,"column":26},"end":{"line":94,"column":63}},"type":"binary-expr","locations":[{"start":{"line":94,"column":26},"end":{"line":94,"column":55}},{"start":{"line":94,"column":59},"end":{"line":94,"column":63}}],"line":94},"39":{"loc":{"start":{"line":95,"column":22},"end":{"line":95,"column":56}},"type":"binary-expr","locations":[{"start":{"line":95,"column":22},"end":{"line":95,"column":47}},{"start":{"line":95,"column":51},"end":{"line":95,"column":56}}],"line":95}},"s":{"0":2,"1":6,"2":6,"3":6,"4":0,"5":2,"6":2},"f":{"0":6},"b":{"0":[6,0],"1":[6,6,6],"2":[2,0,0,0,0],"3":[2,0],"4":[2,0],"5":[2,0],"6":[0,0],"7":[2,0],"8":[2,0],"9":[2,0],"10":[0,0],"11":[2,0],"12":[2,0],"13":[0,0],"14":[2,0],"15":[2,0,0],"16":[0,0,0],"17":[2,2],"18":[2,2],"19":[2,0],"20":[2,2],"21":[2,2],"22":[2,0],"23":[2,2],"24":[2,2],"25":[2,2],"26":[2,2],"27":[2,2],"28":[2,2],"29":[2,2],"30":[2,2],"31":[2,2],"32":[2,2],"33":[2,2],"34":[2,2],"35":[2,2],"36":[2,2],"37":[2,2],"38":[2,2],"39":[2,2]},"_coverageSchema":"1a1c01bbd47fc00a2c39e90264f33305004495a9","hash":"2d72766629086a8a25446b64897a099596ba4998"}
,"C:\\Users\\debas\\Desktop\\Asset Management System\\Asset-Management-System\\backend-node\\src\\config\\mailer.js": {"path":"C:\\Users\\debas\\Desktop\\Asset Management System\\Asset-Management-System\\backend-node\\src\\config\\mailer.js","statementMap":{"0":{"start":{"line":1,"column":19},"end":{"line":1,"column":40}},"1":{"start":{"line":2,"column":15},"end":{"line":2,"column":31}},"2":{"start":{"line":4,"column":20},"end":{"line":18,"column":2}},"3":{"start":{"line":20,"column":0},"end":{"line":20,"column":33}}},"fnMap":{},"branchMap":{},"s":{"0":1,"1":1,"2":1,"3":1},"f":{},"b":{},"_coverageSchema":"1a1c01bbd47fc00a2c39e90264f33305004495a9","hash":"f2a0d25f03863932ec4abfb271550b9174beadf3"}
,"C:\\Users\\debas\\Desktop\\Asset Management System\\Asset-Management-System\\backend-node\\src\\config\\swagger.js": {"path":"C:\\Users\\debas\\Desktop\\Asset Management System\\Asset-Management-System\\backend-node\\src\\config\\swagger.js","statementMap":{"0":{"start":{"line":1,"column":21},"end":{"line":1,"column":45}},"1":{"start":{"line":2,"column":18},"end":{"line":2,"column":47}},"2":{"start":{"line":3,"column":15},"end":{"line":3,"column":31}},"3":{"start":{"line":5,"column":16},"end":{"line":28,"column":1}},"4":{"start":{"line":30,"column":20},"end":{"line":30,"column":41}},"5":{"start":{"line":32,"column":0},"end":{"line":32,"column":44}}},"fnMap":{},"branchMap":{},"s":{"0":1,"1":1,"2":1,"3":1,"4":1,"5":1},"f":{},"b":{},"_coverageSchema":"1a1c01bbd47fc00a2c39e90264f33305004495a9","hash":"b694ee96225755436096a6240b2acf656a008f68"}
,"C:\\Users\\debas\\Desktop\\Asset Management System\\Asset-Management-System\\backend-node\\src\\middleware\\auth.js": {"path":"C:\\Users\\debas\\Desktop\\Asset Management System\\Asset-Management-System\\backend-node\\src\\middleware\\auth.js","statementMap":{"0":{"start":{"line":1,"column":24},"end":{"line":1,"column":52}},"1":{"start":{"line":2,"column":24},"end":{"line":2,"column":55}},"2":{"start":{"line":3,"column":23},"end":{"line":3,"column":43}},"3":{"start":{"line":4,"column":15},"end":{"line":4,"column":41}},"4":{"start":{"line":11,"column":2},"end":{"line":53,"column":3}},"5":{"start":{"line":12,"column":23},"end":{"line":12,"column":48}},"6":{"start":{"line":13,"column":4},"end":{"line":15,"column":5}},"7":{"start":{"line":14,"column":6},"end":{"line":14,"column":94}},"8":{"start":{"line":17,"column":18},"end":{"line":17,"column":41}},"9":{"start":{"line":18,"column":20},"end":{"line":18,"column":38}},"10":{"start":{"line":21,"column":17},"end":{"line":23,"column":6}},"11":{"start":{"line":25,"column":4},"end":{"line":27,"column":5}},"12":{"start":{"line":26,"column":6},"end":{"line":26,"column":76}},"13":{"start":{"line":29,"column":4},"end":{"line":31,"column":5}},"14":{"start":{"line":30,"column":6},"end":{"line":30,"column":108}},"15":{"start":{"line":34,"column":4},"end":{"line":41,"column":6}},"16":{"start":{"line":39,"column":46},"end":{"line":39,"column":52}},"17":{"start":{"line":43,"column":4},"end":{"line":43,"column":11}},"18":{"start":{"line":45,"column":4},"end":{"line":47,"column":5}},"19":{"start":{"line":46,"column":6},"end":{"line":46,"column":100}},"20":{"start":{"line":48,"column":4},"end":{"line":50,"column":5}},"21":{"start":{"line":49,"column":6},"end":{"line":49,"column":90}},"22":{"start":{"line":51,"column":4},"end":{"line":51,"column":48}},"23":{"start":{"line":52,"column":4},"end":{"line":52,"column":80}},"24":{"start":{"line":60,"column":21},"end":{"line":60,"column":46}},"25":{"start":{"line":61,"column":2},"end":{"line":63,"column":3}},"26":{"start":{"line":62,"column":4},"end":{"line":62,"column":18}},"27":{"start":{"line":64,"column":2},"end":{"line":64,"column":38}},"28":{"start":{"line":67,"column":0},"end":{"line":67,"column":48}}},"fnMap":{"0":{"name":"authenticate","decl":{"start":{"line":10,"column":15},"end":{"line":10,"column":27}},"loc":{"start":{"line":10,"column":44},"end":{"line":54,"column":1}},"line":10},"1":{"name":"(anonymous_1)","decl":{"start":{"line":39,"column":41},"end":{"line":39,"column":42}},"loc":{"start":{"line":39,"column":46},"end":{"line":39,"column":52}},"line":39},"2":{"name":"optionalAuth","decl":{"start":{"line":59,"column":15},"end":{"line":59,"column":27}},"loc":{"start":{"line":59,"column":44},"end":{"line":65,"column":1}},"line":59}},"branchMap":{"0":{"loc":{"start":{"line":13,"column":4},"end":{"line":15,"column":5}},"type":"if","locations":[{"start":{"line":13,"column":4},"end":{"line":15,"column":5}},{"start":{},"end":{}}],"line":13},"1":{"loc":{"start":{"line":13,"column":8},"end":{"line":13,"column":56}},"type":"binary-expr","locations":[{"start":{"line":13,"column":8},"end":{"line":13,"column":19}},{"start":{"line":13,"column":23},"end":{"line":13,"column":56}}],"line":13},"2":{"loc":{"start":{"line":25,"column":4},"end":{"line":27,"column":5}},"type":"if","locations":[{"start":{"line":25,"column":4},"end":{"line":27,"column":5}},{"start":{},"end":{}}],"line":25},"3":{"loc":{"start":{"line":29,"column":4},"end":{"line":31,"column":5}},"type":"if","locations":[{"start":{"line":29,"column":4},"end":{"line":31,"column":5}},{"start":{},"end":{}}],"line":29},"4":{"loc":{"start":{"line":39,"column":13},"end":{"line":39,"column":75}},"type":"cond-expr","locations":[{"start":{"line":39,"column":26},"end":{"line":39,"column":53}},{"start":{"line":39,"column":56},"end":{"line":39,"column":75}}],"line":39},"5":{"loc":{"start":{"line":39,"column":56},"end":{"line":39,"column":75}},"type":"binary-expr","locations":[{"start":{"line":39,"column":56},"end":{"line":39,"column":69}},{"start":{"line":39,"column":73},"end":{"line":39,"column":75}}],"line":39},"6":{"loc":{"start":{"line":45,"column":4},"end":{"line":47,"column":5}},"type":"if","locations":[{"start":{"line":45,"column":4},"end":{"line":47,"column":5}},{"start":{},"end":{}}],"line":45},"7":{"loc":{"start":{"line":48,"column":4},"end":{"line":50,"column":5}},"type":"if","locations":[{"start":{"line":48,"column":4},"end":{"line":50,"column":5}},{"start":{},"end":{}}],"line":48},"8":{"loc":{"start":{"line":61,"column":2},"end":{"line":63,"column":3}},"type":"if","locations":[{"start":{"line":61,"column":2},"end":{"line":63,"column":3}},{"start":{},"end":{}}],"line":61},"9":{"loc":{"start":{"line":61,"column":6},"end":{"line":61,"column":54}},"type":"binary-expr","locations":[{"start":{"line":61,"column":6},"end":{"line":61,"column":17}},{"start":{"line":61,"column":21},"end":{"line":61,"column":54}}],"line":61}},"s":{"0":1,"1":1,"2":1,"3":1,"4":0,"5":0,"6":0,"7":0,"8":0,"9":0,"10":0,"11":0,"12":0,"13":0,"14":0,"15":0,"16":0,"17":0,"18":0,"19":0,"20":0,"21":0,"22":0,"23":0,"24":0,"25":0,"26":0,"27":0,"28":1},"f":{"0":0,"1":0,"2":0},"b":{"0":[0,0],"1":[0,0],"2":[0,0],"3":[0,0],"4":[0,0],"5":[0,0],"6":[0,0],"7":[0,0],"8":[0,0],"9":[0,0]},"_coverageSchema":"1a1c01bbd47fc00a2c39e90264f33305004495a9","hash":"cb031495bb89747f766454d3185227b6bdf58661"}
,"C:\\Users\\debas\\Desktop\\Asset Management System\\Asset-Management-System\\backend-node\\src\\middleware\\errorHandler.js": {"path":"C:\\Users\\debas\\Desktop\\Asset Management System\\Asset-Management-System\\backend-node\\src\\middleware\\errorHandler.js","statementMap":{"0":{"start":{"line":1,"column":24},"end":{"line":1,"column":55}},"1":{"start":{"line":2,"column":15},"end":{"line":2,"column":41}},"2":{"start":{"line":9,"column":4},"end":{"line":9,"column":19}},"3":{"start":{"line":10,"column":4},"end":{"line":10,"column":33}},"4":{"start":{"line":11,"column":4},"end":{"line":11,"column":38}},"5":{"start":{"line":12,"column":4},"end":{"line":12,"column":52}},"6":{"start":{"line":18,"column":4},"end":{"line":18,"column":64}},"7":{"start":{"line":19,"column":4},"end":{"line":19,"column":29}},"8":{"start":{"line":25,"column":4},"end":{"line":25,"column":24}},"9":{"start":{"line":31,"column":4},"end":{"line":31,"column":24}},"10":{"start":{"line":37,"column":4},"end":{"line":37,"column":24}},"11":{"start":{"line":43,"column":4},"end":{"line":43,"column":24}},"12":{"start":{"line":53,"column":2},"end":{"line":57,"column":3}},"13":{"start":{"line":54,"column":19},"end":{"line":54,"column":99}},"14":{"start":{"line":54,"column":53},"end":{"line":54,"column":90}},"15":{"start":{"line":55,"column":4},"end":{"line":55,"column":52}},"16":{"start":{"line":56,"column":4},"end":{"line":56,"column":85}},"17":{"start":{"line":60,"column":2},"end":{"line":63,"column":3}},"18":{"start":{"line":61,"column":4},"end":{"line":61,"column":55}},"19":{"start":{"line":62,"column":4},"end":{"line":62,"column":94}},"20":{"start":{"line":66,"column":2},"end":{"line":69,"column":3}},"21":{"start":{"line":67,"column":4},"end":{"line":67,"column":47}},"22":{"start":{"line":68,"column":4},"end":{"line":68,"column":91}},"23":{"start":{"line":72,"column":2},"end":{"line":74,"column":3}},"24":{"start":{"line":73,"column":4},"end":{"line":73,"column":73}},"25":{"start":{"line":75,"column":2},"end":{"line":77,"column":3}},"26":{"start":{"line":76,"column":4},"end":{"line":76,"column":73}},"27":{"start":{"line":80,"column":2},"end":{"line":82,"column":3}},"28":{"start":{"line":81,"column":4},"end":{"line":81,"column":96}},"29":{"start":{"line":85,"column":2},"end":{"line":85,"column":72}},"30":{"start":{"line":86,"column":2},"end":{"line":86,"column":79}},"31":{"start":{"line":93,"column":2},"end":{"line":93,"column":99}},"32":{"start":{"line":96,"column":0},"end":{"line":105,"column":2}}},"fnMap":{"0":{"name":"(anonymous_0)","decl":{"start":{"line":8,"column":2},"end":{"line":8,"column":3}},"loc":{"start":{"line":8,"column":41},"end":{"line":13,"column":3}},"line":8},"1":{"name":"(anonymous_1)","decl":{"start":{"line":17,"column":2},"end":{"line":17,"column":3}},"loc":{"start":{"line":17,"column":38},"end":{"line":20,"column":3}},"line":17},"2":{"name":"(anonymous_2)","decl":{"start":{"line":24,"column":2},"end":{"line":24,"column":3}},"loc":{"start":{"line":24,"column":23},"end":{"line":26,"column":3}},"line":24},"3":{"name":"(anonymous_3)","decl":{"start":{"line":30,"column":2},"end":{"line":30,"column":3}},"loc":{"start":{"line":30,"column":23},"end":{"line":32,"column":3}},"line":30},"4":{"name":"(anonymous_4)","decl":{"start":{"line":36,"column":2},"end":{"line":36,"column":3}},"loc":{"start":{"line":36,"column":40},"end":{"line":38,"column":3}},"line":36},"5":{"name":"(anonymous_5)","decl":{"start":{"line":42,"column":2},"end":{"line":42,"column":3}},"loc":{"start":{"line":42,"column":41},"end":{"line":44,"column":3}},"line":42},"6":{"name":"errorHandler","decl":{"start":{"line":51,"column":9},"end":{"line":51,"column":21}},"loc":{"start":{"line":51,"column":43},"end":{"line":87,"column":1}},"line":51},"7":{"name":"(anonymous_7)","decl":{"start":{"line":54,"column":47},"end":{"line":54,"column":48}},"loc":{"start":{"line":54,"column":53},"end":{"line":54,"column":90}},"line":54},"8":{"name":"notFoundHandler","decl":{"start":{"line":92,"column":9},"end":{"line":92,"column":24}},"loc":{"start":{"line":92,"column":35},"end":{"line":94,"column":1}},"line":92}},"branchMap":{"0":{"loc":{"start":{"line":8,"column":23},"end":{"line":8,"column":39}},"type":"default-arg","locations":[{"start":{"line":8,"column":36},"end":{"line":8,"column":39}}],"line":8},"1":{"loc":{"start":{"line":36,"column":14},"end":{"line":36,"column":38}},"type":"default-arg","locations":[{"start":{"line":36,"column":24},"end":{"line":36,"column":38}}],"line":36},"2":{"loc":{"start":{"line":42,"column":14},"end":{"line":42,"column":39}},"type":"default-arg","locations":[{"start":{"line":42,"column":24},"end":{"line":42,"column":39}}],"line":42},"3":{"loc":{"start":{"line":53,"column":2},"end":{"line":57,"column":3}},"type":"if","locations":[{"start":{"line":53,"column":2},"end":{"line":57,"column":3}},{"start":{},"end":{}}],"line":53},"4":{"loc":{"start":{"line":53,"column":6},"end":{"line":53,"column":94}},"type":"binary-expr","locations":[{"start":{"line":53,"column":6},"end":{"line":53,"column":45}},{"start":{"line":53,"column":49},"end":{"line":53,"column":94}}],"line":53},"5":{"loc":{"start":{"line":54,"column":19},"end":{"line":54,"column":99}},"type":"cond-expr","locations":[{"start":{"line":54,"column":32},"end":{"line":54,"column":92}},{"start":{"line":54,"column":95},"end":{"line":54,"column":99}}],"line":54},"6":{"loc":{"start":{"line":60,"column":2},"end":{"line":63,"column":3}},"type":"if","locations":[{"start":{"line":60,"column":2},"end":{"line":63,"column":3}},{"start":{},"end":{}}],"line":60},"7":{"loc":{"start":{"line":66,"column":2},"end":{"line":69,"column":3}},"type":"if","locations":[{"start":{"line":66,"column":2},"end":{"line":69,"column":3}},{"start":{},"end":{}}],"line":66},"8":{"loc":{"start":{"line":72,"column":2},"end":{"line":74,"column":3}},"type":"if","locations":[{"start":{"line":72,"column":2},"end":{"line":74,"column":3}},{"start":{},"end":{}}],"line":72},"9":{"loc":{"start":{"line":75,"column":2},"end":{"line":77,"column":3}},"type":"if","locations":[{"start":{"line":75,"column":2},"end":{"line":77,"column":3}},{"start":{},"end":{}}],"line":75},"10":{"loc":{"start":{"line":80,"column":2},"end":{"line":82,"column":3}},"type":"if","locations":[{"start":{"line":80,"column":2},"end":{"line":82,"column":3}},{"start":{},"end":{}}],"line":80}},"s":{"0":1,"1":1,"2":0,"3":0,"4":0,"5":0,"6":0,"7":0,"8":0,"9":0,"10":0,"11":0,"12":0,"13":0,"14":0,"15":0,"16":0,"17":0,"18":0,"19":0,"20":0,"21":0,"22":0,"23":0,"24":0,"25":0,"26":0,"27":0,"28":0,"29":0,"30":0,"31":1,"32":1},"f":{"0":0,"1":0,"2":0,"3":0,"4":0,"5":0,"6":0,"7":0,"8":1},"b":{"0":[0],"1":[0],"2":[0],"3":[0,0],"4":[0,0],"5":[0,0],"6":[0,0],"7":[0,0],"8":[0,0],"9":[0,0],"10":[0,0]},"_coverageSchema":"1a1c01bbd47fc00a2c39e90264f33305004495a9","hash":"bd860891e295290f23f03f2f58d24b4c075d6032"}
,"C:\\Users\\debas\\Desktop\\Asset Management System\\Asset-Management-System\\backend-node\\src\\middleware\\rbac.js": {"path":"C:\\Users\\debas\\Desktop\\Asset Management System\\Asset-Management-System\\backend-node\\src\\middleware\\rbac.js","statementMap":{"0":{"start":{"line":1,"column":24},"end":{"line":1,"column":55}},"1":{"start":{"line":10,"column":2},"end":{"line":25,"column":4}},"2":{"start":{"line":11,"column":4},"end":{"line":13,"column":5}},"3":{"start":{"line":12,"column":6},"end":{"line":12,"column":85}},"4":{"start":{"line":15,"column":22},"end":{"line":15,"column":42}},"5":{"start":{"line":16,"column":20},"end":{"line":16,"column":64}},"6":{"start":{"line":16,"column":39},"end":{"line":16,"column":63}},"7":{"start":{"line":18,"column":4},"end":{"line":22,"column":5}},"8":{"start":{"line":19,"column":6},"end":{"line":21,"column":8}},"9":{"start":{"line":24,"column":4},"end":{"line":24,"column":11}},"10":{"start":{"line":31,"column":21},"end":{"line":31,"column":67}},"11":{"start":{"line":36,"column":26},"end":{"line":36,"column":58}},"12":{"start":{"line":38,"column":0},"end":{"line":38,"column":67}}},"fnMap":{"0":{"name":"requireRoles","decl":{"start":{"line":9,"column":9},"end":{"line":9,"column":21}},"loc":{"start":{"line":9,"column":32},"end":{"line":26,"column":1}},"line":9},"1":{"name":"(anonymous_1)","decl":{"start":{"line":10,"column":9},"end":{"line":10,"column":10}},"loc":{"start":{"line":10,"column":29},"end":{"line":25,"column":3}},"line":10},"2":{"name":"(anonymous_2)","decl":{"start":{"line":16,"column":31},"end":{"line":16,"column":32}},"loc":{"start":{"line":16,"column":39},"end":{"line":16,"column":63}},"line":16}},"branchMap":{"0":{"loc":{"start":{"line":11,"column":4},"end":{"line":13,"column":5}},"type":"if","locations":[{"start":{"line":11,"column":4},"end":{"line":13,"column":5}},{"start":{},"end":{}}],"line":11},"1":{"loc":{"start":{"line":15,"column":22},"end":{"line":15,"column":42}},"type":"binary-expr","locations":[{"start":{"line":15,"column":22},"end":{"line":15,"column":36}},{"start":{"line":15,"column":40},"end":{"line":15,"column":42}}],"line":15},"2":{"loc":{"start":{"line":18,"column":4},"end":{"line":22,"column":5}},"type":"if","locations":[{"start":{"line":18,"column":4},"end":{"line":22,"column":5}},{"start":{},"end":{}}],"line":18}},"s":{"0":1,"1":2,"2":0,"3":0,"4":0,"5":0,"6":0,"7":0,"8":0,"9":0,"10":1,"11":1,"12":1},"f":{"0":2,"1":0,"2":0},"b":{"0":[0,0],"1":[0,0],"2":[0,0]},"_coverageSchema":"1a1c01bbd47fc00a2c39e90264f33305004495a9","hash":"f9cf91b679c16f1301b8654a60cf91fe277dd5e5"}
,"C:\\Users\\debas\\Desktop\\Asset Management System\\Asset-Management-System\\backend-node\\src\\models\\AiChatHistory.js": {"path":"C:\\Users\\debas\\Desktop\\Asset Management System\\Asset-Management-System\\backend-node\\src\\models\\AiChatHistory.js","statementMap":{"0":{"start":{"line":1,"column":22},"end":{"line":1,"column":42}},"1":{"start":{"line":2,"column":22},"end":{"line":2,"column":51}},"2":{"start":{"line":8,"column":22},"end":{"line":24,"column":2}},"3":{"start":{"line":26,"column":0},"end":{"line":26,"column":31}}},"fnMap":{},"branchMap":{},"s":{"0":1,"1":1,"2":1,"3":1},"f":{},"b":{},"_coverageSchema":"1a1c01bbd47fc00a2c39e90264f33305004495a9","hash":"d3e782feccb1b6f90669e80ac2f1e551c9d6adca"}
,"C:\\Users\\debas\\Desktop\\Asset Management System\\Asset-Management-System\\backend-node\\src\\models\\Asset.js": {"path":"C:\\Users\\debas\\Desktop\\Asset Management System\\Asset-Management-System\\backend-node\\src\\models\\Asset.js","statementMap":{"0":{"start":{"line":1,"column":22},"end":{"line":1,"column":42}},"1":{"start":{"line":2,"column":22},"end":{"line":2,"column":51}},"2":{"start":{"line":8,"column":14},"end":{"line":52,"column":2}},"3":{"start":{"line":54,"column":0},"end":{"line":54,"column":23}}},"fnMap":{},"branchMap":{},"s":{"0":1,"1":1,"2":1,"3":1},"f":{},"b":{},"_coverageSchema":"1a1c01bbd47fc00a2c39e90264f33305004495a9","hash":"4a48ea623f66e4dba1ead0bfbb7e71b87e23512f"}
,"C:\\Users\\debas\\Desktop\\Asset Management System\\Asset-Management-System\\backend-node\\src\\models\\AssetAllocation.js": {"path":"C:\\Users\\debas\\Desktop\\Asset Management System\\Asset-Management-System\\backend-node\\src\\models\\AssetAllocation.js","statementMap":{"0":{"start":{"line":1,"column":22},"end":{"line":1,"column":42}},"1":{"start":{"line":2,"column":22},"end":{"line":2,"column":51}},"2":{"start":{"line":4,"column":24},"end":{"line":27,"column":2}},"3":{"start":{"line":29,"column":0},"end":{"line":29,"column":33}}},"fnMap":{},"branchMap":{},"s":{"0":1,"1":1,"2":1,"3":1},"f":{},"b":{},"_coverageSchema":"1a1c01bbd47fc00a2c39e90264f33305004495a9","hash":"936a2c7405e3a81fb41c75d10087486e5a5e3264"}
,"C:\\Users\\debas\\Desktop\\Asset Management System\\Asset-Management-System\\backend-node\\src\\models\\AssetCategory.js": {"path":"C:\\Users\\debas\\Desktop\\Asset Management System\\Asset-Management-System\\backend-node\\src\\models\\AssetCategory.js","statementMap":{"0":{"start":{"line":1,"column":22},"end":{"line":1,"column":42}},"1":{"start":{"line":2,"column":22},"end":{"line":2,"column":51}},"2":{"start":{"line":4,"column":22},"end":{"line":15,"column":2}},"3":{"start":{"line":17,"column":0},"end":{"line":17,"column":31}}},"fnMap":{},"branchMap":{},"s":{"0":1,"1":1,"2":1,"3":1},"f":{},"b":{},"_coverageSchema":"1a1c01bbd47fc00a2c39e90264f33305004495a9","hash":"eca7141a4a5cbe984c6fb19fa2d136e890ea5a87"}
,"C:\\Users\\debas\\Desktop\\Asset Management System\\Asset-Management-System\\backend-node\\src\\models\\AssetDocument.js": {"path":"C:\\Users\\debas\\Desktop\\Asset Management System\\Asset-Management-System\\backend-node\\src\\models\\AssetDocument.js","statementMap":{"0":{"start":{"line":1,"column":22},"end":{"line":1,"column":42}},"1":{"start":{"line":2,"column":22},"end":{"line":2,"column":51}},"2":{"start":{"line":4,"column":22},"end":{"line":20,"column":2}},"3":{"start":{"line":22,"column":0},"end":{"line":22,"column":31}}},"fnMap":{},"branchMap":{},"s":{"0":1,"1":1,"2":1,"3":1},"f":{},"b":{},"_coverageSchema":"1a1c01bbd47fc00a2c39e90264f33305004495a9","hash":"c6d082c9fb7f221c306bc994f9206a17b6f832a7"}
,"C:\\Users\\debas\\Desktop\\Asset Management System\\Asset-Management-System\\backend-node\\src\\models\\AssetHealthScore.js": {"path":"C:\\Users\\debas\\Desktop\\Asset Management System\\Asset-Management-System\\backend-node\\src\\models\\AssetHealthScore.js","statementMap":{"0":{"start":{"line":1,"column":22},"end":{"line":1,"column":42}},"1":{"start":{"line":2,"column":22},"end":{"line":2,"column":51}},"2":{"start":{"line":4,"column":25},"end":{"line":28,"column":2}},"3":{"start":{"line":30,"column":0},"end":{"line":30,"column":34}}},"fnMap":{},"branchMap":{},"s":{"0":1,"1":1,"2":1,"3":1},"f":{},"b":{},"_coverageSchema":"1a1c01bbd47fc00a2c39e90264f33305004495a9","hash":"55613971bb610f9b3157e191095d7603f5698197"}
,"C:\\Users\\debas\\Desktop\\Asset Management System\\Asset-Management-System\\backend-node\\src\\models\\AssetMovement.js": {"path":"C:\\Users\\debas\\Desktop\\Asset Management System\\Asset-Management-System\\backend-node\\src\\models\\AssetMovement.js","statementMap":{"0":{"start":{"line":1,"column":22},"end":{"line":1,"column":42}},"1":{"start":{"line":2,"column":22},"end":{"line":2,"column":51}},"2":{"start":{"line":4,"column":22},"end":{"line":23,"column":2}},"3":{"start":{"line":25,"column":0},"end":{"line":25,"column":31}}},"fnMap":{},"branchMap":{},"s":{"0":1,"1":1,"2":1,"3":1},"f":{},"b":{},"_coverageSchema":"1a1c01bbd47fc00a2c39e90264f33305004495a9","hash":"b7af1ade5fc1862f49a0899287414083ecc2cb87"}
,"C:\\Users\\debas\\Desktop\\Asset Management System\\Asset-Management-System\\backend-node\\src\\models\\AuditLog.js": {"path":"C:\\Users\\debas\\Desktop\\Asset Management System\\Asset-Management-System\\backend-node\\src\\models\\AuditLog.js","statementMap":{"0":{"start":{"line":1,"column":22},"end":{"line":1,"column":42}},"1":{"start":{"line":2,"column":22},"end":{"line":2,"column":51}},"2":{"start":{"line":4,"column":17},"end":{"line":19,"column":2}},"3":{"start":{"line":21,"column":0},"end":{"line":21,"column":26}}},"fnMap":{},"branchMap":{},"s":{"0":1,"1":1,"2":1,"3":1},"f":{},"b":{},"_coverageSchema":"1a1c01bbd47fc00a2c39e90264f33305004495a9","hash":"725280066200cc497c837608aa05cd87febda64f"}
,"C:\\Users\\debas\\Desktop\\Asset Management System\\Asset-Management-System\\backend-node\\src\\models\\BudgetForecast.js": {"path":"C:\\Users\\debas\\Desktop\\Asset Management System\\Asset-Management-System\\backend-node\\src\\models\\BudgetForecast.js","statementMap":{"0":{"start":{"line":1,"column":22},"end":{"line":1,"column":42}},"1":{"start":{"line":2,"column":22},"end":{"line":2,"column":51}},"2":{"start":{"line":4,"column":23},"end":{"line":23,"column":2}},"3":{"start":{"line":25,"column":0},"end":{"line":25,"column":32}}},"fnMap":{},"branchMap":{},"s":{"0":1,"1":1,"2":1,"3":1},"f":{},"b":{},"_coverageSchema":"1a1c01bbd47fc00a2c39e90264f33305004495a9","hash":"e5546f3fe7220e65c563ed9555712f8e4f57ba57"}
,"C:\\Users\\debas\\Desktop\\Asset Management System\\Asset-Management-System\\backend-node\\src\\models\\Department.js": {"path":"C:\\Users\\debas\\Desktop\\Asset Management System\\Asset-Management-System\\backend-node\\src\\models\\Department.js","statementMap":{"0":{"start":{"line":1,"column":22},"end":{"line":1,"column":42}},"1":{"start":{"line":2,"column":22},"end":{"line":2,"column":51}},"2":{"start":{"line":4,"column":19},"end":{"line":15,"column":2}},"3":{"start":{"line":17,"column":0},"end":{"line":17,"column":28}}},"fnMap":{},"branchMap":{},"s":{"0":1,"1":1,"2":1,"3":1},"f":{},"b":{},"_coverageSchema":"1a1c01bbd47fc00a2c39e90264f33305004495a9","hash":"3401d7af02ee5e177b28a1312ecf1f5f2cc955e6"}
,"C:\\Users\\debas\\Desktop\\Asset Management System\\Asset-Management-System\\backend-node\\src\\models\\DepreciationRecord.js": {"path":"C:\\Users\\debas\\Desktop\\Asset Management System\\Asset-Management-System\\backend-node\\src\\models\\DepreciationRecord.js","statementMap":{"0":{"start":{"line":1,"column":22},"end":{"line":1,"column":42}},"1":{"start":{"line":2,"column":22},"end":{"line":2,"column":51}},"2":{"start":{"line":4,"column":27},"end":{"line":24,"column":2}},"3":{"start":{"line":26,"column":0},"end":{"line":26,"column":36}}},"fnMap":{},"branchMap":{},"s":{"0":1,"1":1,"2":1,"3":1},"f":{},"b":{},"_coverageSchema":"1a1c01bbd47fc00a2c39e90264f33305004495a9","hash":"06eee44db0a7d9b9004465382e53979403c01209"}
,"C:\\Users\\debas\\Desktop\\Asset Management System\\Asset-Management-System\\backend-node\\src\\models\\Employee.js": {"path":"C:\\Users\\debas\\Desktop\\Asset Management System\\Asset-Management-System\\backend-node\\src\\models\\Employee.js","statementMap":{"0":{"start":{"line":1,"column":22},"end":{"line":1,"column":42}},"1":{"start":{"line":2,"column":22},"end":{"line":2,"column":51}},"2":{"start":{"line":4,"column":17},"end":{"line":27,"column":2}},"3":{"start":{"line":29,"column":0},"end":{"line":29,"column":26}}},"fnMap":{},"branchMap":{},"s":{"0":1,"1":1,"2":1,"3":1},"f":{},"b":{},"_coverageSchema":"1a1c01bbd47fc00a2c39e90264f33305004495a9","hash":"0a876d2fb02b3bd1824f5f71ac7a330aae53552e"}
,"C:\\Users\\debas\\Desktop\\Asset Management System\\Asset-Management-System\\backend-node\\src\\models\\MaintenanceRequest.js": {"path":"C:\\Users\\debas\\Desktop\\Asset Management System\\Asset-Management-System\\backend-node\\src\\models\\MaintenanceRequest.js","statementMap":{"0":{"start":{"line":1,"column":22},"end":{"line":1,"column":42}},"1":{"start":{"line":2,"column":22},"end":{"line":2,"column":51}},"2":{"start":{"line":4,"column":27},"end":{"line":40,"column":2}},"3":{"start":{"line":42,"column":0},"end":{"line":42,"column":36}}},"fnMap":{},"branchMap":{},"s":{"0":1,"1":1,"2":1,"3":1},"f":{},"b":{},"_coverageSchema":"1a1c01bbd47fc00a2c39e90264f33305004495a9","hash":"241120d3d49de0425f41c13eebb0f7ac51e88cc5"}
,"C:\\Users\\debas\\Desktop\\Asset Management System\\Asset-Management-System\\backend-node\\src\\models\\Notification.js": {"path":"C:\\Users\\debas\\Desktop\\Asset Management System\\Asset-Management-System\\backend-node\\src\\models\\Notification.js","statementMap":{"0":{"start":{"line":1,"column":22},"end":{"line":1,"column":42}},"1":{"start":{"line":2,"column":22},"end":{"line":2,"column":51}},"2":{"start":{"line":4,"column":21},"end":{"line":26,"column":2}},"3":{"start":{"line":28,"column":0},"end":{"line":28,"column":30}}},"fnMap":{},"branchMap":{},"s":{"0":1,"1":1,"2":1,"3":1},"f":{},"b":{},"_coverageSchema":"1a1c01bbd47fc00a2c39e90264f33305004495a9","hash":"37cb5e4a42b0263ac01e764d0188040d2432da77"}
,"C:\\Users\\debas\\Desktop\\Asset Management System\\Asset-Management-System\\backend-node\\src\\models\\QrScanLog.js": {"path":"C:\\Users\\debas\\Desktop\\Asset Management System\\Asset-Management-System\\backend-node\\src\\models\\QrScanLog.js","statementMap":{"0":{"start":{"line":1,"column":22},"end":{"line":1,"column":42}},"1":{"start":{"line":2,"column":22},"end":{"line":2,"column":51}},"2":{"start":{"line":4,"column":18},"end":{"line":15,"column":2}},"3":{"start":{"line":17,"column":0},"end":{"line":17,"column":27}}},"fnMap":{},"branchMap":{},"s":{"0":1,"1":1,"2":1,"3":1},"f":{},"b":{},"_coverageSchema":"1a1c01bbd47fc00a2c39e90264f33305004495a9","hash":"e5414482e59b0403583cc5cec79d8a4afeca8e52"}
,"C:\\Users\\debas\\Desktop\\Asset Management System\\Asset-Management-System\\backend-node\\src\\models\\Role.js": {"path":"C:\\Users\\debas\\Desktop\\Asset Management System\\Asset-Management-System\\backend-node\\src\\models\\Role.js","statementMap":{"0":{"start":{"line":1,"column":22},"end":{"line":1,"column":42}},"1":{"start":{"line":2,"column":22},"end":{"line":2,"column":51}},"2":{"start":{"line":4,"column":13},"end":{"line":10,"column":2}},"3":{"start":{"line":12,"column":0},"end":{"line":12,"column":22}}},"fnMap":{},"branchMap":{},"s":{"0":1,"1":1,"2":1,"3":1},"f":{},"b":{},"_coverageSchema":"1a1c01bbd47fc00a2c39e90264f33305004495a9","hash":"1c3b76cb1503e8559732ed39a56feaea16fdff41"}
,"C:\\Users\\debas\\Desktop\\Asset Management System\\Asset-Management-System\\backend-node\\src\\models\\User.js": {"path":"C:\\Users\\debas\\Desktop\\Asset Management System\\Asset-Management-System\\backend-node\\src\\models\\User.js","statementMap":{"0":{"start":{"line":1,"column":22},"end":{"line":1,"column":42}},"1":{"start":{"line":2,"column":22},"end":{"line":2,"column":51}},"2":{"start":{"line":8,"column":13},"end":{"line":32,"column":2}},"3":{"start":{"line":34,"column":0},"end":{"line":34,"column":22}}},"fnMap":{},"branchMap":{},"s":{"0":1,"1":1,"2":1,"3":1},"f":{},"b":{},"_coverageSchema":"1a1c01bbd47fc00a2c39e90264f33305004495a9","hash":"85b9b193d576ec91f4b7b72db25f181871441371"}
,"C:\\Users\\debas\\Desktop\\Asset Management System\\Asset-Management-System\\backend-node\\src\\models\\Vendor.js": {"path":"C:\\Users\\debas\\Desktop\\Asset Management System\\Asset-Management-System\\backend-node\\src\\models\\Vendor.js","statementMap":{"0":{"start":{"line":1,"column":22},"end":{"line":1,"column":42}},"1":{"start":{"line":2,"column":22},"end":{"line":2,"column":51}},"2":{"start":{"line":4,"column":15},"end":{"line":25,"column":2}},"3":{"start":{"line":27,"column":0},"end":{"line":27,"column":24}}},"fnMap":{},"branchMap":{},"s":{"0":1,"1":1,"2":1,"3":1},"f":{},"b":{},"_coverageSchema":"1a1c01bbd47fc00a2c39e90264f33305004495a9","hash":"284c0ada87a8ca219ba40103392fb410a8b1bdb8"}
,"C:\\Users\\debas\\Desktop\\Asset Management System\\Asset-Management-System\\backend-node\\src\\models\\VendorRating.js": {"path":"C:\\Users\\debas\\Desktop\\Asset Management System\\Asset-Management-System\\backend-node\\src\\models\\VendorRating.js","statementMap":{"0":{"start":{"line":1,"column":22},"end":{"line":1,"column":42}},"1":{"start":{"line":2,"column":22},"end":{"line":2,"column":51}},"2":{"start":{"line":4,"column":21},"end":{"line":13,"column":2}},"3":{"start":{"line":15,"column":0},"end":{"line":15,"column":30}}},"fnMap":{},"branchMap":{},"s":{"0":1,"1":1,"2":1,"3":1},"f":{},"b":{},"_coverageSchema":"1a1c01bbd47fc00a2c39e90264f33305004495a9","hash":"ca4785378c61282d7e662369321c105fbe792bd5"}
,"C:\\Users\\debas\\Desktop\\Asset Management System\\Asset-Management-System\\backend-node\\src\\models\\WarrantyTracking.js": {"path":"C:\\Users\\debas\\Desktop\\Asset Management System\\Asset-Management-System\\backend-node\\src\\models\\WarrantyTracking.js","statementMap":{"0":{"start":{"line":1,"column":22},"end":{"line":1,"column":42}},"1":{"start":{"line":2,"column":22},"end":{"line":2,"column":51}},"2":{"start":{"line":4,"column":25},"end":{"line":21,"column":2}},"3":{"start":{"line":23,"column":0},"end":{"line":23,"column":34}}},"fnMap":{},"branchMap":{},"s":{"0":1,"1":1,"2":1,"3":1},"f":{},"b":{},"_coverageSchema":"1a1c01bbd47fc00a2c39e90264f33305004495a9","hash":"b02399b4fa0069b070cc64ef3511d41c7f34713b"}
,"C:\\Users\\debas\\Desktop\\Asset Management System\\Asset-Management-System\\backend-node\\src\\models\\index.js": {"path":"C:\\Users\\debas\\Desktop\\Asset Management System\\Asset-Management-System\\backend-node\\src\\models\\index.js","statementMap":{"0":{"start":{"line":5,"column":22},"end":{"line":5,"column":51}},"1":{"start":{"line":8,"column":13},"end":{"line":8,"column":30}},"2":{"start":{"line":9,"column":13},"end":{"line":9,"column":30}},"3":{"start":{"line":10,"column":19},"end":{"line":10,"column":42}},"4":{"start":{"line":11,"column":17},"end":{"line":11,"column":38}},"5":{"start":{"line":12,"column":22},"end":{"line":12,"column":48}},"6":{"start":{"line":13,"column":15},"end":{"line":13,"column":34}},"7":{"start":{"line":14,"column":21},"end":{"line":14,"column":46}},"8":{"start":{"line":15,"column":14},"end":{"line":15,"column":32}},"9":{"start":{"line":16,"column":24},"end":{"line":16,"column":52}},"10":{"start":{"line":17,"column":22},"end":{"line":17,"column":48}},"11":{"start":{"line":18,"column":25},"end":{"line":18,"column":54}},"12":{"start":{"line":19,"column":22},"end":{"line":19,"column":48}},"13":{"start":{"line":20,"column":27},"end":{"line":20,"column":58}},"14":{"start":{"line":21,"column":25},"end":{"line":21,"column":54}},"15":{"start":{"line":22,"column":27},"end":{"line":22,"column":58}},"16":{"start":{"line":23,"column":21},"end":{"line":23,"column":46}},"17":{"start":{"line":24,"column":17},"end":{"line":24,"column":38}},"18":{"start":{"line":25,"column":23},"end":{"line":25,"column":50}},"19":{"start":{"line":26,"column":22},"end":{"line":26,"column":48}},"20":{"start":{"line":27,"column":18},"end":{"line":27,"column":40}},"21":{"start":{"line":30,"column":0},"end":{"line":30,"column":96}},"22":{"start":{"line":31,"column":0},"end":{"line":31,"column":96}},"23":{"start":{"line":34,"column":0},"end":{"line":34,"column":78}},"24":{"start":{"line":35,"column":0},"end":{"line":35,"column":71}},"25":{"start":{"line":38,"column":0},"end":{"line":38,"column":82}},"26":{"start":{"line":39,"column":0},"end":{"line":39,"column":79}},"27":{"start":{"line":42,"column":0},"end":{"line":42,"column":64}},"28":{"start":{"line":43,"column":0},"end":{"line":43,"column":65}},"29":{"start":{"line":46,"column":0},"end":{"line":46,"column":78}},"30":{"start":{"line":47,"column":0},"end":{"line":47,"column":74}},"31":{"start":{"line":50,"column":0},"end":{"line":50,"column":67}},"32":{"start":{"line":51,"column":0},"end":{"line":51,"column":65}},"33":{"start":{"line":54,"column":0},"end":{"line":54,"column":79}},"34":{"start":{"line":55,"column":0},"end":{"line":55,"column":73}},"35":{"start":{"line":58,"column":0},"end":{"line":58,"column":78}},"36":{"start":{"line":59,"column":0},"end":{"line":59,"column":80}},"37":{"start":{"line":62,"column":0},"end":{"line":62,"column":72}},"38":{"start":{"line":65,"column":0},"end":{"line":65,"column":74}},"39":{"start":{"line":66,"column":0},"end":{"line":66,"column":78}},"40":{"start":{"line":68,"column":0},"end":{"line":68,"column":83}},"41":{"start":{"line":69,"column":0},"end":{"line":69,"column":84}},"42":{"start":{"line":71,"column":0},"end":{"line":71,"column":86}},"43":{"start":{"line":72,"column":0},"end":{"line":72,"column":84}},"44":{"start":{"line":75,"column":0},"end":{"line":75,"column":72}},"45":{"start":{"line":76,"column":0},"end":{"line":76,"column":74}},"46":{"start":{"line":78,"column":0},"end":{"line":78,"column":76}},"47":{"start":{"line":81,"column":0},"end":{"line":81,"column":75}},"48":{"start":{"line":82,"column":0},"end":{"line":82,"column":78}},"49":{"start":{"line":85,"column":0},"end":{"line":85,"column":72}},"50":{"start":{"line":86,"column":0},"end":{"line":86,"column":74}},"51":{"start":{"line":87,"column":0},"end":{"line":87,"column":82}},"52":{"start":{"line":90,"column":0},"end":{"line":90,"column":77}},"53":{"start":{"line":91,"column":0},"end":{"line":91,"column":89}},"54":{"start":{"line":93,"column":0},"end":{"line":93,"column":89}},"55":{"start":{"line":94,"column":0},"end":{"line":94,"column":87}},"56":{"start":{"line":97,"column":0},"end":{"line":97,"column":75}},"57":{"start":{"line":98,"column":0},"end":{"line":98,"column":75}},"58":{"start":{"line":101,"column":0},"end":{"line":101,"column":77}},"59":{"start":{"line":102,"column":0},"end":{"line":102,"column":89}},"60":{"start":{"line":103,"column":0},"end":{"line":103,"column":91}},"61":{"start":{"line":106,"column":0},"end":{"line":106,"column":68}},"62":{"start":{"line":107,"column":0},"end":{"line":107,"column":75}},"63":{"start":{"line":110,"column":0},"end":{"line":110,"column":79}},"64":{"start":{"line":113,"column":0},"end":{"line":113,"column":74}},"65":{"start":{"line":114,"column":0},"end":{"line":114,"column":73}},"66":{"start":{"line":115,"column":0},"end":{"line":115,"column":75}},"67":{"start":{"line":118,"column":0},"end":{"line":118,"column":88}},"68":{"start":{"line":119,"column":0},"end":{"line":119,"column":91}},"69":{"start":{"line":122,"column":0},"end":{"line":122,"column":69}},"70":{"start":{"line":123,"column":0},"end":{"line":123,"column":74}},"71":{"start":{"line":126,"column":0},"end":{"line":126,"column":68}},"72":{"start":{"line":127,"column":0},"end":{"line":127,"column":69}},"73":{"start":{"line":128,"column":0},"end":{"line":128,"column":76}},"74":{"start":{"line":130,"column":0},"end":{"line":137,"column":2}}},"fnMap":{},"branchMap":{},"s":{"0":1,"1":1,"2":1,"3":1,"4":1,"5":1,"6":1,"7":1,"8":1,"9":1,"10":1,"11":1,"12":1,"13":1,"14":1,"15":1,"16":1,"17":1,"18":1,"19":1,"20":1,"21":1,"22":1,"23":1,"24":1,"25":1,"26":1,"27":1,"28":1,"29":1,"30":1,"31":1,"32":1,"33":1,"34":1,"35":1,"36":1,"37":1,"38":1,"39":1,"40":1,"41":1,"42":1,"43":1,"44":1,"45":1,"46":1,"47":1,"48":1,"49":1,"50":1,"51":1,"52":1,"53":1,"54":1,"55":1,"56":1,"57":1,"58":1,"59":1,"60":1,"61":1,"62":1,"63":1,"64":1,"65":1,"66":1,"67":1,"68":1,"69":1,"70":1,"71":1,"72":1,"73":1,"74":1},"f":{},"b":{},"_coverageSchema":"1a1c01bbd47fc00a2c39e90264f33305004495a9","hash":"7252b713f1dc43a1628f4e1db7a08a14336e9181"}
,"C:\\Users\\debas\\Desktop\\Asset Management System\\Asset-Management-System\\backend-node\\src\\routes\\ai.js": {"path":"C:\\Users\\debas\\Desktop\\Asset Management System\\Asset-Management-System\\backend-node\\src\\routes\\ai.js","statementMap":{"0":{"start":{"line":1,"column":16},"end":{"line":1,"column":34}},"1":{"start":{"line":2,"column":15},"end":{"line":2,"column":31}},"2":{"start":{"line":3,"column":25},"end":{"line":3,"column":54}},"3":{"start":{"line":4,"column":24},"end":{"line":4,"column":55}},"4":{"start":{"line":5,"column":18},"end":{"line":5,"column":50}},"5":{"start":{"line":19,"column":0},"end":{"line":26,"column":3}},"6":{"start":{"line":20,"column":22},"end":{"line":20,"column":30}},"7":{"start":{"line":21,"column":2},"end":{"line":23,"column":3}},"8":{"start":{"line":22,"column":4},"end":{"line":22,"column":79}},"9":{"start":{"line":24,"column":17},"end":{"line":24,"column":66}},"10":{"start":{"line":25,"column":2},"end":{"line":25,"column":77}},"11":{"start":{"line":32,"column":0},"end":{"line":36,"column":3}},"12":{"start":{"line":33,"column":34},"end":{"line":33,"column":43}},"13":{"start":{"line":34,"column":15},"end":{"line":34,"column":90}},"14":{"start":{"line":35,"column":2},"end":{"line":35,"column":50}},"15":{"start":{"line":38,"column":0},"end":{"line":38,"column":24}}},"fnMap":{"0":{"name":"(anonymous_0)","decl":{"start":{"line":19,"column":35},"end":{"line":19,"column":36}},"loc":{"start":{"line":19,"column":55},"end":{"line":26,"column":1}},"line":19},"1":{"name":"(anonymous_1)","decl":{"start":{"line":32,"column":37},"end":{"line":32,"column":38}},"loc":{"start":{"line":32,"column":57},"end":{"line":36,"column":1}},"line":32}},"branchMap":{"0":{"loc":{"start":{"line":21,"column":2},"end":{"line":23,"column":3}},"type":"if","locations":[{"start":{"line":21,"column":2},"end":{"line":23,"column":3}},{"start":{},"end":{}}],"line":21},"1":{"loc":{"start":{"line":21,"column":6},"end":{"line":21,"column":33}},"type":"binary-expr","locations":[{"start":{"line":21,"column":6},"end":{"line":21,"column":14}},{"start":{"line":21,"column":18},"end":{"line":21,"column":33}}],"line":21},"2":{"loc":{"start":{"line":33,"column":10},"end":{"line":33,"column":18}},"type":"default-arg","locations":[{"start":{"line":33,"column":17},"end":{"line":33,"column":18}}],"line":33},"3":{"loc":{"start":{"line":33,"column":20},"end":{"line":33,"column":29}},"type":"default-arg","locations":[{"start":{"line":33,"column":27},"end":{"line":33,"column":29}}],"line":33}},"s":{"0":1,"1":1,"2":1,"3":1,"4":1,"5":1,"6":0,"7":0,"8":0,"9":0,"10":0,"11":1,"12":0,"13":0,"14":0,"15":1},"f":{"0":0,"1":0},"b":{"0":[0,0],"1":[0,0],"2":[0],"3":[0]},"_coverageSchema":"1a1c01bbd47fc00a2c39e90264f33305004495a9","hash":"9b65e6485e63baced9890bf292ff75eeb64646d5"}
,"C:\\Users\\debas\\Desktop\\Asset Management System\\Asset-Management-System\\backend-node\\src\\routes\\allocations.js": {"path":"C:\\Users\\debas\\Desktop\\Asset Management System\\Asset-Management-System\\backend-node\\src\\routes\\allocations.js","statementMap":{"0":{"start":{"line":1,"column":16},"end":{"line":1,"column":34}},"1":{"start":{"line":2,"column":15},"end":{"line":2,"column":31}},"2":{"start":{"line":3,"column":26},"end":{"line":3,"column":66}},"3":{"start":{"line":4,"column":25},"end":{"line":4,"column":54}},"4":{"start":{"line":5,"column":24},"end":{"line":5,"column":55}},"5":{"start":{"line":13,"column":0},"end":{"line":19,"column":3}},"6":{"start":{"line":14,"column":42},"end":{"line":14,"column":51}},"7":{"start":{"line":15,"column":15},"end":{"line":17,"column":4}},"8":{"start":{"line":18,"column":2},"end":{"line":18,"column":50}},"9":{"start":{"line":22,"column":0},"end":{"line":25,"column":3}},"10":{"start":{"line":23,"column":15},"end":{"line":23,"column":67}},"11":{"start":{"line":24,"column":2},"end":{"line":24,"column":50}},"12":{"start":{"line":28,"column":0},"end":{"line":31,"column":3}},"13":{"start":{"line":29,"column":15},"end":{"line":29,"column":73}},"14":{"start":{"line":30,"column":2},"end":{"line":30,"column":81}},"15":{"start":{"line":34,"column":0},"end":{"line":37,"column":3}},"16":{"start":{"line":35,"column":15},"end":{"line":35,"column":94}},"17":{"start":{"line":36,"column":2},"end":{"line":36,"column":81}},"18":{"start":{"line":40,"column":0},"end":{"line":43,"column":3}},"19":{"start":{"line":41,"column":15},"end":{"line":41,"column":94}},"20":{"start":{"line":42,"column":2},"end":{"line":42,"column":81}},"21":{"start":{"line":46,"column":0},"end":{"line":49,"column":3}},"22":{"start":{"line":47,"column":15},"end":{"line":47,"column":90}},"23":{"start":{"line":48,"column":2},"end":{"line":48,"column":84}},"24":{"start":{"line":52,"column":0},"end":{"line":58,"column":3}},"25":{"start":{"line":53,"column":34},"end":{"line":53,"column":43}},"26":{"start":{"line":54,"column":15},"end":{"line":56,"column":3}},"27":{"start":{"line":57,"column":2},"end":{"line":57,"column":50}},"28":{"start":{"line":61,"column":0},"end":{"line":67,"column":3}},"29":{"start":{"line":62,"column":34},"end":{"line":62,"column":43}},"30":{"start":{"line":63,"column":15},"end":{"line":65,"column":3}},"31":{"start":{"line":66,"column":2},"end":{"line":66,"column":50}},"32":{"start":{"line":69,"column":0},"end":{"line":69,"column":24}}},"fnMap":{"0":{"name":"(anonymous_0)","decl":{"start":{"line":13,"column":30},"end":{"line":13,"column":31}},"loc":{"start":{"line":13,"column":50},"end":{"line":19,"column":1}},"line":13},"1":{"name":"(anonymous_1)","decl":{"start":{"line":22,"column":33},"end":{"line":22,"column":34}},"loc":{"start":{"line":22,"column":53},"end":{"line":25,"column":1}},"line":22},"2":{"name":"(anonymous_2)","decl":{"start":{"line":28,"column":37},"end":{"line":28,"column":38}},"loc":{"start":{"line":28,"column":57},"end":{"line":31,"column":1}},"line":28},"3":{"name":"(anonymous_3)","decl":{"start":{"line":34,"column":41},"end":{"line":34,"column":42}},"loc":{"start":{"line":34,"column":61},"end":{"line":37,"column":1}},"line":34},"4":{"name":"(anonymous_4)","decl":{"start":{"line":40,"column":40},"end":{"line":40,"column":41}},"loc":{"start":{"line":40,"column":60},"end":{"line":43,"column":1}},"line":40},"5":{"name":"(anonymous_5)","decl":{"start":{"line":46,"column":43},"end":{"line":46,"column":44}},"loc":{"start":{"line":46,"column":63},"end":{"line":49,"column":1}},"line":46},"6":{"name":"(anonymous_6)","decl":{"start":{"line":52,"column":44},"end":{"line":52,"column":45}},"loc":{"start":{"line":52,"column":64},"end":{"line":58,"column":1}},"line":52},"7":{"name":"(anonymous_7)","decl":{"start":{"line":61,"column":50},"end":{"line":61,"column":51}},"loc":{"start":{"line":61,"column":70},"end":{"line":67,"column":1}},"line":61}},"branchMap":{"0":{"loc":{"start":{"line":14,"column":18},"end":{"line":14,"column":26}},"type":"default-arg","locations":[{"start":{"line":14,"column":25},"end":{"line":14,"column":26}}],"line":14},"1":{"loc":{"start":{"line":14,"column":28},"end":{"line":14,"column":37}},"type":"default-arg","locations":[{"start":{"line":14,"column":35},"end":{"line":14,"column":37}}],"line":14},"2":{"loc":{"start":{"line":53,"column":10},"end":{"line":53,"column":18}},"type":"default-arg","locations":[{"start":{"line":53,"column":17},"end":{"line":53,"column":18}}],"line":53},"3":{"loc":{"start":{"line":53,"column":20},"end":{"line":53,"column":29}},"type":"default-arg","locations":[{"start":{"line":53,"column":27},"end":{"line":53,"column":29}}],"line":53},"4":{"loc":{"start":{"line":62,"column":10},"end":{"line":62,"column":18}},"type":"default-arg","locations":[{"start":{"line":62,"column":17},"end":{"line":62,"column":18}}],"line":62},"5":{"loc":{"start":{"line":62,"column":20},"end":{"line":62,"column":29}},"type":"default-arg","locations":[{"start":{"line":62,"column":27},"end":{"line":62,"column":29}}],"line":62}},"s":{"0":1,"1":1,"2":1,"3":1,"4":1,"5":1,"6":0,"7":0,"8":0,"9":1,"10":0,"11":0,"12":1,"13":0,"14":0,"15":1,"16":0,"17":0,"18":1,"19":0,"20":0,"21":1,"22":0,"23":0,"24":1,"25":0,"26":0,"27":0,"28":1,"29":0,"30":0,"31":0,"32":1},"f":{"0":0,"1":0,"2":0,"3":0,"4":0,"5":0,"6":0,"7":0},"b":{"0":[0],"1":[0],"2":[0],"3":[0],"4":[0],"5":[0]},"_coverageSchema":"1a1c01bbd47fc00a2c39e90264f33305004495a9","hash":"30fcaa4408dcd40b6e3b09123aa3c83eb7158246"}
,"C:\\Users\\debas\\Desktop\\Asset Management System\\Asset-Management-System\\backend-node\\src\\routes\\assets.js": {"path":"C:\\Users\\debas\\Desktop\\Asset Management System\\Asset-Management-System\\backend-node\\src\\routes\\assets.js","statementMap":{"0":{"start":{"line":1,"column":16},"end":{"line":1,"column":34}},"1":{"start":{"line":2,"column":15},"end":{"line":2,"column":31}},"2":{"start":{"line":3,"column":21},"end":{"line":3,"column":56}},"3":{"start":{"line":4,"column":25},"end":{"line":4,"column":54}},"4":{"start":{"line":5,"column":25},"end":{"line":5,"column":54}},"5":{"start":{"line":6,"column":24},"end":{"line":6,"column":55}},"6":{"start":{"line":7,"column":15},"end":{"line":7,"column":32}},"7":{"start":{"line":8,"column":13},"end":{"line":8,"column":28}},"8":{"start":{"line":9,"column":15},"end":{"line":9,"column":39}},"9":{"start":{"line":11,"column":16},"end":{"line":20,"column":2}},"10":{"start":{"line":13,"column":4},"end":{"line":13,"column":35}},"11":{"start":{"line":16,"column":20},"end":{"line":16,"column":33}},"12":{"start":{"line":17,"column":16},"end":{"line":17,"column":47}},"13":{"start":{"line":18,"column":4},"end":{"line":18,"column":45}},"14":{"start":{"line":22,"column":20},"end":{"line":33,"column":2}},"15":{"start":{"line":26,"column":20},"end":{"line":26,"column":74}},"16":{"start":{"line":27,"column":4},"end":{"line":31,"column":5}},"17":{"start":{"line":28,"column":6},"end":{"line":28,"column":21}},"18":{"start":{"line":30,"column":6},"end":{"line":30,"column":92}},"19":{"start":{"line":35,"column":0},"end":{"line":39,"column":3}},"20":{"start":{"line":36,"column":93},"end":{"line":36,"column":102}},"21":{"start":{"line":37,"column":15},"end":{"line":37,"column":150}},"22":{"start":{"line":38,"column":2},"end":{"line":38,"column":50}},"23":{"start":{"line":41,"column":0},"end":{"line":44,"column":3}},"24":{"start":{"line":42,"column":15},"end":{"line":42,"column":68}},"25":{"start":{"line":43,"column":2},"end":{"line":43,"column":80}},"26":{"start":{"line":46,"column":0},"end":{"line":49,"column":3}},"27":{"start":{"line":47,"column":15},"end":{"line":47,"column":51}},"28":{"start":{"line":48,"column":2},"end":{"line":48,"column":50}},"29":{"start":{"line":51,"column":0},"end":{"line":119,"column":3}},"30":{"start":{"line":52,"column":23},"end":{"line":52,"column":33}},"31":{"start":{"line":53,"column":16},"end":{"line":53,"column":61}},"32":{"start":{"line":55,"column":2},"end":{"line":78,"column":3}},"33":{"start":{"line":56,"column":17},"end":{"line":56,"column":21}},"34":{"start":{"line":57,"column":20},"end":{"line":57,"column":24}},"35":{"start":{"line":58,"column":23},"end":{"line":58,"column":48}},"36":{"start":{"line":59,"column":4},"end":{"line":70,"column":5}},"37":{"start":{"line":60,"column":6},"end":{"line":69,"column":7}},"38":{"start":{"line":61,"column":22},"end":{"line":61,"column":46}},"39":{"start":{"line":62,"column":20},"end":{"line":62,"column":43}},"40":{"start":{"line":63,"column":23},"end":{"line":63,"column":47}},"41":{"start":{"line":64,"column":24},"end":{"line":64,"column":60}},"42":{"start":{"line":65,"column":8},"end":{"line":65,"column":46}},"43":{"start":{"line":66,"column":8},"end":{"line":66,"column":34}},"44":{"start":{"line":71,"column":4},"end":{"line":77,"column":6}},"45":{"start":{"line":80,"column":113},"end":{"line":80,"column":133}},"46":{"start":{"line":82,"column":81},"end":{"line":108,"column":4}},"47":{"start":{"line":110,"column":2},"end":{"line":118,"column":6}},"48":{"start":{"line":121,"column":0},"end":{"line":124,"column":3}},"49":{"start":{"line":122,"column":15},"end":{"line":122,"column":68}},"50":{"start":{"line":123,"column":2},"end":{"line":123,"column":50}},"51":{"start":{"line":126,"column":0},"end":{"line":140,"column":3}},"52":{"start":{"line":127,"column":16},"end":{"line":127,"column":66}},"53":{"start":{"line":129,"column":2},"end":{"line":137,"column":3}},"54":{"start":{"line":130,"column":4},"end":{"line":136,"column":6}},"55":{"start":{"line":139,"column":2},"end":{"line":139,"column":76}},"56":{"start":{"line":142,"column":0},"end":{"line":145,"column":3}},"57":{"start":{"line":143,"column":15},"end":{"line":143,"column":72}},"58":{"start":{"line":144,"column":2},"end":{"line":144,"column":100}},"59":{"start":{"line":147,"column":0},"end":{"line":150,"column":3}},"60":{"start":{"line":148,"column":15},"end":{"line":148,"column":69}},"61":{"start":{"line":149,"column":2},"end":{"line":149,"column":50}},"62":{"start":{"line":152,"column":0},"end":{"line":155,"column":3}},"63":{"start":{"line":153,"column":15},"end":{"line":153,"column":73}},"64":{"start":{"line":154,"column":2},"end":{"line":154,"column":50}},"65":{"start":{"line":157,"column":0},"end":{"line":160,"column":3}},"66":{"start":{"line":158,"column":15},"end":{"line":158,"column":71}},"67":{"start":{"line":159,"column":2},"end":{"line":159,"column":50}},"68":{"start":{"line":162,"column":0},"end":{"line":165,"column":3}},"69":{"start":{"line":163,"column":15},"end":{"line":163,"column":88}},"70":{"start":{"line":164,"column":2},"end":{"line":164,"column":99}},"71":{"start":{"line":167,"column":0},"end":{"line":174,"column":3}},"72":{"start":{"line":168,"column":2},"end":{"line":170,"column":3}},"73":{"start":{"line":169,"column":4},"end":{"line":169,"column":82}},"74":{"start":{"line":171,"column":22},"end":{"line":171,"column":52}},"75":{"start":{"line":172,"column":15},"end":{"line":172,"column":91}},"76":{"start":{"line":173,"column":2},"end":{"line":173,"column":87}},"77":{"start":{"line":176,"column":0},"end":{"line":179,"column":3}},"78":{"start":{"line":177,"column":15},"end":{"line":177,"column":83}},"79":{"start":{"line":178,"column":2},"end":{"line":178,"column":80}},"80":{"start":{"line":181,"column":0},"end":{"line":184,"column":3}},"81":{"start":{"line":182,"column":2},"end":{"line":182,"column":61}},"82":{"start":{"line":183,"column":2},"end":{"line":183,"column":76}},"83":{"start":{"line":186,"column":0},"end":{"line":190,"column":3}},"84":{"start":{"line":187,"column":34},"end":{"line":187,"column":43}},"85":{"start":{"line":188,"column":15},"end":{"line":188,"column":99}},"86":{"start":{"line":189,"column":2},"end":{"line":189,"column":50}},"87":{"start":{"line":194,"column":0},"end":{"line":201,"column":3}},"88":{"start":{"line":195,"column":28},"end":{"line":195,"column":48}},"89":{"start":{"line":196,"column":15},"end":{"line":199,"column":4}},"90":{"start":{"line":200,"column":2},"end":{"line":200,"column":50}},"91":{"start":{"line":203,"column":0},"end":{"line":207,"column":3}},"92":{"start":{"line":204,"column":28},"end":{"line":204,"column":48}},"93":{"start":{"line":205,"column":15},"end":{"line":205,"column":51}},"94":{"start":{"line":206,"column":2},"end":{"line":206,"column":83}},"95":{"start":{"line":209,"column":0},"end":{"line":215,"column":3}},"96":{"start":{"line":210,"column":28},"end":{"line":210,"column":48}},"97":{"start":{"line":211,"column":14},"end":{"line":211,"column":57}},"98":{"start":{"line":212,"column":2},"end":{"line":212,"column":86}},"99":{"start":{"line":212,"column":12},"end":{"line":212,"column":86}},"100":{"start":{"line":213,"column":2},"end":{"line":213,"column":29}},"101":{"start":{"line":214,"column":2},"end":{"line":214,"column":82}},"102":{"start":{"line":217,"column":0},"end":{"line":224,"column":3}},"103":{"start":{"line":218,"column":28},"end":{"line":218,"column":48}},"104":{"start":{"line":219,"column":14},"end":{"line":219,"column":57}},"105":{"start":{"line":220,"column":2},"end":{"line":220,"column":86}},"106":{"start":{"line":220,"column":12},"end":{"line":220,"column":8
[...]
"line":49,"column":28}},{"start":{"line":49,"column":32},"end":{"line":49,"column":59}}],"line":49},"6":{"loc":{"start":{"line":76,"column":2},"end":{"line":76,"column":74}},"type":"if","locations":[{"start":{"line":76,"column":2},"end":{"line":76,"column":74}},{"start":{},"end":{}}],"line":76},"7":{"loc":{"start":{"line":76,"column":6},"end":{"line":76,"column":59}},"type":"binary-expr","locations":[{"start":{"line":76,"column":6},"end":{"line":76,"column":20}},{"start":{"line":76,"column":24},"end":{"line":76,"column":43}},{"start":{"line":76,"column":47},"end":{"line":76,"column":59}}],"line":76},"8":{"loc":{"start":{"line":85,"column":2},"end":{"line":85,"column":74}},"type":"if","locations":[{"start":{"line":85,"column":2},"end":{"line":85,"column":74}},{"start":{},"end":{}}],"line":85},"9":{"loc":{"start":{"line":85,"column":6},"end":{"line":85,"column":59}},"type":"binary-expr","locations":[{"start":{"line":85,"column":6},"end":{"line":85,"column":20}},{"start":{"line":85,"column":24},"end":{"line":85,"column":43}},{"start":{"line":85,"column":47},"end":{"line":85,"column":59}}],"line":85},"10":{"loc":{"start":{"line":108,"column":2},"end":{"line":108,"column":68}},"type":"if","locations":[{"start":{"line":108,"column":2},"end":{"line":108,"column":68}},{"start":{},"end":{}}],"line":108},"11":{"loc":{"start":{"line":108,"column":6},"end":{"line":108,"column":46}},"type":"binary-expr","locations":[{"start":{"line":108,"column":6},"end":{"line":108,"column":19}},{"start":{"line":108,"column":23},"end":{"line":108,"column":46}}],"line":108}},"s":{"0":1,"1":1,"2":1,"3":1,"4":1,"5":0,"6":0,"7":0,"8":0,"9":0,"10":0,"11":0,"12":0,"13":0,"14":0,"15":0,"16":0,"17":0,"18":0,"19":0,"20":0,"21":0,"22":0,"23":0,"24":0,"25":0,"26":0,"27":0,"28":0,"29":0,"30":0,"31":0,"32":0,"33":0,"34":0,"35":0,"36":0,"37":0,"38":0,"39":0,"40":0,"41":0,"42":0,"43":0,"44":0,"45":0,"46":0,"47":1},"f":{"0":0,"1":0,"2":0,"3":0,"4":0,"5":0,"6":0,"7":0},"b":{"0":[0,0],"1":[0,0],"2":[0,0],"3":[0,0],"4":[0,0],"5":[0,0],"6":[0,0],"7":[0,0,0],"8":[0,0],"9":[0,0,0],"10":[0,0],"11":[0,0]},"_coverageSchema":"1a1c01bbd47fc00a2c39e90264f33305004495a9","hash":"a310b793b683d80d761ea254a994a4c6191020ff"}
,"C:\\Users\\debas\\Desktop\\Asset Management System\\Asset-Management-System\\backend-node\\src\\utils\\healthScoreCalculator.js": {"path":"C:\\Users\\debas\\Desktop\\Asset Management System\\Asset-Management-System\\backend-node\\src\\utils\\healthScoreCalculator.js","statementMap":{"0":{"start":{"line":18,"column":2},"end":{"line":18,"column":38}},"1":{"start":{"line":18,"column":19},"end":{"line":18,"column":38}},"2":{"start":{"line":19,"column":2},"end":{"line":19,"column":33}},"3":{"start":{"line":19,"column":19},"end":{"line":19,"column":33}},"4":{"start":{"line":20,"column":2},"end":{"line":20,"column":36}},"5":{"start":{"line":20,"column":19},"end":{"line":20,"column":36}},"6":{"start":{"line":21,"column":2},"end":{"line":21,"column":33}},"7":{"start":{"line":21,"column":19},"end":{"line":21,"column":33}},"8":{"start":{"line":22,"column":2},"end":{"line":22,"column":20}},"9":{"start":{"line":29,"column":2},"end":{"line":29,"column":32}},"10":{"start":{"line":29,"column":19},"end":{"line":29,"column":32}},"11":{"start":{"line":30,"column":2},"end":{"line":30,"column":35}},"12":{"start":{"line":30,"column":19},"end":{"line":30,"column":35}},"13":{"start":{"line":31,"column":2},"end":{"line":31,"column":16}},"14":{"start":{"line":47,"column":15},"end":{"line":47,"column":40}},"15":{"start":{"line":50,"column":17},"end":{"line":50,"column":20}},"16":{"start":{"line":51,"column":2},"end":{"line":59,"column":3}},"17":{"start":{"line":52,"column":22},"end":{"line":52,"column":90}},"18":{"start":{"line":53,"column":4},"end":{"line":58,"column":5}},"19":{"start":{"line":54,"column":24},"end":{"line":54,"column":52}},"20":{"start":{"line":55,"column":27},"end":{"line":55,"column":63}},"21":{"start":{"line":56,"column":23},"end":{"line":56,"column":57}},"22":{"start":{"line":57,"column":6},"end":{"line":57,"column":63}},"23":{"start":{"line":63,"column":17},"end":{"line":63,"column":48}},"24":{"start":{"line":64,"column":25},"end":{"line":64,"column":28}},"25":{"start":{"line":65,"column":2},"end":{"line":67,"column":3}},"26":{"start":{"line":66,"column":4},"end":{"line":66,"column":56}},"27":{"start":{"line":71,"column":22},"end":{"line":71,"column":49}},"28":{"start":{"line":72,"column":24},"end":{"line":72,"column":53}},"29":{"start":{"line":73,"column":24},"end":{"line":73,"column":27}},"30":{"start":{"line":74,"column":2},"end":{"line":77,"column":3}},"31":{"start":{"line":75,"column":18},"end":{"line":75,"column":58}},"32":{"start":{"line":76,"column":4},"end":{"line":76,"column":55}},"33":{"start":{"line":81,"column":19},"end":{"line":81,"column":49}},"34":{"start":{"line":82,"column":24},"end":{"line":82,"column":62}},"35":{"start":{"line":85,"column":22},"end":{"line":85,"column":24}},"36":{"start":{"line":86,"column":2},"end":{"line":96,"column":3}},"37":{"start":{"line":87,"column":20},"end":{"line":87,"column":94}},"38":{"start":{"line":88,"column":4},"end":{"line":95,"column":5}},"39":{"start":{"line":89,"column":23},"end":{"line":89,"column":69}},"40":{"start":{"line":90,"column":6},"end":{"line":94,"column":29}},"41":{"start":{"line":90,"column":26},"end":{"line":90,"column":46}},"42":{"start":{"line":91,"column":11},"end":{"line":94,"column":29}},"43":{"start":{"line":91,"column":31},"end":{"line":91,"column":50}},"44":{"start":{"line":92,"column":11},"end":{"line":94,"column":29}},"45":{"start":{"line":92,"column":31},"end":{"line":92,"column":50}},"46":{"start":{"line":93,"column":11},"end":{"line":94,"column":29}},"47":{"start":{"line":93,"column":31},"end":{"line":93,"column":50}},"48":{"start":{"line":94,"column":11},"end":{"line":94,"column":29}},"49":{"start":{"line":100,"column":4},"end":{"line":104,"column":26}},"50":{"start":{"line":106,"column":21},"end":{"line":106,"column":83}},"51":{"start":{"line":109,"column":20},"end":{"line":109,"column":61}},"52":{"start":{"line":111,"column":2},"end":{"line":121,"column":4}},"53":{"start":{"line":124,"column":0},"end":{"line":124,"column":61}}},"fnMap":{"0":{"name":"getHealthLevel","decl":{"start":{"line":17,"column":9},"end":{"line":17,"column":23}},"loc":{"start":{"line":17,"column":31},"end":{"line":23,"column":1}},"line":17},"1":{"name":"getRiskLevel","decl":{"start":{"line":28,"column":9},"end":{"line":28,"column":21}},"loc":{"start":{"line":28,"column":29},"end":{"line":32,"column":1}},"line":28},"2":{"name":"calculate","decl":{"start":{"line":46,"column":9},"end":{"line":46,"column":18}},"loc":{"start":{"line":46,"column":120},"end":{"line":122,"column":1}},"line":46}},"branchMap":{"0":{"loc":{"start":{"line":18,"column":2},"end":{"line":18,"column":38}},"type":"if","locations":[{"start":{"line":18,"column":2},"end":{"line":18,"column":38}},{"start":{},"end":{}}],"line":18},"1":{"loc":{"start":{"line":19,"column":2},"end":{"line":19,"column":33}},"type":"if","locations":[{"start":{"line":19,"column":2},"end":{"line":19,"column":33}},{"start":{},"end":{}}],"line":19},"2":{"loc":{"start":{"line":20,"column":2},"end":{"line":20,"column":36}},"type":"if","locations":[{"start":{"line":20,"column":2},"end":{"line":20,"column":36}},{"start":{},"end":{}}],"line":20},"3":{"loc":{"start":{"line":21,"column":2},"end":{"line":21,"column":33}},"type":"if","locations":[{"start":{"line":21,"column":2},"end":{"line":21,"column":33}},{"start":{},"end":{}}],"line":21},"4":{"loc":{"start":{"line":29,"column":2},"end":{"line":29,"column":32}},"type":"if","locations":[{"start":{"line":29,"column":2},"end":{"line":29,"column":32}},{"start":{},"end":{}}],"line":29},"5":{"loc":{"start":{"line":30,"column":2},"end":{"line":30,"column":35}},"type":"if","locations":[{"start":{"line":30,"column":2},"end":{"line":30,"column":35}},{"start":{},"end":{}}],"line":30},"6":{"loc":{"start":{"line":47,"column":15},"end":{"line":47,"column":40}},"type":"binary-expr","locations":[{"start":{"line":47,"column":15},"end":{"line":47,"column":35}},{"start":{"line":47,"column":39},"end":{"line":47,"column":40}}],"line":47},"7":{"loc":{"start":{"line":51,"column":2},"end":{"line":59,"column":3}},"type":"if","locations":[{"start":{"line":51,"column":2},"end":{"line":59,"column":3}},{"start":{},"end":{}}],"line":51},"8":{"loc":{"start":{"line":52,"column":22},"end":{"line":52,"column":90}},"type":"cond-expr","locations":[{"start":{"line":52,"column":53},"end":{"line":52,"column":65}},{"start":{"line":52,"column":68},"end":{"line":52,"column":90}}],"line":52},"9":{"loc":{"start":{"line":53,"column":4},"end":{"line":58,"column":5}},"type":"if","locations":[{"start":{"line":53,"column":4},"end":{"line":58,"column":5}},{"start":{},"end":{}}],"line":53},"10":{"loc":{"start":{"line":63,"column":17},"end":{"line":63,"column":48}},"type":"binary-expr","locations":[{"start":{"line":63,"column":17},"end":{"line":63,"column":43}},{"start":{"line":63,"column":47},"end":{"line":63,"column":48}}],"line":63},"11":{"loc":{"start":{"line":65,"column":2},"end":{"line":67,"column":3}},"type":"if","locations":[{"start":{"line":65,"column":2},"end":{"line":67,"column":3}},{"start":{},"end":{}}],"line":65},"12":{"loc":{"start":{"line":71,"column":22},"end":{"line":71,"column":49}},"type":"binary-expr","locations":[{"start":{"line":71,"column":22},"end":{"line":71,"column":44}},{"start":{"line":71,"column":48},"end":{"line":71,"column":49}}],"line":71},"13":{"loc":{"start":{"line":72,"column":24},"end":{"line":72,"column":53}},"type":"binary-expr","locations":[{"start":{"line":72,"column":24},"end":{"line":72,"column":48}},{"start":{"line":72,"column":52},"end":{"line":72,"column":53}}],"line":72},"14":{"loc":{"start":{"line":74,"column":2},"end":{"line":77,"column":3}},"type":"if","locations":[{"start":{"line":74,"column":2},"end":{"line":77,"column":3}},{"start":{},"end":{}}],"line":74},"15":{"loc":{"start":{"line":74,"column":6},"end":{"line":74,"column":42}},"type":"binary-expr","locations":[{"start":{"line":74,"column":6},"end":{"line":74,"column":21}},{"start":{"line":74,"column":25},"end":{"line":74,"column":42}}],"line":74},"16":{"loc":{"start":{"line":81,"column":19},"end":{"line":81,"column":49}},"type":"binary-expr","locations":[{"start":{"line":81,"column":19},"end":{"line":81,"column":44}},{"start":{"line":81,"column":48},"end":{"line":81,"column":49}}],"line":81},"17":{"loc":{"start":{"line":86,"column":2},"end":{"line":96,"column":3}},"type":"if","locations":[{"start":{"line":86,"column":2},"end":{"line":96,"column":3}},{"start":{},"end":{}}],"line":86},"18":{"loc":{"start":{"line":87,"column":20},"end":{"line":87,"column":94}},"type":"cond-expr","locations":[{"start":{"line":87,"column":53},"end":{"line":87,"column":67}},{"start":{"line":87,"column":70},"end":{"line":87,"column":94}}],"line":87},"19":{"loc":{"start":{"line":88,"column":4},"end":{"line":95,"column":5}},"type":"if","locations":[{"start":{"line":88,"column":4},"end":{"line":95,"column":5}},{"start":{},"end":{}}],"line":88},"20":{"loc":{"start":{"line":90,"column":6},"end":{"line":94,"column":29}},"type":"if","locations":[{"start":{"line":90,"column":6},"end":{"line":94,"column":29}},{"start":{"line":91,"column":11},"end":{"line":94,"column":29}}],"line":90},"21":{"loc":{"start":{"line":91,"column":11},"end":{"line":94,"column":29}},"type":"if","locations":[{"start":{"line":91,"column":11},"end":{"line":94,"column":29}},{"start":{"line":92,"column":11},"end":{"line":94,"column":29}}],"line":91},"22":{"loc":{"start":{"line":92,"column":11},"end":{"line":94,"column":29}},"type":"if","locations":[{"start":{"line":92,"column":11},"end":{"line":94,"column":29}},{"start":{"line":93,"column":11},"end":{"line":94,"column":29}}],"line":92},"23":{"loc":{"start":{"line":93,"column":11},"end":{"line":94,"column":29}},"type":"if","locations":[{"start":{"line":93,"column":11},"end":{"line":94,"column":29}},{"start":{"line":94,"column":11},"end":{"line":94,"column":29}}],"line":93}},"s":{"0":1,"1":1,"2":0,"3":0,"4":0,"5":0,"6":0,"7":0,"8":0,"9":1,"10":1,"11":0,"12":0,"13":0,"14":1,"15":1,"16":1,"17":1,"18":1,"19":1,"20":1,"21":1,"22":1,"23":1,"24":1,"25":1,"26":0,"27":1,"28":1,"29":1,"30":1,"31":0,"32":0,"33":1,"34":1,"35":1,"36":1,"37":1,"38":1,"39":1,"40":1,"41":1,"42":0,"43":0,"44":0,"45":0,"46":0,"47":0,"48":0,"49":1,"50":1,"51":1,"52":1,"53":2},"f":{"0":1,"1":1,"2":1},"b":{"0":[1,0],"1":[0,0],"2":[0,0],"3":[0,0],"4":[1,0],"5":[0,0],"6":[1,0],"7":[1,0],"8":[1,0],"9":[1,0],"10":[1,1],"11":[0,1],"12":[1,1],"13":[1,0],"14":[0,1],"15":[1,0],"16":[1,1],"17":[1,0],"18":[1,0],"19":[1,0],"20":[1,0],"21":[0,0],"22":[0,0],"23":[0,0]},"_coverageSchema":"1a1c01bbd47fc00a2c39e90264f33305004495a9","hash":"846b9f52292e7799c6c4e9578c78b478d34597c4"}
,"C:\\Users\\debas\\Desktop\\Asset Management System\\Asset-Management-System\\backend-node\\src\\utils\\jwtUtils.js": {"path":"C:\\Users\\debas\\Desktop\\Asset Management System\\Asset-Management-System\\backend-node\\src\\utils\\jwtUtils.js","statementMap":{"0":{"start":{"line":1,"column":12},"end":{"line":1,"column":35}},"1":{"start":{"line":2,"column":15},"end":{"line":2,"column":39}},"2":{"start":{"line":13,"column":2},"end":{"line":16,"column":5}},"3":{"start":{"line":23,"column":2},"end":{"line":26,"column":5}},"4":{"start":{"line":34,"column":2},"end":{"line":34,"column":46}},"5":{"start":{"line":41,"column":2},"end":{"line":41,"column":27}},"6":{"start":{"line":48,"column":2},"end":{"line":53,"column":3}},"7":{"start":{"line":49,"column":4},"end":{"line":49,"column":41}},"8":{"start":{"line":50,"column":4},"end":{"line":50,"column":17}},"9":{"start":{"line":52,"column":4},"end":{"line":52,"column":44}},"10":{"start":{"line":60,"column":18},"end":{"line":60,"column":36}},"11":{"start":{"line":61,"column":2},"end":{"line":61,"column":38}},"12":{"start":{"line":68,"column":2},"end":{"line":73,"column":4}},"13":{"start":{"line":76,"column":0},"end":{"line":84,"column":2}}},"fnMap":{"0":{"name":"generateAccessToken","decl":{"start":{"line":12,"column":9},"end":{"line":12,"column":28}},"loc":{"start":{"line":12,"column":38},"end":{"line":17,"column":1}},"line":12},"1":{"name":"generateRefreshToken","decl":{"start":{"line":22,"column":9},"end":{"line":22,"column":29}},"loc":{"start":{"line":22,"column":39},"end":{"line":27,"column":1}},"line":22},"2":{"name":"verifyToken","decl":{"start":{"line":33,"column":9},"end":{"line":33,"column":20}},"loc":{"start":{"line":33,"column":28},"end":{"line":35,"column":1}},"line":33},"3":{"name":"decodeToken","decl":{"start":{"line":40,"column":9},"end":{"line":40,"column":20}},"loc":{"start":{"line":40,"column":28},"end":{"line":42,"column":1}},"line":40},"4":{"name":"isTokenExpired","decl":{"start":{"line":47,"column":9},"end":{"line":47,"column":23}},"loc":{"start":{"line":47,"column":31},"end":{"line":54,"column":1}},"line":47},"5":{"name":"extractUsername","decl":{"start":{"line":59,"column":9},"end":{"line":59,"column":24}},"loc":{"start":{"line":59,"column":32},"end":{"line":62,"column":1}},"line":59},"6":{"name":"buildClaims","decl":{"start":{"line":67,"column":9},"end":{"line":67,"column":20}},"loc":{"start":{"line":67,"column":34},"end":{"line":74,"column":1}},"line":67}},"branchMap":{"0":{"loc":{"start":{"line":61,"column":9},"end":{"line":61,"column":37}},"type":"binary-expr","locations":[{"start":{"line":61,"column":9},"end":{"line":61,"column":20}},{"start":{"line":61,"column":24},"end":{"line":61,"column":37}}],"line":61}},"s":{"0":2,"1":2,"2":3,"3":0,"4":1,"5":1,"6":1,"7":1,"8":1,"9":0,"10":0,"11":0,"12":3,"13":2},"f":{"0":3,"1":0,"2":1,"3":1,"4":1,"5":0,"6":3},"b":{"0":[0,0]},"_coverageSchema":"1a1c01bbd47fc00a2c39e90264f33305004495a9","hash":"52c20522a9dba1c0afc2e11f1e4f14c5c4c0ce3a"}
,"C:\\Users\\debas\\Desktop\\Asset Management System\\Asset-Management-System\\backend-node\\src\\utils\\logger.js": {"path":"C:\\Users\\debas\\Desktop\\Asset Management System\\Asset-Management-System\\backend-node\\src\\utils\\logger.js","statementMap":{"0":{"start":{"line":1,"column":16},"end":{"line":1,"column":34}},"1":{"start":{"line":2,"column":0},"end":{"line":2,"column":37}},"2":{"start":{"line":3,"column":15},"end":{"line":3,"column":39}},"3":{"start":{"line":5,"column":57},"end":{"line":5,"column":71}},"4":{"start":{"line":7,"column":18},"end":{"line":9,"column":2}},"5":{"start":{"line":8,"column":2},"end":{"line":8,"column":56}},"6":{"start":{"line":11,"column":19},"end":{"line":30,"column":1}},"7":{"start":{"line":32,"column":15},"end":{"line":41,"column":2}},"8":{"start":{"line":43,"column":0},"end":{"line":43,"column":24}}},"fnMap":{"0":{"name":"(anonymous_0)","decl":{"start":{"line":7,"column":25},"end":{"line":7,"column":26}},"loc":{"start":{"line":7,"column":67},"end":{"line":9,"column":1}},"line":7}},"branchMap":{"0":{"loc":{"start":{"line":8,"column":37},"end":{"line":8,"column":53}},"type":"binary-expr","locations":[{"start":{"line":8,"column":37},"end":{"line":8,"column":42}},{"start":{"line":8,"column":46},"end":{"line":8,"column":53}}],"line":8},"1":{"loc":{"start":{"line":33,"column":9},"end":{"line":33,"column":60}},"type":"cond-expr","locations":[{"start":{"line":33,"column":44},"end":{"line":33,"column":50}},{"start":{"line":33,"column":53},"end":{"line":33,"column":60}}],"line":33}},"s":{"0":1,"1":1,"2":1,"3":1,"4":1,"5":0,"6":1,"7":1,"8":1},"f":{"0":0},"b":{"0":[0,0],"1":[0,1]},"_coverageSchema":"1a1c01bbd47fc00a2c39e90264f33305004495a9","hash":"7c98f972abf0867bfeb2806ed13a2b757ee8b92c"}
,"C:\\Users\\debas\\Desktop\\Asset Management System\\Asset-Management-System\\backend-node\\src\\utils\\qrCodeGenerator.js": {"path":"C:\\Users\\debas\\Desktop\\Asset Management System\\Asset-Management-System\\backend-node\\src\\utils\\qrCodeGenerator.js","statementMap":{"0":{"start":{"line":1,"column":15},"end":{"line":1,"column":32}},"1":{"start":{"line":2,"column":13},"end":{"line":2,"column":28}},"2":{"start":{"line":3,"column":11},"end":{"line":3,"column":24}},"3":{"start":{"line":4,"column":15},"end":{"line":4,"column":39}},"4":{"start":{"line":5,"column":15},"end":{"line":5,"column":34}},"5":{"start":{"line":20,"column":16},"end":{"line":20,"column":46}},"6":{"start":{"line":21,"column":2},"end":{"line":23,"column":3}},"7":{"start":{"line":22,"column":4},"end":{"line":22,"column":45}},"8":{"start":{"line":25,"column":19},"end":{"line":25,"column":36}},"9":{"start":{"line":26,"column":19},"end":{"line":26,"column":45}},"10":{"start":{"line":29,"column":20},"end":{"line":29,"column":65}},"11":{"start":{"line":31,"column":2},"end":{"line":40,"column":5}},"12":{"start":{"line":42,"column":2},"end":{"line":42,"column":49}},"13":{"start":{"line":43,"column":2},"end":{"line":43,"column":35}},"14":{"start":{"line":50,"column":2},"end":{"line":55,"column":5}},"15":{"start":{"line":62,"column":2},"end":{"line":66,"column":5}},"16":{"start":{"line":69,"column":0},"end":{"line":69,"column":73}}},"fnMap":{"0":{"name":"generateQrCode","decl":{"start":{"line":19,"column":15},"end":{"line":19,"column":29}},"loc":{"start":{"line":19,"column":40},"end":{"line":44,"column":1}},"line":19},"1":{"name":"generateQrBuffer","decl":{"start":{"line":49,"column":15},"end":{"line":49,"column":31}},"loc":{"start":{"line":49,"column":41},"end":{"line":56,"column":1}},"line":49},"2":{"name":"generateQrDataUrl","decl":{"start":{"line":61,"column":15},"end":{"line":61,"column":32}},"loc":{"start":{"line":61,"column":42},"end":{"line":67,"column":1}},"line":61}},"branchMap":{"0":{"loc":{"start":{"line":21,"column":2},"end":{"line":23,"column":3}},"type":"if","locations":[{"start":{"line":21,"column":2},"end":{"line":23,"column":3}},{"start":{},"end":{}}],"line":21}},"s":{"0":1,"1":1,"2":1,"3":1,"4":1,"5":0,"6":0,"7":0,"8":0,"9":0,"10":0,"11":0,"12":0,"13":0,"14":0,"15":0,"16":1},"f":{"0":0,"1":0,"2":0},"b":{"0":[0,0]},"_coverageSchema":"1a1c01bbd47fc00a2c39e90264f33305004495a9","hash":"4b8a0f1c7721337941058e2ef11e12d94892d3b1"}
}
