TN:
SF:server.js
FN:84,(anonymous_0)
FN:85,(anonymous_1)
FN:90,(anonymous_2)
FN:106,(anonymous_3)
FN:130,(anonymous_4)
FN:135,(anonymous_5)
FN:149,bootstrap
FN:160,(anonymous_7)
FN:173,(anonymous_8)
FN:178,(anonymous_9)
FNF:10
FNH:2
FNDA:0,(anonymous_0)
FNDA:0,(anonymous_1)
FNDA:3,(anonymous_2)
FNDA:0,(anonymous_3)
FNDA:1,(anonymous_4)
FNDA:0,(anonymous_5)
FNDA:0,bootstrap
FNDA:0,(anonymous_7)
FNDA:0,(anonymous_8)
FNDA:0,(anonymous_9)
DA:3,1
DA:4,1
DA:6,1
DA:7,1
DA:8,1
DA:9,1
DA:10,1
DA:11,1
DA:12,1
DA:14,1
DA:15,1
DA:16,1
DA:17,1
DA:20,1
DA:21,1
DA:22,1
DA:23,1
DA:24,1
DA:25,1
DA:26,1
DA:27,1
DA:28,1
DA:29,1
DA:30,1
DA:31,1
DA:32,1
DA:33,1
DA:34,1
DA:35,1
DA:36,1
DA:37,1
DA:38,1
DA:41,1
DA:44,1
DA:47,1
DA:51,1
DA:59,1
DA:66,1
DA:69,1
DA:74,1
DA:75,1
DA:78,1
DA:79,1
DA:82,1
DA:83,0
DA:84,0
DA:85,0
DA:90,1
DA:91,3
DA:92,3
DA:93,0
DA:94,0
DA:99,1
DA:102,1
DA:106,1
DA:109,1
DA:110,1
DA:111,1
DA:112,1
DA:113,1
DA:114,1
DA:115,1
DA:116,1
DA:117,1
DA:118,1
DA:119,1
DA:120,1
DA:121,1
DA:122,1
DA:123,1
DA:124,1
DA:125,1
DA:126,1
DA:127,1
DA:130,1
DA:131,1
DA:135,1
DA:136,0
DA:145,1
DA:146,1
DA:150,0
DA:152,0
DA:155,0
DA:156,0
DA:159,0
DA:160,0
DA:161,0
DA:162,0
DA:163,0
DA:164,0
DA:167,0
DA:168,0
DA:173,1
DA:174,0
DA:175,0
DA:178,1
DA:179,0
DA:182,1
DA:183,0
DA:186,1
LF:100
LH:78
BRDA:82,0,0,0
BRDA:82,0,1,1
BRDA:92,1,0,0
BRDA:92,1,1,3
BRDA:159,2,0,0
BRDA:159,2,1,0
BRDA:182,3,0,0
BRDA:182,3,1,1
BRF:8
BRH:3
end_of_record
TN:
SF:src\config\database.js
FN:17,(anonymous_0)
FN:38,connectDatabase
FN:60,ensureDatabaseExists
FN:73,seedDefaultAuthData
FNF:4
FNH:0
FNDA:0,(anonymous_0)
FNDA:0,connectDatabase
FNDA:0,ensureDatabaseExists
FNDA:0,seedDefaultAuthData
DA:1,1
DA:2,1
DA:3,1
DA:4,1
DA:5,1
DA:7,1
DA:17,0
DA:39,0
DA:40,0
DA:41,0
DA:42,0
DA:44,0
DA:45,0
DA:46,0
DA:48,0
DA:50,0
DA:51,0
DA:53,0
DA:55,0
DA:56,0
DA:61,0
DA:68,0
DA:69,0
DA:70,0
DA:74,0
DA:76,0
DA:82,0
DA:83,0
DA:84,0
DA:85,0
DA:88,0
DA:105,0
DA:106,0
DA:118,0
DA:119,0
DA:120,0
DA:129,0
DA:130,0
DA:134,0
DA:137,1
LF:40
LH:7
BRDA:16,0,0,0
BRDA:16,0,1,1
BRDA:118,1,0,0
BRDA:118,1,1,0
BRF:4
BRH:1
end_of_record
TN:
SF:src\config\env.js
FN:7,firstDefined
FNF:1
FNH:1
FNDA:6,firstDefined
DA:5,2
DA:8,6
DA:9,6
DA:10,6
DA:14,0
DA:17,2
DA:25,2
LF:7
LH:6
BRDA:9,0,0,6
BRDA:9,0,1,0
BRDA:9,1,0,6
BRDA:9,1,1,6
BRDA:9,1,2,6
BRDA:18,2,0,2
BRDA:18,2,1,0
BRDA:18,2,2,0
BRDA:18,2,3,0
BRDA:18,2,4,0
BRDA:27,3,0,2
BRDA:27,3,1,0
BRDA:28,4,0,2
BRDA:28,4,1,0
BRDA:32,5,0,2
BRDA:32,5,1,0
BRDA:32,6,0,0
BRDA:32,6,1,0
BRDA:33,7,0,2
BRDA:33,7,1,0
BRDA:34,8,0,2
BRDA:34,8,1,0
BRDA:35,9,0,2
BRDA:35,9,1,0
BRDA:36,10,0,0
BRDA:36,10,1,0
BRDA:37,11,0,2
BRDA:37,11,1,0
BRDA:38,12,0,2
BRDA:38,12,1,0
BRDA:39,13,0,0
BRDA:39,13,1,0
BRDA:40,14,0,2
BRDA:40,14,1,0
BRDA:41,15,0,2
BRDA:41,15,1,0
BRDA:41,15,2,0
BRDA:42,16,0,0
BRDA:42,16,1,0
BRDA:42,16,2,0
BRDA:44,17,0,2
BRDA:44,17,1,2
BRDA:45,18,0,2
BRDA:45,18,1,2
BRDA:53,19,0,2
BRDA:53,19,1,0
BRDA:54,20,0,2
BRDA:54,20,1,2
BRDA:55,21,0,2
BRDA:55,21,1,2
BRDA:60,22,0,2
BRDA:60,22,1,0
BRDA:67,23,0,2
BRDA:67,23,1,2
BRDA:68,24,0,2
BRDA:68,24,1,2
BRDA:69,25,0,2
BRDA:69,25,1,2
BRDA:70,26,0,2
BRDA:70,26,1,2
BRDA:71,27,0,2
BRDA:71,27,1,2
BRDA:76,28,0,2
BRDA:76,28,1,2
BRDA:77,29,0,2
BRDA:77,29,1,2
BRDA:78,30,0,2
BRDA:78,30,1,2
BRDA:79,31,0,2
BRDA:79,31,1,2
BRDA:80,32,0,2
BRDA:80,32,1,2
BRDA:81,33,0,2
BRDA:81,33,1,2
BRDA:86,34,0,2
BRDA:86,34,1,2
BRDA:87,35,0,2
BRDA:87,35,1,2
BRDA:88,36,0,2
BRDA:88,36,1,2
BRDA:93,37,0,2
BRDA:93,37,1,2
BRDA:94,38,0,2
BRDA:94,38,1,2
BRDA:95,39,0,2
BRDA:95,39,1,2
BRF:86
BRH:59
end_of_record
TN:
SF:src\config\mailer.js
FNF:0
FNH:0
DA:1,1
DA:2,1
DA:4,1
DA:20,1
LF:4
LH:4
BRF:0
BRH:0
end_of_record
TN:
SF:src\config\swagger.js
FNF:0
FNH:0
DA:1,1
DA:2,1
DA:3,1
DA:5,1
DA:30,1
DA:32,1
LF:6
LH:6
BRF:0
BRH:0
end_of_record
TN:
SF:src\middleware\auth.js
FN:10,authenticate
FN:39,(anonymous_1)
FN:59,optionalAuth
FNF:3
FNH:0
FNDA:0,authenticate
FNDA:0,(anonymous_1)
FNDA:0,optionalAuth
DA:1,1
DA:2,1
DA:3,1
DA:4,1
DA:11,0
DA:12,0
DA:13,0
DA:14,0
DA:17,0
DA:18,0
DA:21,0
DA:25,0
DA:26,0
DA:29,0
DA:30,0
DA:34,0
DA:39,0
DA:43,0
DA:45,0
DA:46,0
DA:48,0
DA:49,0
DA:51,0
DA:52,0
DA:60,0
DA:61,0
DA:62,0
DA:64,0
DA:67,1
LF:29
LH:5
BRDA:13,0,0,0
BRDA:13,0,1,0
BRDA:13,1,0,0
BRDA:13,1,1,0
BRDA:25,2,0,0
BRDA:25,2,1,0
BRDA:29,3,0,0
BRDA:29,3,1,0
BRDA:39,4,0,0
BRDA:39,4,1,0
BRDA:39,5,0,0
BRDA:39,5,1,0
BRDA:45,6,0,0
BRDA:45,6,1,0
BRDA:48,7,0,0
BRDA:48,7,1,0
BRDA:61,8,0,0
BRDA:61,8,1,0
BRDA:61,9,0,0
BRDA:61,9,1,0
BRF:20
BRH:0
end_of_record
TN:
SF:src\middleware\errorHandler.js
FN:8,(anonymous_0)
FN:17,(anonymous_1)
FN:24,(anonymous_2)
FN:30,(anonymous_3)
FN:36,(anonymous_4)
FN:42,(anonymous_5)
FN:51,errorHandler
FN:54,(anonymous_7)
FN:92,notFoundHandler
FNF:9
FNH:1
FNDA:0,(anonymous_0)
FNDA:0,(anonymous_1)
FNDA:0,(anonymous_2)
FNDA:0,(anonymous_3)
FNDA:0,(anonymous_4)
FNDA:0,(anonymous_5)
FNDA:0,errorHandler
FNDA:0,(anonymous_7)
FNDA:1,notFoundHandler
DA:1,1
DA:2,1
DA:9,0
DA:10,0
DA:11,0
DA:12,0
DA:18,0
DA:19,0
DA:25,0
DA:31,0
DA:37,0
DA:43,0
DA:53,0
DA:54,0
DA:55,0
DA:56,0
DA:60,0
DA:61,0
DA:62,0
DA:66,0
DA:67,0
DA:68,0
DA:72,0
DA:73,0
DA:75,0
DA:76,0
DA:80,0
DA:81,0
DA:85,0
DA:86,0
DA:93,1
DA:96,1
LF:32
LH:4
BRDA:8,0,0,0
BRDA:36,1,0,0
BRDA:42,2,0,0
BRDA:53,3,0,0
BRDA:53,3,1,0
BRDA:53,4,0,0
BRDA:53,4,1,0
BRDA:54,5,0,0
BRDA:54,5,1,0
BRDA:60,6,0,0
BRDA:60,6,1,0
BRDA:66,7,0,0
BRDA:66,7,1,0
BRDA:72,8,0,0
BRDA:72,8,1,0
BRDA:75,9,0,0
BRDA:75,9,1,0
BRDA:80,10,0,0
BRDA:80,10,1,0
BRF:19
BRH:0
end_of_record
TN:
SF:src\middleware\rbac.js
FN:9,requireRoles
FN:10,(anonymous_1)
FN:16,(anonymous_2)
FNF:3
FNH:1
FNDA:2,requireRoles
FNDA:0,(anonymous_1)
FNDA:0,(anonymous_2)
DA:1,1
DA:10,2
DA:11,0
DA:12,0
DA:15,0
DA:16,0
DA:18,0
DA:19,0
DA:24,0
DA:31,1
DA:36,1
DA:38,1
LF:12
LH:5
BRDA:11,0,0,0
BRDA:11,0,1,0
BRDA:15,1,0,0
BRDA:15,1,1,0
BRDA:18,2,0,0
BRDA:18,2,1,0
BRF:6
BRH:0
end_of_record
TN:
SF:src\models\AiChatHistory.js
FNF:0
FNH:0
DA:1,1
DA:2,1
DA:8,1
DA:26,1
LF:4
LH:4
BRF:0
BRH:0
end_of_record
TN:
SF:src\models\Asset.js
FNF:0
FNH:0
DA:1,1
DA:2,1
DA:8,1
DA:54,1
LF:4
LH:4
BRF:0
BRH:0
end_of_record
TN:
SF:src\models\AssetAllocation.js
FNF:0
FNH:0
DA:1,1
DA:2,1
DA:4,1
DA:29,1
LF:4
LH:4
BRF:0
BRH:0
end_of_record
TN:
SF:src\models\AssetCategory.js
FNF:0
FNH:0
DA:1,1
DA:2,1
DA:4,1
DA:17,1
LF:4
LH:4
BRF:0
BRH:0
end_of_record
TN:
SF:src\models\AssetDocument.js
FNF:0
FNH:0
DA:1,1
DA:2,1
DA:4,1
DA:22,1
LF:4
LH:4
BRF:0
BRH:0
end_of_record
TN:
SF:src\models\AssetHealthScore.js
FNF:0
FNH:0
DA:1,1
DA:2,1
DA:4,1
DA:30,1
LF:4
LH:4
BRF:0
BRH:0
end_of_record
TN:
SF:src\models\AssetMovement.js
FNF:0
FNH:0
DA:1,1
DA:2,1
DA:4,1
DA:25,1
LF:4
LH:4
BRF:0
BRH:0
end_of_record
TN:
SF:src\models\AuditLog.js
FNF:0
FNH:0
DA:1,1
DA:2,1
DA:4,1
DA:21,1
LF:4
LH:4
BRF:0
BRH:0
end_of_record
TN:
SF:src\models\BudgetForecast.js
FNF:0
FNH:0
DA:1,1
DA:2,1
DA:4,1
DA:25,1
LF:4
LH:4
BRF:0
BRH:0
end_of_record
TN:
SF:src\models\Department.js
FNF:0
FNH:0
DA:1,1
DA:2,1
DA:4,1
DA:17,1
LF:4
LH:4
BRF:0
BRH:0
end_of_record
TN:
SF:src\models\DepreciationRecord.js
FNF:0
FNH:0
DA:1,1
DA:2,1
DA:4,1
DA:26,1
LF:4
LH:4
BRF:0
BRH:0
end_of_record
TN:
SF:src\models\Employee.js
FNF:0
FNH:0
DA:1,1
DA:2,1
DA:4,1
DA:29,1
LF:4
LH:4
BRF:0
BRH:0
end_of_record
TN:
SF:src\models\MaintenanceRequest.js
FNF:0
FNH:0
DA:1,1
DA:2,1
DA:4,1
DA:42,1
LF:4
LH:4
BRF:0
BRH:0
end_of_record
TN:
SF:src\models\Notification.js
FNF:0
FNH:0
DA:1,1
DA:2,1
DA:4,1
DA:28,1
LF:4
LH:4
BRF:0
BRH:0
end_of_record
TN:
SF:src\models\QrScanLog.js
FNF:0
FNH:0
DA:1,1
DA:2,1
DA:4,1
DA:17,1
LF:4
LH:4
BRF:0
BRH:0
end_of_record
TN:
SF:src\models\Role.js
FNF:0
FNH:0
DA:1,1
DA:2,1
DA:4,1
DA:12,1
LF:4
LH:4
BRF:0
BRH:0
end_of_record
TN:
SF:src\models\User.js
FNF:0
FNH:0
DA:1,1
DA:2,1
DA:8,1
DA:34,1
LF:4
LH:4
BRF:0
BRH:0
end_of_record
TN:
SF:src\models\Vendor.js
FNF:0
FNH:0
DA:1,1
DA:2,1
DA:4,1
DA:27,1
LF:4
LH:4
BRF:0
BRH:0
end_of_record
TN:
SF:src\models\VendorRating.js
FNF:0
FNH:0
DA:1,1
DA:2,1
DA:4,1
DA:15,1
LF:4
LH:4
BRF:0
BRH:0
end_of_record
TN:
SF:src\models\WarrantyTracking.js
FNF:0
FNH:0
DA:1,1
DA:2,1
DA:4,1
DA:23,1
LF:4
LH:4
BRF:0
BRH:0
end_of_record
TN:
SF:src\models\index.js
FNF:0
FNH:0
DA:5,1
DA:8,1
DA:9,1
DA:10,1
DA:11,1
DA:12,1
DA:13,1
DA:14,1
DA:15,1
DA:16,1
DA:17,1
DA:18,1
DA:19,1
DA:20,1
DA:21,1
DA:22,1
DA:23,1
DA:24,1
DA:25,1
DA:26,1
DA:27,1
DA:30,1
DA:31,1
DA:34,1
DA:35,1
DA:38,1
DA:39,1
DA:42,1
DA:43,1
DA:46,1
DA:47,1
DA:50,1
DA:51,1
DA:54,1
DA:55,1
DA:58,1
DA:59,1
DA:62,1
DA:65,1
DA:66,1
DA:68,1
DA:69,1
DA:71,1
DA:72,1
DA:75,1
DA:76,1
DA:78,1
DA:81,1
DA:82,1
DA:85,1
DA:86,1
DA:87,1
DA:90,1
DA:91,1
DA:93,1
DA:94,1
DA:97,1
DA:98,1
DA:101,1
DA:102,1
DA:103,1
DA:106,1
DA:107,1
DA:110,1
DA:113,1
DA:114,1
DA:115,1
DA:118,1
DA:119,1
DA:122,1
DA:123,1
DA:126,1
DA:127,1
DA:128,1
DA:130,1
LF:75
LH:75
BRF:0
BRH:0
end_of_record
TN:
SF:src\routes\ai.js
FN:19,(anonymous_0)
FN:32,(anonymous_1)
FNF:2
FNH:0
FNDA:0,(anonymous_0)
FNDA:0,(anonymous_1)
DA:1,1
DA:2,1
DA:3,1
DA:4,1
DA:5,1
DA:19,1
DA:20,0
DA:21,0
DA:22,0
DA:24,0
DA:25,0
DA:32,1
DA:33,0
DA:34,0
DA:35,0
DA:38,1
LF:16
LH:8
BRDA:21,0,0,0
BRDA:21,0,1,0
BRDA:21,1,0,0
BRDA:21,1,1,0
BRDA:33,2,0,0
BRDA:33,3,0,0
BRF:6
BRH:0
end_of_record
TN:
SF:src\routes\allocations.js
FN:13,(anonymous_0)
FN:22,(anonymous_1)
FN:28,(anonymous_2)
FN:34,(anonymous_3)
FN:40,(anonymous_4)
FN:46,(anonymous_5)
FN:52,(anonymous_6)
FN:61,(anonymous_7)
FNF:8
FNH:0
FNDA:0,(anonymous_0)
FNDA:0,(anonymous_1)
FNDA:0,(anonymous_2)
FNDA:0,(anonymous_3)
FNDA:0,(anonymous_4)
FNDA:0,(anonymous_5)
FNDA:0,(anonymous_6)
FNDA:0,(anonymous_7)
DA:1,1
DA:2,1
DA:3,1
DA:4,1
DA:5,1
DA:13,1
DA:14,0
DA:15,0
DA:18,0
DA:22,1
DA:23,0
DA:24,0
DA:28,1
DA:29,0
DA:30,0
DA:34,1
DA:35,0
DA:36,0
DA:40,1
DA:41,0
DA:42,0
DA:46,1
DA:47,0
DA:48,0
DA:52,1
DA:53,0
DA:54,0
DA:57,0
DA:61,1
DA:62,0
DA:63,0
DA:66,0
DA:69,1
LF:33
LH:14
BRDA:14,0,0,0
BRDA:14,1,0,0
BRDA:53,2,0,0
BRDA:53,3,0,0
BRDA:62,4,0,0
BRDA:62,5,0,0
BRF:6
BRH:0
end_of_record
TN:
SF:src\routes\assets.js
FN:12,(anonymous_0)
FN:15,(anonymous_1)
FN:25,(anonymous_2)
FN:35,(anonymous_3)
FN:41,(anonymous_4)
FN:46,(anonymous_5)
FN:51,(anonymous_6)
FN:121,(anonymous_7)
FN:126,(anonymous_8)
FN:142,(anonymous_9)
FN:147,(anonymous_10)
FN:152,(anonymous_11)
FN:157,(anonymous_12)
FN:162,(anonymous_13)
FN:167,(anonymous_14)
FN:176,(anonymous_15)
FN:181,(anonymous_16)
FN:186,(anonymous_17)
FN:194,(anonymous_18)
FN:203,(anonymous_19)
FN:209,(anonymous_20)
FN:217,(anonymous_21)
FN:228,(anonymous_22)
FNF:23
FNH:0
FNDA:0,(anonymous_0)
FNDA:0,(anonymous_1)
FNDA:0,(anonymous_2)
FNDA:0,(anonymous_3)
FNDA:0,(anonymous_4)
FNDA:0,(anonymous_5)
FNDA:0,(anonymous_6)
FNDA:0,(anonymous_7)
FNDA:0,(anonymous_8)
FNDA:0,(anonymous_9)
FNDA:0,(anonymous_10)
FNDA:0,(anonymous_11)
FNDA:0,(anonymous_12)
FNDA:0,(anonymous_13)
FNDA:0,(anonymous_14)
FNDA:0,(anonymous_15)
FNDA:0,(anonymous_16)
FNDA:0,(anonymous_17)
FNDA:0,(anonymous_18)
FNDA:0,(anonymous_19)
FNDA:0,(anonymous_20)
FNDA:0,(anonymous_21)
FNDA:0,(anonymous_22)
DA:1,1
DA:2,1
DA:3,1
DA:4,1
DA:5,1
DA:6,1
DA:7,1
DA:8,1
DA:9,1
DA:11,1
DA:13,0
DA:16,0
DA:17,0
DA:18,0
DA:22,1
DA:26,0
DA:27,0
DA:28,0
DA:30,0
DA:35,1
DA:36,0
DA:37,0
DA:38,0
DA:41,1
DA:42,0
DA:43,0
DA:46,1
DA:47,0
DA:48,0
DA:51,1
DA:52,0
DA:53,0
DA:55,0
DA:56,0
DA:57,0
DA:58,0
DA:59,0
DA:60,0
DA:61,0
DA:62,0
DA:63,0
DA:64,0
DA:65,0
DA:66,0
DA:71,0
DA:80,0
DA:82,0
DA:110,0
DA:121,1
DA:122,0
DA:123,0
DA:126,1
DA:127,0
DA:129,0
DA:130,0
DA:139,0
DA:142,1
DA:143,0
DA:144,0
DA:147,1
DA:148,0
DA:149,0
DA:152,1
DA:153,0
DA:154,0
DA:157,1
DA:158,0
DA:159,0
DA:162,1
DA:163,0
DA:164,0
DA:167,1
DA:168,0
DA:169,0
DA:171,0
DA:172,0
DA:173,0
DA:176,1
DA:177,0
DA:178,0
DA:181,1
DA:182,0
DA:183,0
DA:186,1
DA:187,0
DA:188,0
DA:189,0
DA:194,1
DA:195,0
DA:196,0
DA:200,0
DA:203,1
DA:204,0
DA:205,0
DA:206,0
DA:209,1
DA:210,0
DA:211,0
DA:212,0
DA:213,0
DA:214,0
DA:217,1
DA:218,0
DA:219,0
DA:220,0
DA:221,0
DA:222,0
DA:223,0
DA:228,1
DA:229,0
DA:230,0
DA:238,0
DA:241,1
LF:113
LH:32
BRDA:27,0,0,0
BRDA:27,0,1,0
BRDA:36,1,0,0
BRDA:36,2,0,0
BRDA:55,3,0,0
BRDA:55,3,1,0
BRDA:59,4,0,0
BRDA:59,4,1,0
BRDA:59,5,0,0
BRDA:59,5,1,0
BRDA:65,6,0,0
BRDA:65,6,1,0
BRDA:129,7,0,0
BRDA:129,7,1,0
BRDA:132,8,0,0
BRDA:132,8,1,0
BRDA:133,9,0,0
BRDA:133,9,1,0
BRDA:168,10,0,0
BRDA:168,10,1,0
BRDA:187,11,0,0
BRDA:187,12,0,0
BRDA:212,13,0,0
BRDA:212,13,1,0
BRDA:220,14,0,0
BRDA:220,14,1,0
BRF:26
BRH:0
end_of_record
TN:
SF:src\routes\auditLogs.js
FN:8,(anonymous_0)
FNF:1
FNH:0
FNDA:0,(anonymous_0)
DA:1,1
DA:2,1
DA:3,1
DA:4,1
DA:5,1
DA:6,1
DA:8,1
DA:9,0
DA:10,0
DA:11,0
DA:14,1
LF:11
LH:8
BRDA:9,0,0,0
BRDA:9,1,0,0
BRF:2
BRH:0
end_of_record
TN:
SF:src\routes\auth.js
FN:14,(anonymous_0)
FN:20,(anonymous_1)
FN:25,(anonymous_2)
FN:34,(anonymous_3)
FN:39,(anonymous_4)
FN:45,(anonymous_5)
FN:51,(anonymous_6)
FN:56,(anonymous_7)
FN:61,(anonymous_8)
FN:66,(anonymous_9)
FNF:10
FNH:0
FNDA:0,(anonymous_0)
FNDA:0,(anonymous_1)
FNDA:0,(anonymous_2)
FNDA:0,(anonymous_3)
FNDA:0,(anonymous_4)
FNDA:0,(anonymous_5)
FNDA:0,(anonymous_6)
FNDA:0,(anonymous_7)
FNDA:0,(anonymous_8)
FNDA:0,(anonymous_9)
DA:1,1
DA:2,1
DA:3,1
DA:4,1
DA:5,1
DA:14,1
DA:15,0
DA:16,0
DA:17,0
DA:20,1
DA:21,0
DA:22,0
DA:25,1
DA:26,0
DA:27,0
DA:28,0
DA:30,0
DA:31,0
DA:34,1
DA:35,0
DA:36,0
DA:39,1
DA:40,0
DA:41,0
DA:42,0
DA:45,1
DA:46,0
DA:47,0
DA:48,0
DA:51,1
DA:52,0
DA:53,0
DA:56,1
DA:57,0
DA:58,0
DA:61,1
DA:62,0
DA:63,0
DA:66,1
DA:67,0
DA:68,0
DA:71,1
LF:42
LH:16
BRDA:27,0,0,0
BRDA:27,0,1,0
BRF:2
BRH:0
end_of_record
TN:
SF:src\routes\budget.js
FN:10,(anonymous_0)
FN:27,(anonymous_1)
FN:36,(anonymous_2)
FN:44,(anonymous_3)
FN:59,(anonymous_4)
FNF:5
FNH:0
FNDA:0,(anonymous_0)
FNDA:0,(anonymous_1)
FNDA:0,(anonymous_2)
FNDA:0,(anonymous_3)
FNDA:0,(anonymous_4)
DA:1,1
DA:2,1
DA:3,1
DA:4,1
DA:5,1
DA:6,1
DA:7,1
DA:8,1
DA:10,1
DA:11,0
DA:12,0
DA:13,0
DA:14,0
DA:15,0
DA:16,0
DA:18,0
DA:24,0
DA:27,1
DA:28,0
DA:29,0
DA:32,0
DA:33,0
DA:36,1
DA:37,0
DA:40,0
DA:41,0
DA:44,1
DA:45,0
DA:46,0
DA:48,0
DA:49,0
DA:51,0
DA:55,0
DA:56,0
DA:59,1
DA:60,0
DA:61,0
DA:63,0
DA:64,0
DA:66,0
DA:67,0
DA:70,1
LF:42
LH:14
BRDA:13,0,0,0
BRDA:13,0,1,0
BRDA:14,1,0,0
BRDA:14,1,1,0
BRDA:15,2,0,0
BRDA:15,2,1,0
BRDA:16,3,0,0
BRDA:16,3,1,0
BRDA:40,4,0,0
BRDA:40,4,1,0
BRDA:46,5,0,0
BRDA:46,5,1,0
BRDA:61,6,0,0
BRDA:61,6,1,0
BRF:14
BRH:0
end_of_record
TN:
SF:src\routes\dashboard.js
FN:7,(anonymous_0)
FN:12,(anonymous_1)
FN:17,(anonymous_2)
FN:22,(anonymous_3)
FN:27,(anonymous_4)
FNF:5
FNH:0
FNDA:0,(anonymous_0)
FNDA:0,(anonymous_1)
FNDA:0,(anonymous_2)
FNDA:0,(anonymous_3)
FNDA:0,(anonymous_4)
DA:1,1
DA:2,1
DA:3,1
DA:4,1
DA:5,1
DA:7,1
DA:8,0
DA:9,0
DA:12,1
DA:13,0
DA:14,0
DA:17,1
DA:18,0
DA:19,0
DA:22,1
DA:23,0
DA:24,0
DA:27,1
DA:28,0
DA:29,0
DA:32,1
LF:21
LH:11
BRF:0
BRH:0
end_of_record
TN:
SF:src\routes\departments.js
FN:11,(anonymous_0)
FN:16,(anonymous_1)
FN:24,(anonymous_2)
FN:30,(anonymous_3)
FN:37,(anonymous_4)
FNF:5
FNH:0
FNDA:0,(anonymous_0)
FNDA:0,(anonymous_1)
FNDA:0,(anonymous_2)
FNDA:0,(anonymous_3)
FNDA:0,(anonymous_4)
DA:1,1
DA:2,1
DA:3,1
DA:4,1
DA:5,1
DA:6,1
DA:7,1
DA:8,1
DA:9,1
DA:11,1
DA:12,0
DA:13,0
DA:16,1
DA:17,0
DA:18,0
DA:19,0
DA:20,0
DA:21,0
DA:24,1
DA:25,0
DA:26,0
DA:27,0
DA:30,1
DA:31,0
DA:32,0
DA:33,0
DA:34,0
DA:37,1
DA:38,0
DA:39,0
DA:40,0
DA:41,0
DA:44,1
LF:33
LH:15
BRDA:26,0,0,0
BRDA:26,0,1,0
BRDA:32,1,0,0
BRDA:32,1,1,0
BRDA:39,2,0,0
BRDA:39,2,1,0
BRF:6
BRH:0
end_of_record
TN:
SF:src\routes\depreciation.js
FN:14,(anonymous_0)
FN:26,(anonymous_1)
FN:32,(anonymous_2)
FN:38,(anonymous_3)
FN:44,(anonymous_4)
FN:49,(anonymous_5)
FNF:6
FNH:0
FNDA:0,(anonymous_0)
FNDA:0,(anonymous_1)
FNDA:0,(anonymous_2)
FNDA:0,(anonymous_3)
FNDA:0,(anonymous_4)
FNDA:0,(anonymous_5)
DA:1,1
DA:2,1
DA:3,1
DA:4,1
DA:5,1
DA:6,1
DA:14,1
DA:15,0
DA:16,0
DA:22,0
DA:26,1
DA:27,0
DA:28,0
DA:32,1
DA:33,0
DA:34,0
DA:38,1
DA:39,0
DA:40,0
DA:41,0
DA:44,1
DA:45,0
DA:46,0
DA:49,1
DA:50,0
DA:51,0
DA:54,1
LF:27
LH:13
BRDA:15,0,0,0
BRDA:15,1,0,0
BRDA:17,2,0,0
BRDA:17,2,1,0
BRDA:39,3,0,0
BRDA:39,4,0,0
BRF:6
BRH:0
end_of_record
TN:
SF:src\routes\employees.js
FN:14,(anonymous_0)
FN:23,(anonymous_1)
FN:29,(anonymous_2)
FN:35,(anonymous_3)
FN:41,(anonymous_4)
FN:48,(anonymous_5)
FNF:6
FNH:0
FNDA:0,(anonymous_0)
FNDA:0,(anonymous_1)
FNDA:0,(anonymous_2)
FNDA:0,(anonymous_3)
FNDA:0,(anonymous_4)
FNDA:0,(anonymous_5)
DA:1,1
DA:2,1
DA:3,1
DA:4,1
DA:5,1
DA:6,1
DA:7,1
DA:14,1
DA:15,0
DA:16,0
DA:19,0
DA:23,1
DA:24,0
DA:25,0
DA:29,1
DA:30,0
DA:31,0
DA:35,1
DA:36,0
DA:37,0
DA:41,1
DA:42,0
DA:43,0
DA:48,1
DA:49,0
DA:50,0
DA:53,0
DA:56,1
LF:28
LH:14
BRDA:15,0,0,0
BRDA:15,1,0,0
BRDA:49,2,0,0
BRDA:49,3,0,0
BRF:4
BRH:0
end_of_record
TN:
SF:src\routes\health.js
FN:14,(anonymous_0)
FN:21,(anonymous_1)
FN:27,(anonymous_2)
FN:33,(anonymous_3)
FN:39,(anonymous_4)
FNF:5
FNH:0
FNDA:0,(anonymous_0)
FNDA:0,(anonymous_1)
FNDA:0,(anonymous_2)
FNDA:0,(anonymous_3)
FNDA:0,(anonymous_4)
DA:1,1
DA:2,1
DA:3,1
DA:4,1
DA:5,1
DA:6,1
DA:14,1
DA:15,0
DA:16,0
DA:17,0
DA:21,1
DA:22,0
DA:23,0
DA:27,1
DA:28,0
DA:29,0
DA:33,1
DA:34,0
DA:35,0
DA:39,1
DA:40,0
DA:41,0
DA:44,1
LF:23
LH:12
BRDA:15,0,0,0
BRDA:15,1,0,0
BRF:2
BRH:0
end_of_record
TN:
SF:src\routes\maintenance.js
FN:13,(anonymous_0)
FN:22,(anonymous_1)
FN:28,(anonymous_2)
FN:34,(anonymous_3)
FN:40,(anonymous_4)
FN:46,(anonymous_5)
FN:55,(anonymous_6)
FN:63,(anonymous_7)
FNF:8
FNH:0
FNDA:0,(anonymous_0)
FNDA:0,(anonymous_1)
FNDA:0,(anonymous_2)
FNDA:0,(anonymous_3)
FNDA:0,(anonymous_4)
FNDA:0,(anonymous_5)
FNDA:0,(anonymous_6)
FNDA:0,(anonymous_7)
DA:1,1
DA:2,1
DA:3,1
DA:4,1
DA:5,1
DA:13,1
DA:14,0
DA:15,0
DA:18,0
DA:22,1
DA:23,0
DA:24,0
DA:28,1
DA:29,0
DA:30,0
DA:34,1
DA:35,0
DA:36,0
DA:40,1
DA:41,0
DA:42,0
DA:46,1
DA:47,0
DA:48,0
DA:51,0
DA:55,1
DA:56,0
DA:59,0
DA:63,1
DA:64,0
DA:65,0
DA:70,0
DA:73,1
LF:33
LH:14
BRDA:14,0,0,0
BRDA:14,1,0,0
BRDA:64,2,0,0
BRDA:64,3,0,0
BRF:4
BRH:0
end_of_record
TN:
SF:src\routes\notifications.js
FN:7,(anonymous_0)
FN:13,(anonymous_1)
FN:18,(anonymous_2)
FN:23,(anonymous_3)
FN:28,(anonymous_4)
FN:33,(anonymous_5)
FN:38,(anonymous_6)
FNF:7
FNH:0
FNDA:0,(anonymous_0)
FNDA:0,(anonymous_1)
FNDA:0,(anonymous_2)
FNDA:0,(anonymous_3)
FNDA:0,(anonymous_4)
FNDA:0,(anonymous_5)
FNDA:0,(anonymous_6)
DA:1,1
DA:2,1
DA:3,1
DA:4,1
DA:5,1
DA:7,1
DA:8,0
DA:9,0
DA:10,0
DA:13,1
DA:14,0
DA:15,0
DA:18,1
DA:19,0
DA:20,0
DA:23,1
DA:24,0
DA:25,0
DA:28,1
DA:29,0
DA:30,0
DA:33,1
DA:34,0
DA:35,0
DA:38,1
DA:39,0
DA:40,0
DA:43,1
LF:28
LH:13
BRDA:8,0,0,0
BRDA:8,1,0,0
BRDA:8,2,0,0
BRF:3
BRH:0
end_of_record
TN:
SF:src\routes\ocr.js
FN:19,(anonymous_0)
FN:33,(anonymous_1)
FNF:2
FNH:0
FNDA:0,(anonymous_0)
FNDA:0,(anonymous_1)
DA:1,1
DA:2,1
DA:3,1
DA:4,1
DA:5,1
DA:6,1
DA:16,1
DA:20,0
DA:21,0
DA:22,0
DA:24,0
DA:33,1
DA:34,0
DA:35,0
DA:37,0
DA:38,0
DA:41,1
LF:17
LH:9
BRDA:21,0,0,0
BRDA:21,0,1,0
BRDA:34,1,0,0
BRDA:34,1,1,0
BRF:4
BRH:0
end_of_record
TN:
SF:src\routes\qr.js
FN:12,(anonymous_0)
FN:37,(anonymous_1)
FN:46,(anonymous_2)
FNF:3
FNH:0
FNDA:0,(anonymous_0)
FNDA:0,(anonymous_1)
FNDA:0,(anonymous_2)
DA:1,1
DA:2,1
DA:3,1
DA:4,1
DA:5,1
DA:6,1
DA:7,1
DA:8,1
DA:9,1
DA:10,1
DA:12,1
DA:13,0
DA:15,0
DA:16,0
DA:18,0
DA:20,0
DA:21,0
DA:22,0
DA:26,0
DA:29,0
DA:30,0
DA:31,0
DA:33,0
DA:34,0
DA:37,1
DA:38,0
DA:39,0
DA:41,0
DA:43,0
DA:46,1
DA:47,0
DA:48,0
DA:49,0
DA:51,0
DA:52,0
DA:53,0
DA:56,1
LF:37
LH:14
BRDA:16,0,0,0
BRDA:16,0,1,0
BRDA:20,1,0,0
BRDA:20,1,1,0
BRDA:49,2,0,0
BRDA:49,2,1,0
BRF:6
BRH:0
end_of_record
TN:
SF:src\routes\reports.js
FN:17,(anonymous_0)
FN:34,(anonymous_1)
FN:51,(anonymous_2)
FN:68,(anonymous_3)
FN:85,(anonymous_4)
FNF:5
FNH:0
FNDA:0,(anonymous_0)
FNDA:0,(anonymous_1)
FNDA:0,(anonymous_2)
FNDA:0,(anonymous_3)
FNDA:0,(anonymous_4)
DA:1,1
DA:2,1
DA:3,1
DA:4,1
DA:5,1
DA:6,1
DA:17,1
DA:18,0
DA:19,0
DA:20,0
DA:21,0
DA:22,0
DA:23,0
DA:25,0
DA:26,0
DA:27,0
DA:28,0
DA:34,1
DA:35,0
DA:36,0
DA:37,0
DA:38,0
DA:39,0
DA:40,0
DA:42,0
DA:43,0
DA:44,0
DA:45,0
DA:51,1
DA:52,0
DA:53,0
DA:54,0
DA:55,0
DA:56,0
DA:57,0
DA:59,0
DA:60,0
DA:61,0
DA:62,0
DA:68,1
DA:69,0
DA:70,0
DA:71,0
DA:72,0
DA:73,0
DA:74,0
DA:76,0
DA:77,0
DA:78,0
DA:79,0
DA:85,1
DA:86,0
DA:87,0
DA:88,0
DA:89,0
DA:92,1
LF:56
LH:12
BRDA:18,0,0,0
BRDA:19,1,0,0
BRDA:19,1,1,0
BRDA:35,2,0,0
BRDA:36,3,0,0
BRDA:36,3,1,0
BRDA:52,4,0,0
BRDA:52,5,0,0
BRDA:53,6,0,0
BRDA:53,6,1,0
BRDA:69,7,0,0
BRDA:70,8,0,0
BRDA:70,8,1,0
BRF:13
BRH:0
end_of_record
TN:
SF:src\routes\users.js
FN:11,(anonymous_0)
FN:38,(anonymous_1)
FN:49,(anonymous_2)
FN:63,(anonymous_3)
FN:119,(anonymous_4)
FN:124,(anonymous_5)
FN:173,(anonymous_6)
FN:178,(anonymous_7)
FNF:8
FNH:0
FNDA:0,(anonymous_0)
FNDA:0,(anonymous_1)
FNDA:0,(anonymous_2)
FNDA:0,(anonymous_3)
FNDA:0,(anonymous_4)
FNDA:0,(anonymous_5)
FNDA:0,(anonymous_6)
FNDA:0,(anonymous_7)
DA:1,1
DA:2,1
DA:3,1
DA:4,1
DA:5,1
DA:6,1
DA:7,1
DA:8,1
DA:11,1
DA:12,0
DA:13,0
DA:14,0
DA:16,0
DA:26,0
DA:38,0
DA:49,0
DA:53,0
DA:63,1
DA:64,0
DA:66,0
DA:67,0
DA:70,0
DA:71,0
DA:72,0
DA:75,0
DA:77,0
DA:89,0
DA:90,0
DA:91,0
DA:92,0
DA:93,0
DA:98,0
DA:99,0
DA:100,0
DA:104,0
DA:111,0
DA:119,0
DA:124,1
DA:125,0
DA:126,0
DA:128,0
DA:129,0
DA:130,0
DA:133,0
DA:134,0
DA:135,0
DA:136,0
DA:137,0
DA:138,0
DA:140,0
DA:141,0
DA:144,0
DA:147,0
DA:149,0
DA:150,0
DA:151,0
DA:152,0
DA:153,0
DA:158,0
DA:165,0
DA:173,0
DA:178,1
DA:179,0
DA:180,0
DA:181,0
DA:182,0
DA:186,0
DA:187,0
DA:189,0
DA:192,1
LF:70
LH:13
BRDA:12,0,0,0
BRDA:12,1,0,0
BRDA:12,2,0,0
BRDA:16,3,0,0
BRDA:16,3,1,0
BRDA:48,4,0,0
BRDA:48,4,1,0
BRDA:49,5,0,0
BRDA:49,5,1,0
BRDA:66,6,0,0
BRDA:66,6,1,0
BRDA:66,7,0,0
BRDA:66,7,1,0
BRDA:66,7,2,0
BRDA:66,7,3,0
BRDA:71,8,0,0
BRDA:71,8,1,0
BRDA:83,9,0,0
BRDA:83,9,1,0
BRDA:89,10,0,0
BRDA:89,10,1,0
BRDA:89,11,0,0
BRDA:89,11,1,0
BRDA:92,12,0,0
BRDA:92,12,1,0
BRDA:99,13,0,0
BRDA:99,13,1,0
BRDA:118,14,0,0
BRDA:118,14,1,0
BRDA:119,15,0,0
BRDA:119,15,1,0
BRDA:129,16,0,0
BRDA:129,16,1,0
BRDA:133,17,0,0
BRDA:133,17,1,0
BRDA:134,18,0,0
BRDA:134,18,1,0
BRDA:135,19,0,0
BRDA:135,19,1,0
BRDA:136,20,0,0
BRDA:136,20,1,0
BRDA:137,21,0,0
BRDA:137,21,1,0
BRDA:137,22,0,0
BRDA:137,22,1,0
BRDA:138,23,0,0
BRDA:138,23,1,0
BRDA:140,24,0,0
BRDA:140,24,1,0
BRDA:147,25,0,0
BRDA:147,25,1,0
BRDA:152,26,0,0
BRDA:152,26,1,0
BRDA:172,27,0,0
BRDA:172,27,1,0
BRDA:173,28,0,0
BRDA:173,28,1,0
BRDA:181,29,0,0
BRDA:181,29,1,0
BRF:59
BRH:0
end_of_record
TN:
SF:src\routes\vendors.js
FN:12,(anonymous_0)
FN:18,(anonymous_1)
FN:23,(anonymous_2)
FN:28,(anonymous_3)
FN:33,(anonymous_4)
FN:40,(anonymous_5)
FN:45,(anonymous_6)
FNF:7
FNH:0
FNDA:0,(anonymous_0)
FNDA:0,(anonymous_1)
FNDA:0,(anonymous_2)
FNDA:0,(anonymous_3)
FNDA:0,(anonymous_4)
FNDA:0,(anonymous_5)
FNDA:0,(anonymous_6)
DA:1,1
DA:2,1
DA:3,1
DA:4,1
DA:5,1
DA:6,1
DA:12,1
DA:13,0
DA:14,0
DA:15,0
DA:18,1
DA:19,0
DA:20,0
DA:23,1
DA:24,0
DA:25,0
DA:28,1
DA:29,0
DA:30,0
DA:33,1
DA:34,0
DA:35,0
DA:40,1
DA:41,0
DA:42,0
DA:45,1
DA:46,0
DA:47,0
DA:50,1
LF:29
LH:14
BRDA:13,0,0,0
BRDA:13,1,0,0
BRF:2
BRH:0
end_of_record
TN:
SF:src\routes\warranty.js
FN:7,(anonymous_0)
FN:13,(anonymous_1)
FN:19,(anonymous_2)
FN:24,(anonymous_3)
FNF:4
FNH:0
FNDA:0,(anonymous_0)
FNDA:0,(anonymous_1)
FNDA:0,(anonymous_2)
FNDA:0,(anonymous_3)
DA:1,1
DA:2,1
DA:3,1
DA:4,1
DA:5,1
DA:7,1
DA:8,0
DA:9,0
DA:10,0
DA:13,1
DA:14,0
DA:15,0
DA:16,0
DA:19,1
DA:20,0
DA:21,0
DA:24,1
DA:25,0
DA:26,0
DA:29,1
LF:20
LH:10
BRDA:8,0,0,0
BRDA:8,1,0,0
BRDA:14,2,0,0
BRDA:14,3,0,0
BRDA:14,4,0,0
BRF:5
BRH:0
end_of_record
TN:
SF:src\services\aiService.js
FN:15,chat
FN:41,buildDatabaseContext
FN:88,(anonymous_2)
FN:100,(anonymous_3)
FN:109,(anonymous_4)
FN:118,buildSystemPrompt
FN:132,callGeminiApi
FN:156,generateFallbackResponse
FN:205,saveChatHistory
FN:213,getChatHistory
FN:220,(anonymous_10)
FNF:11
FNH:0
FNDA:0,chat
FNDA:0,buildDatabaseContext
FNDA:0,(anonymous_2)
FNDA:0,(anonymous_3)
FNDA:0,(anonymous_4)
FNDA:0,buildSystemPrompt
FNDA:0,callGeminiApi
FNDA:0,generateFallbackResponse
FNDA:0,saveChatHistory
FNDA:0,getChatHistory
FNDA:0,(anonymous_10)
DA:1,1
DA:2,1
DA:3,1
DA:4,1
DA:5,1
DA:16,0
DA:19,0
DA:20,0
DA:21,0
DA:24,0
DA:26,0
DA:28,0
DA:30,0
DA:34,0
DA:36,0
DA:42,0
DA:43,0
DA:48,0
DA:83,0
DA:84,0
DA:86,0
DA:87,0
DA:88,0
DA:89,0
DA:92,0
DA:96,0
DA:97,0
DA:98,0
DA:100,0
DA:101,0
DA:105,0
DA:106,0
DA:107,0
DA:109,0
DA:110,0
DA:114,0
DA:115,0
DA:119,0
DA:133,0
DA:134,0
DA:135,0
DA:140,0
DA:141,0
DA:142,0
DA:143,0
DA:144,0
DA:147,0
DA:149,0
DA:150,0
DA:157,0
DA:159,0
DA:160,0
DA:161,0
DA:164,0
DA:165,0
DA:166,0
DA:167,0
DA:177,0
DA:180,0
DA:181,0
DA:182,0
DA:185,0
DA:186,0
DA:187,0
DA:190,0
DA:191,0
DA:197,0
DA:200,0
DA:206,0
DA:207,0
DA:209,0
DA:214,0
DA:220,0
DA:228,1
LF:74
LH:6
BRDA:26,0,0,0
BRDA:26,0,1,0
BRDA:26,1,0,0
BRDA:26,1,1,0
BRDA:26,1,2,0
BRDA:86,2,0,0
BRDA:86,2,1,0
BRDA:89,3,0,0
BRDA:89,3,1,0
BRDA:92,4,0,0
BRDA:92,4,1,0
BRDA:92,5,0,0
BRDA:92,5,1,0
BRDA:97,6,0,0
BRDA:97,6,1,0
BRDA:101,7,0,0
BRDA:101,7,1,0
BRDA:106,8,0,0
BRDA:106,8,1,0
BRDA:110,9,0,0
BRDA:110,9,1,0
BRDA:110,10,0,0
BRDA:110,10,1,0
BRDA:141,11,0,0
BRDA:141,11,1,0
BRDA:141,12,0,0
BRDA:141,12,1,0
BRDA:143,13,0,0
BRDA:143,13,1,0
BRDA:143,14,0,0
BRDA:143,14,1,0
BRDA:157,15,0,0
BRDA:157,15,1,0
BRDA:159,16,0,0
BRDA:159,16,1,0
BRDA:159,17,0,0
BRDA:159,17,1,0
BRDA:159,17,2,0
BRDA:159,17,3,0
BRDA:164,18,0,0
BRDA:164,18,1,0
BRDA:164,19,0,0
BRDA:164,19,1,0
BRDA:164,19,2,0
BRDA:180,20,0,0
BRDA:180,20,1,0
BRDA:180,21,0,0
BRDA:180,21,1,0
BRDA:180,21,2,0
BRDA:185,22,0,0
BRDA:185,22,1,0
BRDA:185,23,0,0
BRDA:185,23,1,0
BRDA:190,24,0,0
BRDA:190,24,1,0
BRDA:190,25,0,0
BRDA:190,25,1,0
BRDA:190,25,2,0
BRDA:213,26,0,0
BRDA:213,27,0,0
BRF:60
BRH:0
end_of_record
TN:
SF:src\services\allocationService.js
FN:15,assignAsset
FN:75,returnAsset
FN:117,transferAsset
FN:122,getAllocations
FN:135,getAllocation
FN:139,getEmployeeAllocations
FN:153,getAssetAllocations
FN:166,findAllocationById
FN:172,getAllocationIncludes
FN:181,toResponse
FNF:10
FNH:0
FNDA:0,assignAsset
FNDA:0,returnAsset
FNDA:0,transferAsset
FNDA:0,getAllocations
FNDA:0,getAllocation
FNDA:0,getEmployeeAllocations
FNDA:0,getAssetAllocations
FNDA:0,findAllocationById
FNDA:0,getAllocationIncludes
FNDA:0,toResponse
DA:1,1
DA:4,1
DA:5,1
DA:6,1
DA:7,1
DA:8,1
DA:16,0
DA:17,0
DA:18,0
DA:19,0
DA:22,0
DA:23,0
DA:24,0
DA:26,0
DA:37,0
DA:38,0
DA:42,0
DA:48,0
DA:60,0
DA:61,0
DA:69,0
DA:72,0
DA:76,0
DA:77,0
DA:78,0
DA:81,0
DA:88,0
DA:89,0
DA:91,0
DA:93,0
DA:102,0
DA:103,0
DA:111,0
DA:114,0
DA:118,0
DA:119,0
DA:123,0
DA:124,0
DA:132,0
DA:136,0
DA:140,0
DA:147,0
DA:151,1
DA:154,0
DA:161,0
DA:167,0
DA:168,0
DA:169,0
DA:173,0
DA:182,0
DA:183,0
DA:204,1
LF:52
LH:8
BRDA:17,0,0,0
BRDA:17,0,1,0
BRDA:18,1,0,0
BRDA:18,1,1,0
BRDA:23,2,0,0
BRDA:23,2,1,0
BRDA:24,3,0,0
BRDA:24,3,1,0
BRDA:31,4,0,0
BRDA:31,4,1,0
BRDA:33,5,0,0
BRDA:33,5,1,0
BRDA:34,6,0,0
BRDA:34,6,1,0
BRDA:37,7,0,0
BRDA:37,7,1,0
BRDA:38,8,0,0
BRDA:38,8,1,0
BRDA:45,9,0,0
BRDA:45,9,1,0
BRDA:60,10,0,0
BRDA:60,10,1,0
BRDA:77,11,0,0
BRDA:77,11,1,0
BRDA:85,12,0,0
BRDA:85,12,1,0
BRDA:102,13,0,0
BRDA:102,13,1,0
BRDA:122,14,0,0
BRDA:122,15,0,0
BRDA:122,16,0,0
BRDA:123,17,0,0
BRDA:123,17,1,0
BRDA:139,18,0,0
BRDA:139,19,0,0
BRDA:153,20,0,0
BRDA:153,21,0,0
BRDA:168,22,0,0
BRDA:168,22,1,0
BRDA:182,23,0,0
BRDA:182,23,1,0
BRDA:185,24,0,0
BRDA:185,24,1,0
BRDA:188,25,0,0
BRDA:188,25,1,0
BRDA:189,26,0,0
BRDA:189,26,1,0
BRDA:191,27,0,0
BRDA:191,27,1,0
BRDA:192,28,0,0
BRDA:192,28,1,0
BRF:51
BRH:0
end_of_record
TN:
SF:src\services\assetHealthService.js
FN:11,calculateForAsset
FN:19,recalculateAll
FN:38,getHealthScore
FN:48,getHighRiskAssets
FN:61,calculateAndSave
FN:123,buildRecommendations
FN:134,toResponse
FNF:7
FNH:0
FNDA:0,calculateForAsset
FNDA:0,recalculateAll
FNDA:0,getHealthScore
FNDA:0,getHighRiskAssets
FNDA:0,calculateAndSave
FNDA:0,buildRecommendations
FNDA:0,toResponse
DA:1,1
DA:2,1
DA:3,1
DA:4,1
DA:5,1
DA:12,0
DA:15,0
DA:16,0
DA:20,0
DA:21,0
DA:26,0
DA:27,0
DA:28,0
DA:29,0
DA:30,0
DA:32,0
DA:35,0
DA:39,0
DA:40,0
DA:41,0
DA:42,0
DA:43,0
DA:45,0
DA:49,0
DA:56,0
DA:62,0
DA:76,0
DA:77,0
DA:78,0
DA:80,0
DA:91,0
DA:92,0
DA:93,0
DA:94,0
DA:96,0
DA:98,0
DA:114,0
DA:116,0
DA:120,0
DA:124,0
DA:125,0
DA:126,0
DA:127,0
DA:128,0
DA:129,0
DA:130,0
DA:131,0
DA:135,0
DA:136,0
DA:156,1
LF:50
LH:6
BRDA:15,0,0,0
BRDA:15,0,1,0
BRDA:40,1,0,0
BRDA:40,1,1,0
BRDA:43,2,0,0
BRDA:43,2,1,0
BRDA:48,3,0,0
BRDA:48,4,0,0
BRDA:76,5,0,0
BRDA:76,5,1,0
BRDA:77,6,0,0
BRDA:77,6,1,0
BRDA:78,7,0,0
BRDA:78,7,1,0
BRDA:85,8,0,0
BRDA:85,8,1,0
BRDA:92,9,0,0
BRDA:92,9,1,0
BRDA:125,10,0,0
BRDA:125,10,1,0
BRDA:126,11,0,0
BRDA:126,11,1,0
BRDA:127,12,0,0
BRDA:127,12,1,0
BRDA:128,13,0,0
BRDA:128,13,1,0
BRDA:129,14,0,0
BRDA:129,14,1,0
BRDA:130,15,0,0
BRDA:130,15,1,0
BRDA:135,16,0,0
BRDA:135,16,1,0
BRDA:138,17,0,0
BRDA:138,17,1,0
BRDA:141,18,0,0
BRDA:141,18,1,0
BRDA:143,19,0,0
BRDA:143,19,1,0
BRDA:144,20,0,0
BRDA:144,20,1,0
BRDA:145,21,0,0
BRDA:145,21,1,0
BRDA:146,22,0,0
BRDA:146,22,1,0
BRDA:147,23,0,0
BRDA:147,23,1,0
BRDA:149,24,0,0
BRDA:149,24,1,0
BRF:48
BRH:0
end_of_record
TN:
SF:src\services\assetService.js
FN:26,createAsset
FN:93,updateAsset
FN:137,updateAssetImage
FN:153,deleteAsset
FN:173,getAsset
FN:177,getAssetByTag
FN:188,getAssets
FN:223,getMovementHistory
FN:239,recordMovement
FN:258,getStatusCounts
FN:271,findById
FN:280,getIncludes
FN:294,getCachedAsset
FN:303,setCachedAsset
FN:310,evictCachedAsset
FN:318,toResponse
FN:361,findByIdentifier
FN:388,generateQr
FN:419,getAssetHistory
FN:442,(anonymous_19)
FN:451,(anonymous_20)
FN:475,(anonymous_21)
FN:496,(anonymous_22)
FN:501,getAssetMaintenance
FN:517,getAssetDocuments
FN:530,reportIssue
FN:568,logQrScan
FNF:27
FNH:0
FNDA:0,createAsset
FNDA:0,updateAsset
FNDA:0,updateAssetImage
FNDA:0,deleteAsset
FNDA:0,getAsset
FNDA:0,getAssetByTag
FNDA:0,getAssets
FNDA:0,getMovementHistory
FNDA:0,recordMovement
FNDA:0,getStatusCounts
FNDA:0,findById
FNDA:0,getIncludes
FNDA:0,getCachedAsset
FNDA:0,setCachedAsset
FNDA:0,evictCachedAsset
FNDA:0,toResponse
FNDA:0,findByIdentifier
FNDA:0,generateQr
FNDA:0,getAssetHistory
FNDA:0,(anonymous_19)
FNDA:0,(anonymous_20)
FNDA:0,(anonymous_21)
FNDA:0,(anonymous_22)
FNDA:0,getAssetMaintenance
FNDA:0,getAssetDocuments
FNDA:0,reportIssue
FNDA:0,logQrScan
DA:1,1
DA:6,1
DA:7,1
DA:8,1
DA:9,1
DA:10,1
DA:15,1
DA:16,1
DA:17,1
DA:27,0
DA:28,0
DA:29,0
DA:32,0
DA:33,0
DA:36,0
DA:37,0
DA:38,0
DA:43,0
DA:47,0
DA:48,0
DA:50,0
DA:74,0
DA:75,0
DA:76,0
DA:77,0
DA:78,0
DA:79,0
DA:81,0
DA:84,0
DA:87,0
DA:88,0
DA:94,0
DA:95,0
DA:97,0
DA:98,0
DA:101,0
DA:102,0
DA:103,0
DA:108,0
DA:111,0
DA:129,0
DA:131,0
DA:134,0
DA:138,0
DA:139,0
DA:141,0
DA:143,0
DA:145,0
DA:148,0
DA:154,0
DA:155,0
DA:156,0
DA:159,0
DA:165,0
DA:167,0
DA:174,0
DA:178,0
DA:182,0
DA:183,0
DA:189,0
DA:191,0
DA:192,0
DA:193,0
DA:195,0
DA:196,0
DA:205,0
DA:206,0
DA:207,0
DA:209,0
DA:218,0
DA:224,0
DA:226,0
DA:234,0
DA:240,0
DA:241,0
DA:259,0
DA:266,0
DA:272,0
DA:276,0
DA:277,0
DA:281,0
DA:291,1
DA:292,1
DA:295,0
DA:296,0
DA:297,0
DA:298,0
DA:300,0
DA:304,0
DA:311,0
DA:312,0
DA:313,0
DA:314,0
DA:315,0
DA:319,0
DA:320,0
DA:362,0
DA:363,0
DA:365,0
DA:366,0
DA:367,0
DA:368,0
DA:370,0
DA:375,0
DA:379,0
DA:381,0
DA:382,0
DA:383,0
DA:385,0
DA:389,0
DA:390,0
DA:391,0
DA:393,0
DA:394,0
DA:395,0
DA:397,0
DA:400,0
DA:401,0
DA:402,0
DA:403,0
DA:404,0
DA:406,0
DA:407,0
DA:408,0
DA:410,0
DA:413,0
DA:416,0
DA:420,0
DA:421,0
DA:423,0
DA:440,0
DA:442,0
DA:443,0
DA:451,0
DA:452,0
DA:453,0
DA:455,0
DA:463,0
DA:464,0
DA:465,0
DA:475,0
DA:476,0
DA:478,0
DA:479,0
DA:480,0
DA:481,0
DA:482,0
DA:485,0
DA:487,0
DA:496,0
DA:498,0
DA:502,0
DA:503,0
DA:505,0
DA:514,0
DA:518,0
DA:519,0
DA:521,0
DA:527,0
DA:531,0
DA:532,0
DA:534,0
DA:535,0
DA:536,0
DA:538,0
DA:550,0
DA:551,0
DA:552,0
DA:553,0
DA:560,0
DA:563,0
DA:565,0
DA:569,0
DA:570,0
DA:579,0
DA:583,1
LF:176
LH:12
BRDA:27,0,0,0
BRDA:27,0,1,0
BRDA:29,1,0,0
BRDA:29,1,1,0
BRDA:33,2,0,0
BRDA:33,2,1,0
BRDA:37,3,0,0
BRDA:37,3,1,0
BRDA:37,4,0,0
BRDA:37,4,1,0
BRDA:40,5,0,0
BRDA:40,5,1,0
BRDA:55,6,0,0
BRDA:55,6,1,0
BRDA:56,7,0,0
BRDA:56,7,1,0
BRDA:57,8,0,0
BRDA:57,8,1,0
BRDA:58,9,0,0
BRDA:58,9,1,0
BRDA:59,10,0,0
BRDA:59,10,1,0
BRDA:61,11,0,0
BRDA:61,11,1,0
BRDA:62,12,0,0
BRDA:62,12,1,0
BRDA:63,13,0,0
BRDA:63,13,1,0
BRDA:64,14,0,0
BRDA:64,14,1,0
BRDA:65,15,0,0
BRDA:65,15,1,0
BRDA:66,16,0,0
BRDA:66,16,1,0
BRDA:67,17,0,0
BRDA:67,17,1,0
BRDA:68,18,0,0
BRDA:68,18,1,0
BRDA:98,19,0,0
BRDA:98,19,1,0
BRDA:102,20,0,0
BRDA:102,20,1,0
BRDA:102,21,0,0
BRDA:102,21,1,0
BRDA:105,22,0,0
BRDA:105,22,1,0
BRDA:124,23,0,0
BRDA:124,23,1,0
BRDA:125,24,0,0
BRDA:125,24,1,0
BRDA:126,25,0,0
BRDA:126,25,1,0
BRDA:155,26,0,0
BRDA:155,26,1,0
BRDA:182,27,0,0
BRDA:182,27,1,0
BRDA:188,28,0,0
BRDA:188,29,0,0
BRDA:188,30,0,0
BRDA:188,31,0,0
BRDA:188,32,0,0
BRDA:191,33,0,0
BRDA:191,33,1,0
BRDA:192,34,0,0
BRDA:192,34,1,0
BRDA:193,35,0,0
BRDA:193,35,1,0
BRDA:195,36,0,0
BRDA:195,36,1,0
BRDA:206,37,0,0
BRDA:206,37,1,0
BRDA:207,38,0,0
BRDA:207,38,1,0
BRDA:223,39,0,0
BRDA:223,40,0,0
BRDA:239,41,0,0
BRDA:244,42,0,0
BRDA:244,42,1,0
BRDA:245,43,0,0
BRDA:245,43,1,0
BRDA:246,44,0,0
BRDA:246,44,1,0
BRDA:247,45,0,0
BRDA:247,45,1,0
BRDA:248,46,0,0
BRDA:248,46,1,0
BRDA:249,47,0,0
BRDA:249,47,1,0
BRDA:250,48,0,0
BRDA:250,48,1,0
BRDA:251,49,0,0
BRDA:251,49,1,0
BRDA:276,50,0,0
BRDA:276,50,1,0
BRDA:296,51,0,0
BRDA:296,51,1,0
BRDA:296,52,0,0
BRDA:296,52,1,0
BRDA:311,53,0,0
BRDA:311,53,1,0
BRDA:313,54,0,0
BRDA:313,54,1,0
BRDA:314,55,0,0
BRDA:314,55,1,0
BRDA:319,56,0,0
BRDA:319,56,1,0
BRDA:329,57,0,0
BRDA:329,57,1,0
BRDA:330,58,0,0
BRDA:330,58,1,0
BRDA:341,59,0,0
BRDA:341,59,1,0
BRDA:342,60,0,0
BRDA:342,60,1,0
BRDA:343,61,0,0
BRDA:343,61,1,0
BRDA:344,62,0,0
BRDA:344,62,1,0
BRDA:345,63,0,0
BRDA:345,63,1,0
BRDA:346,64,0,0
BRDA:346,64,1,0
BRDA:347,65,0,0
BRDA:347,65,1,0
BRDA:348,66,0,0
BRDA:348,66,1,0
BRDA:349,67,0,0
BRDA:349,67,1,0
BRDA:351,68,0,0
BRDA:351,68,1,0
BRDA:352,69,0,0
BRDA:352,69,1,0
BRDA:353,70,0,0
BRDA:353,70,1,0
BRDA:354,71,0,0
BRDA:354,71,1,0
BRDA:363,72,0,0
BRDA:363,72,1,0
BRDA:367,73,0,0
BRDA:367,73,1,0
BRDA:379,74,0,0
BRDA:379,74,1,0
BRDA:382,75,0,0
BRDA:382,75,1,0
BRDA:383,76,0,0
BRDA:383,76,1,0
BRDA:390,77,0,0
BRDA:390,77,1,0
BRDA:407,78,0,0
BRDA:407,78,1,0
BRDA:446,79,0,0
BRDA:446,79,1,0
BRDA:447,80,0,0
BRDA:447,80,1,0
BRDA:448,81,0,0
BRDA:448,81,1,0
BRDA:452,82,0,0
BRDA:452,82,1,0
BRDA:453,83,0,0
BRDA:453,83,1,0
BRDA:458,84,0,0
BRDA:458,84,1,0
BRDA:463,85,0,0
BRDA:463,85,1,0
BRDA:464,86,0,0
BRDA:464,86,1,0
BRDA:468,87,0,0
BRDA:468,87,1,0
BRDA:476,88,0,0
BRDA:476,88,1,0
BRDA:476,89,0,0
BRDA:476,89,1,0
BRDA:478,90,0,0
BRDA:478,90,1,0
BRDA:479,91,0,0
BRDA:479,91,1,0
BRDA:479,92,0,0
BRDA:479,92,1,0
BRDA:480,93,0,0
BRDA:480,93,1,0
BRDA:481,94,0,0
BRDA:481,94,1,0
BRDA:481,95,0,0
BRDA:481,95,1,0
BRDA:482,96,0,0
BRDA:482,96,1,0
BRDA:485,97,0,0
BRDA:485,97,1,0
BRDA:488,98,0,0
BRDA:488,98,1,0
BRDA:542,99,0,0
BRDA:542,99,1,0
BRDA:543,100,0,0
BRDA:543,100,1,0
BRDA:545,101,0,0
BRDA:545,101,1,0
BRDA:546,102,0,0
BRDA:546,102,1,0
BRDA:547,103,0,0
BRDA:547,103,1,0
BRDA:550,104,0,0
BRDA:550,104,1,0
BRDA:550,105,0,0
BRDA:550,105,1,0
BRDA:572,106,0,0
BRDA:572,106,1,0
BRDA:573,107,0,0
BRDA:573,107,1,0
BRDA:574,108,0,0
BRDA:574,108,1,0
BRDA:575,109,0,0
BRDA:575,109,1,0
BRF:212
BRH:0
end_of_record
TN:
SF:src\services\auditLogService.js
FN:9,log
FN:28,getAll
FNF:2
FNH:0
FNDA:0,log
FNDA:0,getAll
DA:1,1
DA:2,1
DA:10,0
DA:11,0
DA:24,0
DA:29,0
DA:30,0
DA:31,0
DA:33,0
DA:48,0
DA:51,1
LF:11
LH:3
BRDA:9,0,0,0
BRDA:9,1,0,0
BRDA:15,2,0,0
BRDA:15,2,1,0
BRDA:16,3,0,0
BRDA:16,3,1,0
BRDA:19,4,0,0
BRDA:19,4,1,0
BRDA:19,5,0,0
BRDA:19,5,1,0
BRDA:20,6,0,0
BRDA:20,6,1,0
BRDA:28,7,0,0
BRDA:28,8,0,0
BRDA:28,9,0,0
BRDA:30,10,0,0
BRDA:30,10,1,0
BRDA:31,11,0,0
BRDA:31,11,1,0
BRF:19
BRH:0
end_of_record
TN:
SF:src\services\authService.js
FN:29,login
FN:48,(anonymous_1)
FN:68,register
FN:123,refreshToken
FN:142,(anonymous_4)
FN:156,forgotPassword
FN:175,resetPassword
FN:196,changePassword
FN:219,logout
FN:233,getProfile
FN:254,(anonymous_10)
FN:262,updateProfile
FN:279,buildAuthResponse
FNF:13
FNH:0
FNDA:0,login
FNDA:0,(anonymous_1)
FNDA:0,register
FNDA:0,refreshToken
FNDA:0,(anonymous_4)
FNDA:0,forgotPassword
FNDA:0,resetPassword
FNDA:0,changePassword
FNDA:0,logout
FNDA:0,getProfile
FNDA:0,(anonymous_10)
FNDA:0,updateProfile
FNDA:0,buildAuthResponse
DA:1,1
DA:2,1
DA:3,1
DA:10,1
DA:11,1
DA:16,1
DA:17,1
DA:18,1
DA:19,1
DA:20,1
DA:30,0
DA:35,0
DA:36,0
DA:39,0
DA:40,0
DA:43,0
DA:44,0
DA:45,0
DA:48,0
DA:49,0
DA:51,0
DA:52,0
DA:55,0
DA:56,0
DA:57,0
DA:59,0
DA:62,0
DA:63,0
DA:69,0
DA:70,0
DA:71,0
DA:74,0
DA:75,0
DA:76,0
DA:77,0
DA:78,0
DA:82,0
DA:83,0
DA:84,0
DA:85,0
DA:88,0
DA:90,0
DA:101,0
DA:103,0
DA:104,0
DA:105,0
DA:106,0
DA:108,0
DA:109,0
DA:112,0
DA:114,0
DA:117,0
DA:118,0
DA:125,0
DA:126,0
DA:128,0
DA:129,0
DA:131,0
DA:134,0
DA:138,0
DA:139,0
DA:142,0
DA:143,0
DA:145,0
DA:146,0
DA:148,0
DA:149,0
DA:151,0
DA:157,0
DA:158,0
DA:160,0
DA:161,0
DA:164,0
DA:165,0
DA:166,0
DA:167,0
DA:169,0
DA:170,0
DA:176,0
DA:177,0
DA:178,0
DA:181,0
DA:182,0
DA:185,0
DA:186,0
DA:187,0
DA:188,0
DA:190,0
DA:191,0
DA:197,0
DA:198,0
DA:199,0
DA:202,0
DA:203,0
DA:204,0
DA:207,0
DA:208,0
DA:211,0
DA:212,0
DA:214,0
DA:220,0
DA:221,0
DA:222,0
DA:225,0
DA:226,0
DA:228,0
DA:234,0
DA:241,0
DA:243,0
DA:254,0
DA:263,0
DA:264,0
DA:266,0
DA:267,0
DA:268,0
DA:269,0
DA:270,0
DA:271,0
DA:273,0
DA:274,0
DA:280,0
DA:298,1
LF:122
LH:11
BRDA:35,0,0,0
BRDA:35,0,1,0
BRDA:39,1,0,0
BRDA:39,1,1,0
BRDA:44,2,0,0
BRDA:44,2,1,0
BRDA:70,3,0,0
BRDA:70,3,1,0
BRDA:75,4,0,0
BRDA:75,4,1,0
BRDA:77,5,0,0
BRDA:77,5,1,0
BRDA:82,6,0,0
BRDA:82,6,1,0
BRDA:84,7,0,0
BRDA:84,7,1,0
BRDA:96,8,0,0
BRDA:96,8,1,0
BRDA:128,9,0,0
BRDA:128,9,1,0
BRDA:138,10,0,0
BRDA:138,10,1,0
BRDA:158,11,0,0
BRDA:158,11,1,0
BRDA:177,12,0,0
BRDA:177,12,1,0
BRDA:181,13,0,0
BRDA:181,13,1,0
BRDA:181,14,0,0
BRDA:181,14,1,0
BRDA:198,15,0,0
BRDA:198,15,1,0
BRDA:203,16,0,0
BRDA:203,16,1,0
BRDA:207,17,0,0
BRDA:207,17,1,0
BRDA:221,18,0,0
BRDA:221,18,1,0
BRDA:241,19,0,0
BRDA:241,19,1,0
BRDA:253,20,0,0
BRDA:253,20,1,0
BRDA:254,21,0,0
BRDA:254,21,1,0
BRDA:264,22,0,0
BRDA:264,22,1,0
BRDA:266,23,0,0
BRDA:266,23,1,0
BRDA:267,24,0,0
BRDA:267,24,1,0
BRDA:268,25,0,0
BRDA:268,25,1,0
BRDA:269,26,0,0
BRDA:269,26,1,0
BRDA:270,27,0,0
BRDA:270,27,1,0
BRDA:271,28,0,0
BRDA:271,28,1,0
BRDA:291,29,0,0
BRDA:291,29,1,0
BRF:60
BRH:0
end_of_record
TN:
SF:src\services\dashboardService.js
FN:12,getStats
FN:82,getCategoryDistribution
FN:91,(anonymous_2)
FN:97,getDepartmentDistribution
FN:106,(anonymous_4)
FN:112,getStatusDistribution
FN:115,(anonymous_6)
FN:117,(anonymous_7)
FN:120,getHealthDistribution
FN:123,(anonymous_9)
FN:125,(anonymous_10)
FNF:11
FNH:0
FNDA:0,getStats
FNDA:0,getCategoryDistribution
FNDA:0,(anonymous_2)
FNDA:0,getDepartmentDistribution
FNDA:0,(anonymous_4)
FNDA:0,getStatusDistribution
FNDA:0,(anonymous_6)
FNDA:0,(anonymous_7)
FNDA:0,getHealthDistribution
FNDA:0,(anonymous_9)
FNDA:0,(anonymous_10)
DA:1,1
DA:5,1
DA:13,0
DA:14,0
DA:21,0
DA:53,0
DA:54,0
DA:57,0
DA:64,0
DA:83,0
DA:84,0
DA:91,0
DA:98,0
DA:99,0
DA:106,0
DA:113,0
DA:114,0
DA:115,0
DA:117,0
DA:121,0
DA:122,0
DA:123,0
DA:125,0
DA:128,1
LF:24
LH:3
BRDA:53,0,0,0
BRDA:53,0,1,0
BRDA:54,1,0,0
BRDA:54,1,1,0
BRDA:92,2,0,0
BRDA:92,2,1,0
BRDA:107,3,0,0
BRDA:107,3,1,0
BRF:8
BRH:0
end_of_record
TN:
SF:src\services\depreciationService.js
FN:11,calculateForAsset
FN:53,bulkCalculate
FN:76,getRecords
FN:89,(anonymous_3)
FN:92,toResponse
FNF:5
FNH:0
FNDA:0,calculateForAsset
FNDA:0,bulkCalculate
FNDA:0,getRecords
FNDA:0,(anonymous_3)
FNDA:0,toResponse
DA:1,1
DA:2,1
DA:3,1
DA:4,1
DA:5,1
DA:12,0
DA:15,0
DA:16,0
DA:17,0
DA:20,0
DA:21,0
DA:22,0
DA:24,0
DA:39,0
DA:40,0
DA:47,0
DA:49,0
DA:50,0
DA:54,0
DA:55,0
DA:60,0
DA:61,0
DA:62,0
DA:63,0
DA:64,0
DA:65,0
DA:67,0
DA:68,0
DA:72,0
DA:73,0
DA:77,0
DA:78,0
DA:79,0
DA:81,0
DA:89,0
DA:93,0
DA:94,0
DA:109,1
LF:38
LH:6
BRDA:15,0,0,0
BRDA:15,0,1,0
BRDA:16,1,0,0
BRDA:16,1,1,0
BRDA:16,2,0,0
BRDA:16,2,1,0
BRDA:20,3,0,0
BRDA:20,3,1,0
BRDA:39,4,0,0
BRDA:39,4,1,0
BRDA:62,5,0,0
BRDA:62,5,1,0
BRDA:62,6,0,0
BRDA:62,6,1,0
BRDA:76,7,0,0
BRDA:76,8,0,0
BRDA:76,9,0,0
BRDA:78,10,0,0
BRDA:78,10,1,0
BRDA:79,11,0,0
BRDA:79,11,1,0
BRDA:93,12,0,0
BRDA:93,12,1,0
BRDA:96,13,0,0
BRDA:96,13,1,0
BRDA:100,14,0,0
BRDA:100,14,1,0
BRDA:101,15,0,0
BRDA:101,15,1,0
BRDA:102,16,0,0
BRDA:102,16,1,0
BRDA:103,17,0,0
BRDA:103,17,1,0
BRF:33
BRH:0
end_of_record
TN:
SF:src\services\emailService.js
FN:19,loadTemplate
FN:29,sendEmail
FN:45,sendPasswordResetEmail
FN:54,sendAssetAssignmentEmail
FN:61,sendWarrantyExpiryEmail
FN:69,sendMaintenanceCompleteEmail
FN:76,sendGenericNotificationEmail
FN:83,sendQrEmail
FNF:8
FNH:0
FNDA:0,loadTemplate
FNDA:0,sendEmail
FNDA:0,sendPasswordResetEmail
FNDA:0,sendAssetAssignmentEmail
FNDA:0,sendWarrantyExpiryEmail
FNDA:0,sendMaintenanceCompleteEmail
FNDA:0,sendGenericNotificationEmail
FNDA:0,sendQrEmail
DA:1,1
DA:2,1
DA:3,1
DA:4,1
DA:5,1
DA:6,1
DA:7,1
DA:15,1
DA:20,0
DA:21,0
DA:22,0
DA:23,0
DA:25,0
DA:26,0
DA:30,0
DA:31,0
DA:37,0
DA:39,0
DA:46,0
DA:47,0
DA:49,0
DA:50,0
DA:51,0
DA:55,0
DA:56,0
DA:57,0
DA:58,0
DA:62,0
DA:63,0
DA:64,0
DA:65,0
DA:66,0
DA:70,0
DA:71,0
DA:72,0
DA:73,0
DA:77,0
DA:78,0
DA:79,0
DA:80,0
DA:84,0
DA:85,0
DA:86,0
DA:115,0
DA:117,0
DA:121,1
LF:46
LH:9
BRDA:21,0,0,0
BRDA:21,0,1,0
BRDA:47,1,0,0
BRDA:47,1,1,0
BRDA:56,2,0,0
BRDA:56,2,1,0
BRDA:63,3,0,0
BRDA:63,3,1,0
BRDA:65,4,0,0
BRDA:65,4,1,0
BRDA:71,5,0,0
BRDA:71,5,1,0
BRDA:78,6,0,0
BRDA:78,6,1,0
BRF:14
BRH:0
end_of_record
TN:
SF:src\services\employeeService.js
FN:8,createEmployee
FN:45,updateEmployee
FN:76,deleteEmployee
FN:86,getEmployee
FN:90,getEmployees
FN:118,findById
FN:126,toResponse
FNF:7
FNH:0
FNDA:0,createEmployee
FNDA:0,updateEmployee
FNDA:0,deleteEmployee
FNDA:0,getEmployee
FNDA:0,getEmployees
FNDA:0,findById
FNDA:0,toResponse
DA:1,1
DA:2,1
DA:3,1
DA:4,1
DA:5,1
DA:6,1
DA:9,0
DA:10,0
DA:12,0
DA:13,0
DA:14,0
DA:15,0
DA:18,0
DA:19,0
DA:20,0
DA:21,0
DA:24,0
DA:36,0
DA:37,0
DA:39,0
DA:42,0
DA:46,0
DA:48,0
DA:49,0
DA:50,0
DA:53,0
DA:54,0
DA:55,0
DA:56,0
DA:59,0
DA:70,0
DA:73,0
DA:77,0
DA:78,0
DA:79,0
DA:80,0
DA:82,0
DA:83,0
DA:87,0
DA:91,0
DA:93,0
DA:95,0
DA:96,0
DA:105,0
DA:114,0
DA:115,0
DA:119,0
DA:122,0
DA:123,0
DA:127,0
DA:128,0
DA:129,0
DA:150,1
LF:53
LH:7
BRDA:10,0,0,0
BRDA:10,0,1,0
BRDA:13,1,0,0
BRDA:13,1,1,0
BRDA:15,2,0,0
BRDA:15,2,1,0
BRDA:19,3,0,0
BRDA:19,3,1,0
BRDA:21,4,0,0
BRDA:21,4,1,0
BRDA:28,5,0,0
BRDA:28,5,1,0
BRDA:29,6,0,0
BRDA:29,6,1,0
BRDA:30,7,0,0
BRDA:30,7,1,0
BRDA:31,8,0,0
BRDA:31,8,1,0
BRDA:32,9,0,0
BRDA:32,9,1,0
BRDA:33,10,0,0
BRDA:33,10,1,0
BRDA:48,11,0,0
BRDA:48,11,1,0
BRDA:50,12,0,0
BRDA:50,12,1,0
BRDA:54,13,0,0
BRDA:54,13,1,0
BRDA:56,14,0,0
BRDA:56,14,1,0
BRDA:64,15,0,0
BRDA:64,15,1,0
BRDA:67,16,0,0
BRDA:67,16,1,0
BRDA:79,17,0,0
BRDA:79,17,1,0
BRDA:90,18,0,0
BRDA:90,19,0,0
BRDA:90,20,0,0
BRDA:93,21,0,0
BRDA:93,21,1,0
BRDA:95,22,0,0
BRDA:95,22,1,0
BRDA:122,23,0,0
BRDA:122,23,1,0
BRDA:127,24,0,0
BRDA:127,24,1,0
BRDA:138,25,0,0
BRDA:138,25,1,0
BRDA:139,26,0,0
BRDA:139,26,1,0
BRF:51
BRH:0
end_of_record
TN:
SF:src\services\maintenanceService.js
FN:17,createRequest
FN:53,assignTechnician
FN:74,completeRequest
FN:121,updateStatus
FN:127,getRequests
FN:144,getRequest
FN:150,findById
FN:156,getIncludes
FN:164,toResponse
FNF:9
FNH:0
FNDA:0,createRequest
FNDA:0,assignTechnician
FNDA:0,completeRequest
FNDA:0,updateStatus
FNDA:0,getRequests
FNDA:0,getRequest
FNDA:0,findById
FNDA:0,getIncludes
FNDA:0,toResponse
DA:3,1
DA:6,1
DA:7,1
DA:8,1
DA:9,1
DA:10,1
DA:11,1
DA:18,0
DA:19,0
DA:21,0
DA:22,0
DA:25,0
DA:33,0
DA:34,0
DA:47,0
DA:50,0
DA:54,0
DA:55,0
DA:56,0
DA:58,0
DA:64,0
DA:71,0
DA:75,0
DA:76,0
DA:77,0
DA:80,0
DA:81,0
DA:82,0
DA:83,0
DA:86,0
DA:94,0
DA:95,0
DA:96,0
DA:97,0
DA:106,0
DA:107,0
DA:115,0
DA:118,0
DA:122,0
DA:123,0
DA:124,0
DA:128,0
DA:129,0
DA:130,0
DA:132,0
DA:141,0
DA:145,0
DA:151,0
DA:152,0
DA:153,0
DA:157,0
DA:165,0
DA:166,0
DA:194,1
LF:54
LH:8
BRDA:19,0,0,0
BRDA:19,0,1,0
BRDA:38,1,0,0
BRDA:38,1,1,0
BRDA:39,2,0,0
BRDA:39,2,1,0
BRDA:40,3,0,0
BRDA:40,3,1,0
BRDA:43,4,0,0
BRDA:43,4,1,0
BRDA:44,5,0,0
BRDA:44,5,1,0
BRDA:56,6,0,0
BRDA:56,6,1,0
BRDA:76,7,0,0
BRDA:76,7,1,0
BRDA:82,8,0,0
BRDA:82,8,1,0
BRDA:89,9,0,0
BRDA:89,9,1,0
BRDA:90,10,0,0
BRDA:90,10,1,0
BRDA:91,11,0,0
BRDA:91,11,1,0
BRDA:95,12,0,0
BRDA:95,12,1,0
BRDA:106,13,0,0
BRDA:106,13,1,0
BRDA:127,14,0,0
BRDA:127,15,0,0
BRDA:127,16,0,0
BRDA:129,17,0,0
BRDA:129,17,1,0
BRDA:130,18,0,0
BRDA:130,18,1,0
BRDA:152,19,0,0
BRDA:152,19,1,0
BRDA:165,20,0,0
BRDA:165,20,1,0
BRDA:169,21,0,0
BRDA:169,21,1,0
BRDA:172,22,0,0
BRDA:172,22,1,0
BRDA:173,23,0,0
BRDA:173,23,1,0
BRDA:175,24,0,0
BRDA:175,24,1,0
BRDA:176,25,0,0
BRDA:176,25,1,0
BRDA:183,26,0,0
BRDA:183,26,1,0
BRDA:184,27,0,0
BRDA:184,27,1,0
BRDA:187,28,0,0
BRDA:187,28,1,0
BRF:55
BRH:0
end_of_record
TN:
SF:src\services\notificationService.js
FN:9,createNotification
FN:28,getUserNotifications
FN:42,markAsRead
FN:51,markAllAsRead
FN:55,deleteNotification
FN:61,getUnreadCount
FNF:6
FNH:0
FNDA:0,createNotification
FNDA:0,getUserNotifications
FNDA:0,markAsRead
FNDA:0,markAllAsRead
FNDA:0,deleteNotification
FNDA:0,getUnreadCount
DA:1,1
DA:2,1
DA:3,1
DA:10,0
DA:11,0
DA:21,0
DA:22,0
DA:24,0
DA:29,0
DA:30,0
DA:32,0
DA:39,0
DA:43,0
DA:44,0
DA:46,0
DA:47,0
DA:48,0
DA:52,0
DA:56,0
DA:57,0
DA:58,0
DA:62,0
DA:65,1
LF:23
LH:4
BRDA:19,0,0,0
BRDA:19,0,1,0
BRDA:28,1,0,0
BRDA:28,2,0,0
BRDA:28,3,0,0
BRDA:30,4,0,0
BRDA:30,4,1,0
BRDA:44,5,0,0
BRDA:44,5,1,0
BRDA:57,6,0,0
BRDA:57,6,1,0
BRF:11
BRH:0
end_of_record
TN:
SF:src\services\ocrService.js
FN:31,extractInvoiceData
FN:55,extractFromImage
FN:63,(anonymous_2)
FN:73,extractFromPdf
FN:80,(anonymous_4)
FN:94,parseInvoiceData
FN:123,extractVendorName
FN:136,extractInvoiceNumber
FN:141,extractDate
FN:162,extractAmount
FN:169,extractWarrantyPeriod
FN:174,extractAssetName
FN:179,extractSerialNumber
FN:184,calculateConfidence
FN:195,mimeToExt
FNF:15
FNH:0
FNDA:0,extractInvoiceData
FNDA:0,extractFromImage
FNDA:0,(anonymous_2)
FNDA:0,extractFromPdf
FNDA:0,(anonymous_4)
FNDA:0,parseInvoiceData
FNDA:0,extractVendorName
FNDA:0,extractInvoiceNumber
FNDA:0,extractDate
FNDA:0,extractAmount
FNDA:0,extractWarrantyPeriod
FNDA:0,extractAssetName
FNDA:0,extractSerialNumber
FNDA:0,calculateConfidence
FNDA:0,mimeToExt
DA:1,1
DA:2,1
DA:3,1
DA:4,1
DA:5,1
DA:6,1
DA:18,1
DA:32,0
DA:34,0
DA:38,0
DA:39,0
DA:40,0
DA:42,0
DA:45,0
DA:46,0
DA:49,0
DA:50,0
DA:57,0
DA:58,0
DA:60,0
DA:61,0
DA:62,0
DA:63,0
DA:65,0
DA:66,0
DA:67,0
DA:69,0
DA:78,0
DA:79,0
DA:80,0
DA:83,0
DA:84,0
DA:85,0
DA:87,0
DA:88,0
DA:95,0
DA:96,0
DA:97,0
DA:98,0
DA:99,0
DA:100,0
DA:101,0
DA:102,0
DA:103,0
DA:107,0
DA:124,0
DA:125,0
DA:127,0
DA:128,0
DA:129,0
DA:130,0
DA:133,0
DA:137,0
DA:138,0
DA:142,0
DA:143,0
DA:144,0
DA:146,0
DA:148,0
DA:149,0
DA:151,0
DA:152,0
DA:153,0
DA:154,0
DA:157,0
DA:158,0
DA:159,0
DA:163,0
DA:164,0
DA:165,0
DA:166,0
DA:170,0
DA:171,0
DA:175,0
DA:176,0
DA:180,0
DA:181,0
DA:185,0
DA:186,0
DA:187,0
DA:188,0
DA:189,0
DA:190,0
DA:196,0
DA:203,0
DA:206,1
LF:86
LH:8
BRDA:39,0,0,0
BRDA:39,0,1,0
BRDA:63,1,0,0
BRDA:63,1,1,0
BRDA:125,2,0,0
BRDA:125,2,1,0
BRDA:129,3,0,0
BRDA:129,3,1,0
BRDA:129,4,0,0
BRDA:129,4,1,0
BRDA:138,5,0,0
BRDA:138,5,1,0
BRDA:143,6,0,0
BRDA:143,6,1,0
BRDA:146,7,0,0
BRDA:146,7,1,0
BRDA:149,8,0,0
BRDA:149,8,1,0
BRDA:152,9,0,0
BRDA:152,9,1,0
BRDA:154,10,0,0
BRDA:154,10,1,0
BRDA:158,11,0,0
BRDA:158,11,1,0
BRDA:164,12,0,0
BRDA:164,12,1,0
BRDA:166,13,0,0
BRDA:166,13,1,0
BRDA:171,14,0,0
BRDA:171,14,1,0
BRDA:176,15,0,0
BRDA:176,15,1,0
BRDA:181,16,0,0
BRDA:181,16,1,0
BRDA:186,17,0,0
BRDA:186,17,1,0
BRDA:187,18,0,0
BRDA:187,18,1,0
BRDA:188,19,0,0
BRDA:188,19,1,0
BRDA:189,20,0,0
BRDA:189,20,1,0
BRDA:203,21,0,0
BRDA:203,21,1,0
BRF:44
BRH:0
end_of_record
TN:
SF:src\services\reportService.js
FN:15,generateAssetReportPdf
FN:18,(anonymous_1)
FN:31,generateAssetReportExcel
FN:34,(anonymous_3)
FN:48,generateMaintenanceReportPdf
FN:54,(anonymous_5)
FN:63,generateMaintenanceReportExcel
FN:69,(anonymous_7)
FN:81,generateWarrantyReportPdf
FN:85,(anonymous_9)
FN:93,generateWarrantyReportExcel
FN:97,(anonymous_11)
FN:107,generateDepreciationReportPdf
FN:110,(anonymous_13)
FN:120,generateDepreciationReportExcel
FN:123,(anonymous_15)
FN:136,generatePdf
FN:137,(anonymous_17)
FN:141,(anonymous_18)
FN:142,(anonymous_19)
FN:162,(anonymous_20)
FN:169,(anonymous_21)
FN:178,(anonymous_22)
FN:195,generateExcel
FN:208,(anonymous_24)
FN:211,(anonymous_25)
FN:215,(anonymous_26)
FN:220,(anonymous_27)
FN:223,(anonymous_28)
FN:233,fetchAssets
FN:247,fetchWarranties
FN:257,fetchDepreciation
FN:266,generateSingleAssetPdf
FN:271,(anonymous_33)
FN:275,(anonymous_34)
FN:278,(anonymous_35)
FN:294,(anonymous_36)
FN:326,(anonymous_37)
FN:343,(anonymous_38)
FN:344,(anonymous_39)
FNF:40
FNH:0
FNDA:0,generateAssetReportPdf
FNDA:0,(anonymous_1)
FNDA:0,generateAssetReportExcel
FNDA:0,(anonymous_3)
FNDA:0,generateMaintenanceReportPdf
FNDA:0,(anonymous_5)
FNDA:0,generateMaintenanceReportExcel
FNDA:0,(anonymous_7)
FNDA:0,generateWarrantyReportPdf
FNDA:0,(anonymous_9)
FNDA:0,generateWarrantyReportExcel
FNDA:0,(anonymous_11)
FNDA:0,generateDepreciationReportPdf
FNDA:0,(anonymous_13)
FNDA:0,generateDepreciationReportExcel
FNDA:0,(anonymous_15)
FNDA:0,generatePdf
FNDA:0,(anonymous_17)
FNDA:0,(anonymous_18)
FNDA:0,(anonymous_19)
FNDA:0,(anonymous_20)
FNDA:0,(anonymous_21)
FNDA:0,(anonymous_22)
FNDA:0,generateExcel
FNDA:0,(anonymous_24)
FNDA:0,(anonymous_25)
FNDA:0,(anonymous_26)
FNDA:0,(anonymous_27)
FNDA:0,(anonymous_28)
FNDA:0,fetchAssets
FNDA:0,fetchWarranties
FNDA:0,fetchDepreciation
FNDA:0,generateSingleAssetPdf
FNDA:0,(anonymous_33)
FNDA:0,(anonymous_34)
FNDA:0,(anonymous_35)
FNDA:0,(anonymous_36)
FNDA:0,(anonymous_37)
FNDA:0,(anonymous_38)
FNDA:0,(anonymous_39)
DA:1,1
DA:2,1
DA:3,1
DA:6,1
DA:7,1
DA:16,0
DA:17,0
DA:18,0
DA:28,0
DA:32,0
DA:33,0
DA:34,0
DA:43,0
DA:49,0
DA:53,0
DA:54,0
DA:60,0
DA:64,0
DA:68,0
DA:69,0
DA:76,0
DA:82,0
DA:83,0
DA:84,0
DA:85,0
DA:86,0
DA:88,0
DA:90,0
DA:94,0
DA:95,0
DA:96,0
DA:97,0
DA:98,0
DA:100,0
DA:102,0
DA:108,0
DA:109,0
DA:110,0
DA:117,0
DA:121,0
DA:122,0
DA:123,0
DA:131,0
DA:137,0
DA:138,0
DA:139,0
DA:141,0
DA:142,0
DA:143,0
DA:146,0
DA:147,0
DA:148,0
DA:151,0
DA:152,0
DA:153,0
DA:155,0
DA:156,0
DA:157,0
DA:158,0
DA:161,0
DA:162,0
DA:163,0
DA:166,0
DA:169,0
DA:170,0
DA:171,0
DA:172,0
DA:175,0
DA:176,0
DA:178,0
DA:179,0
DA:183,0
DA:187,0
DA:188,0
DA:189,0
DA:196,0
DA:197,0
DA:199,0
DA:206,0
DA:208,0
DA:209,0
DA:211,0
DA:212,0
DA:213,0
DA:214,0
DA:215,0
DA:220,0
DA:221,0
DA:223,0
DA:225,0
DA:228,0
DA:234,0
DA:235,0
DA:236,0
DA:248,0
DA:249,0
DA:250,0
DA:258,0
DA:259,0
DA:267,0
DA:268,0
DA:269,0
DA:271,0
DA:272,0
DA:273,0
DA:274,0
DA:275,0
DA:278,0
DA:279,0
DA:283,0
DA:284,0
DA:285,0
DA:287,0
DA:290,0
DA:291,0
DA:293,0
DA:294,0
DA:295,0
DA:296,0
DA:297,0
DA:300,0
DA:301,0
DA:302,0
DA:303,0
DA:304,0
DA:305,0
DA:306,0
DA:307,0
DA:308,0
DA:309,0
DA:310,0
DA:312,0
DA:313,0
DA:316,0
DA:317,0
DA:318,0
DA:320,0
DA:322,0
DA:323,0
DA:324,0
DA:325,0
DA:326,0
DA:327,0
DA:331,0
DA:335,0
DA:336,0
DA:339,0
DA:340,0
DA:341,0
DA:343,0
DA:344,0
DA:346,0
DA:347,0
DA:348,0
DA:349,0
DA:350,0
DA:351,0
DA:354,0
DA:356,0
DA:360,1
LF:160
LH:6
BRDA:21,0,0,0
BRDA:21,0,1,0
BRDA:23,1,0,0
BRDA:23,1,1,0
BRDA:24,2,0,0
BRDA:24,2,1,0
BRDA:25,3,0,0
BRDA:25,3,1,0
BRDA:26,4,0,0
BRDA:26,4,1,0
BRDA:28,5,0,0
BRDA:28,5,1,0
BRDA:35,6,0,0
BRDA:35,6,1,0
BRDA:35,7,0,0
BRDA:35,7,1,0
BRDA:35,8,0,0
BRDA:35,8,1,0
BRDA:36,9,0,0
BRDA:36,9,1,0
BRDA:36,10,0,0
BRDA:36,10,1,0
BRDA:37,11,0,0
BRDA:37,11,1,0
BRDA:38,12,0,0
BRDA:38,12,1,0
BRDA:39,13,0,0
BRDA:39,13,1,0
BRDA:40,14,0,0
BRDA:40,14,1,0
BRDA:41,15,0,0
BRDA:41,15,1,0
BRDA:55,16,0,0
BRDA:55,16,1,0
BRDA:55,17,0,0
BRDA:55,17,1,0
BRDA:56,18,0,0
BRDA:56,18,1,0
BRDA:57,19,0,0
BRDA:57,19,1,0
BRDA:58,20,0,0
BRDA:58,20,1,0
BRDA:70,21,0,0
BRDA:70,21,1,0
BRDA:70,22,0,0
BRDA:70,22,1,0
BRDA:70,23,0,0
BRDA:70,23,1,0
BRDA:71,24,0,0
BRDA:71,24,1,0
BRDA:72,25,0,0
BRDA:72,25,1,0
BRDA:73,26,0,0
BRDA:73,26,1,0
BRDA:74,27,0,0
BRDA:74,27,1,0
BRDA:81,28,0,0
BRDA:86,29,0,0
BRDA:86,29,1,0
BRDA:88,30,0,0
BRDA:88,30,1,0
BRDA:88,31,0,0
BRDA:88,31,1,0
BRDA:88,32,0,0
BRDA:88,32,1,0
BRDA:88,33,0,0
BRDA:88,33,1,0
BRDA:88,34,0,0
BRDA:88,34,1,0
BRDA:93,35,0,0
BRDA:98,36,0,0
BRDA:98,36,1,0
BRDA:100,37,0,0
BRDA:100,37,1,0
BRDA:100,38,0,0
BRDA:100,38,1,0
BRDA:100,39,0,0
BRDA:100,39,1,0
BRDA:100,40,0,0
BRDA:100,40,1,0
BRDA:100,41,0,0
BRDA:100,41,1,0
BRDA:100,42,0,0
BRDA:100,42,1,0
BRDA:100,43,0,0
BRDA:100,43,1,0
BRDA:111,44,0,0
BRDA:111,44,1,0
BRDA:111,45,0,0
BRDA:111,45,1,0
BRDA:112,46,0,0
BRDA:112,46,1,0
BRDA:113,47,0,0
BRDA:113,47,1,0
BRDA:114,48,0,0
BRDA:114,48,1,0
BRDA:115,49,0,0
BRDA:115,49,1,0
BRDA:117,50,0,0
BRDA:117,50,1,0
BRDA:124,51,0,0
BRDA:124,51,1,0
BRDA:124,52,0,0
BRDA:124,52,1,0
BRDA:125,53,0,0
BRDA:125,53,1,0
BRDA:126,54,0,0
BRDA:126,54,1,0
BRDA:127,55,0,0
BRDA:127,55,1,0
BRDA:128,56,0,0
BRDA:128,56,1,0
BRDA:129,57,0,0
BRDA:129,57,1,0
BRDA:170,58,0,0
BRDA:170,58,1,0
BRDA:175,59,0,0
BRDA:175,59,1,0
BRDA:180,60,0,0
BRDA:180,60,1,0
BRDA:214,61,0,0
BRDA:214,61,1,0
BRDA:223,62,0,0
BRDA:223,62,1,0
BRDA:235,63,0,0
BRDA:235,63,1,0
BRDA:258,64,0,0
BRDA:258,64,1,0
BRDA:269,65,0,0
BRDA:269,65,1,0
BRDA:296,66,0,0
BRDA:296,66,1,0
BRDA:304,67,0,0
BRDA:304,67,1,0
BRDA:304,68,0,0
BRDA:304,68,1,0
BRDA:322,69,0,0
BRDA:322,69,1,0
BRDA:324,70,0,0
BRDA:324,70,1,0
BRDA:325,71,0,0
BRDA:325,71,1,0
BRDA:325,72,0,0
BRDA:325,72,1,0
BRDA:343,73,0,0
BRDA:343,73,1,0
BRDA:344,74,0,0
BRDA:344,74,1,0
BRDA:350,75,0,0
BRDA:350,75,1,0
BRDA:350,76,0,0
BRDA:350,76,1,0
BRDA:351,77,0,0
BRDA:351,77,1,0
BRF:154
BRH:0
end_of_record
TN:
SF:src\services\vendorService.js
FN:8,createVendor
FN:36,updateVendor
FN:56,deleteVendor
FN:61,getVendor
FN:65,getVendors
FN:86,rateVendor
FN:110,findById
FN:116,toResponse
FNF:8
FNH:0
FNDA:0,createVendor
FNDA:0,updateVendor
FNDA:0,deleteVendor
FNDA:0,getVendor
FNDA:0,getVendors
FNDA:0,rateVendor
FNDA:0,findById
FNDA:0,toResponse
DA:1,1
DA:2,1
DA:3,1
DA:4,1
DA:5,1
DA:6,1
DA:9,0
DA:27,0
DA:28,0
DA:30,0
DA:33,0
DA:37,0
DA:38,0
DA:53,0
DA:57,0
DA:58,0
DA:62,0
DA:66,0
DA:67,0
DA:68,0
DA:76,0
DA:83,0
DA:87,0
DA:89,0
DA:97,0
DA:103,0
DA:104,0
DA:106,0
DA:107,0
DA:111,0
DA:112,0
DA:113,0
DA:117,0
DA:118,0
DA:141,1
LF:35
LH:7
BRDA:11,0,0,0
BRDA:11,0,1,0
BRDA:12,1,0,0
BRDA:12,1,1,0
BRDA:13,2,0,0
BRDA:13,2,1,0
BRDA:14,3,0,0
BRDA:14,3,1,0
BRDA:15,4,0,0
BRDA:15,4,1,0
BRDA:16,5,0,0
BRDA:16,5,1,0
BRDA:17,6,0,0
BRDA:17,6,1,0
BRDA:18,7,0,0
BRDA:18,7,1,0
BRDA:19,8,0,0
BRDA:19,8,1,0
BRDA:20,9,0,0
BRDA:20,9,1,0
BRDA:21,10,0,0
BRDA:21,10,1,0
BRDA:51,11,0,0
BRDA:51,11,1,0
BRDA:65,12,0,0
BRDA:65,13,0,0
BRDA:65,14,0,0
BRDA:67,15,0,0
BRDA:67,15,1,0
BRDA:93,16,0,0
BRDA:93,16,1,0
BRDA:103,17,0,0
BRDA:103,17,1,0
BRDA:104,18,0,0
BRDA:104,18,1,0
BRDA:112,19,0,0
BRDA:112,19,1,0
BRDA:117,20,0,0
BRDA:117,20,1,0
BRDA:132,21,0,0
BRDA:132,21,1,0
BRDA:133,22,0,0
BRDA:133,22,1,0
BRF:43
BRH:0
end_of_record
TN:
SF:src\services\warrantyService.js
FN:11,getAll
FN:21,getExpiring
FN:36,getForAsset
FN:45,createOrUpdate
FN:64,toResponse
FNF:5
FNH:0
FNDA:0,getAll
FNDA:0,getExpiring
FNDA:0,getForAsset
FNDA:0,createOrUpdate
FNDA:0,toResponse
DA:1,1
DA:2,1
DA:3,1
DA:4,1
DA:5,1
DA:12,0
DA:18,0
DA:22,0
DA:23,0
DA:25,0
DA:33,0
DA:37,0
DA:41,0
DA:42,0
DA:46,0
DA:47,0
DA:49,0
DA:54,0
DA:55,0
DA:58,0
DA:65,0
DA:66,0
DA:67,0
DA:68,0
DA:71,0
DA:89,1
LF:26
LH:6
BRDA:11,0,0,0
BRDA:11,1,0,0
BRDA:21,2,0,0
BRDA:21,3,0,0
BRDA:21,4,0,0
BRDA:41,5,0,0
BRDA:41,5,1,0
BRDA:47,6,0,0
BRDA:47,6,1,0
BRDA:54,7,0,0
BRDA:54,7,1,0
BRDA:54,8,0,0
BRDA:54,8,1,0
BRDA:65,9,0,0
BRDA:65,9,1,0
BRDA:67,10,0,0
BRDA:67,10,1,0
BRDA:68,11,0,0
BRDA:68,11,1,0
BRDA:73,12,0,0
BRDA:73,12,1,0
BRDA:80,13,0,0
BRDA:80,13,1,0
BRDA:81,14,0,0
BRDA:81,14,1,0
BRDA:81,14,2,0
BRF:26
BRH:0
end_of_record
TN:
SF:src\utils\apiResponse.js
FN:6,(anonymous_0)
FN:15,(anonymous_1)
FN:19,(anonymous_2)
FN:23,(anonymous_3)
FN:27,(anonymous_4)
FN:36,(anonymous_5)
FN:46,(anonymous_6)
FNF:7
FNH:6
FNDA:3,(anonymous_0)
FNDA:1,(anonymous_1)
FNDA:1,(anonymous_2)
FNDA:0,(anonymous_3)
FNDA:1,(anonymous_4)
FNDA:1,(anonymous_5)
FNDA:1,(anonymous_6)
DA:7,3
DA:8,3
DA:9,3
DA:10,3
DA:11,3
DA:12,3
DA:16,1
DA:20,1
DA:24,0
DA:28,1
DA:37,1
DA:38,1
DA:39,1
DA:40,1
DA:41,1
DA:42,1
DA:43,1
DA:47,1
DA:48,1
DA:59,2
LF:20
LH:19
BRDA:6,0,0,0
BRDA:6,1,0,2
BRDA:10,2,0,2
BRDA:10,2,1,1
BRDA:11,3,0,0
BRDA:11,3,1,3
BRDA:15,4,0,0
BRDA:19,5,0,0
BRDA:23,6,0,0
BRDA:27,7,0,1
BRF:10
BRH:5
end_of_record
TN:
SF:src\utils\assetTagGenerator.js
FN:6,(anonymous_0)
FN:13,getYYYYMM
FN:23,generateAssetTag
FN:32,generateEmployeeCode
FN:39,generateVendorCode
FN:46,generateMaintenanceNumber
FN:54,generateDepartmentCode
FNF:7
FNH:0
FNDA:0,(anonymous_0)
FNDA:0,getYYYYMM
FNDA:0,generateAssetTag
FNDA:0,generateEmployeeCode
FNDA:0,generateVendorCode
FNDA:0,generateMaintenanceNumber
FNDA:0,generateDepartmentCode
DA:6,1
DA:8,0
DA:9,0
DA:10,0
DA:14,0
DA:15,0
DA:16,0
DA:17,0
DA:24,0
DA:25,0
DA:26,0
DA:33,0
DA:40,0
DA:47,0
DA:48,0
DA:55,0
DA:58,1
LF:17
LH:2
BRDA:6,0,0,1
BRDA:6,0,1,0
BRF:2
BRH:1
end_of_record
TN:
SF:src\utils\depreciationCalculator.js
FN:21,calculate
FN:56,getCurrentFinancialYear
FNF:2
FNH:2
FNDA:1,calculate
FNDA:1,getCurrentFinancialYear
DA:11,2
DA:22,1
DA:23,1
DA:24,1
DA:26,1
DA:27,0
DA:30,1
DA:31,1
DA:32,1
DA:34,1
DA:35,1
DA:36,1
DA:37,1
DA:39,1
DA:40,1
DA:42,1
DA:57,1
DA:58,1
DA:59,1
DA:60,1
DA:61,1
DA:62,1
DA:65,2
LF:23
LH:22
BRDA:22,0,0,1
BRDA:22,0,1,0
BRDA:23,1,0,1
BRDA:23,1,1,0
BRDA:24,2,0,1
BRDA:24,2,1,0
BRDA:26,3,0,0
BRDA:26,3,1,1
BRDA:60,4,0,1
BRDA:60,4,1,0
BRF:10
BRH:5
end_of_record
TN:
SF:src\utils\encryptionUtils.js
FN:15,getKey
FN:27,encrypt
FN:48,decrypt
FN:75,encryptField
FN:84,decryptField
FN:98,encryptPayload
FN:107,decryptPayload
FN:117,hashValue
FNF:8
FNH:0
FNDA:0,getKey
FNDA:0,encrypt
FNDA:0,decrypt
FNDA:0,encryptField
FNDA:0,decryptField
FNDA:0,encryptPayload
FNDA:0,decryptPayload
FNDA:0,hashValue
DA:1,1
DA:2,1
DA:11,1
DA:12,1
DA:13,1
DA:16,0
DA:17,0
DA:18,0
DA:20,0
DA:28,0
DA:29,0
DA:30,0
DA:31,0
DA:33,0
DA:37,0
DA:40,0
DA:41,0
DA:49,0
DA:50,0
DA:51,0
DA:53,0
DA:54,0
DA:55,0
DA:57,0
DA:58,0
DA:60,0
DA:61,0
DA:65,0
DA:67,0
DA:76,0
DA:77,0
DA:85,0
DA:86,0
DA:87,0
DA:90,0
DA:99,0
DA:100,0
DA:101,0
DA:108,0
DA:109,0
DA:110,0
DA:118,0
DA:121,1
LF:43
LH:6
BRDA:17,0,0,0
BRDA:17,0,1,0
BRDA:17,1,0,0
BRDA:17,1,1,0
BRDA:28,2,0,0
BRDA:28,2,1,0
BRDA:28,3,0,0
BRDA:28,3,1,0
BRDA:49,4,0,0
BRDA:49,4,1,0
BRDA:49,5,0,0
BRDA:49,5,1,0
BRDA:76,6,0,0
BRDA:76,6,1,0
BRDA:76,7,0,0
BRDA:76,7,1,0
BRDA:76,7,2,0
BRDA:85,8,0,0
BRDA:85,8,1,0
BRDA:85,9,0,0
BRDA:85,9,1,0
BRDA:85,9,2,0
BRDA:108,10,0,0
BRDA:108,10,1,0
BRDA:108,11,0,0
BRDA:108,11,1,0
BRF:26
BRH:0
end_of_record
TN:
SF:src\utils\healthScoreCalculator.js
FN:17,getHealthLevel
FN:28,getRiskLevel
FN:46,calculate
FNF:3
FNH:3
FNDA:1,getHealthLevel
FNDA:1,getRiskLevel
FNDA:1,calculate
DA:18,1
DA:19,0
DA:20,0
DA:21,0
DA:22,0
DA:29,1
DA:30,0
DA:31,0
DA:47,1
DA:50,1
DA:51,1
DA:52,1
DA:53,1
DA:54,1
DA:55,1
DA:56,1
DA:57,1
DA:63,1
DA:64,1
DA:65,1
DA:66,0
DA:71,1
DA:72,1
DA:73,1
DA:74,1
DA:75,0
DA:76,0
DA:81,1
DA:82,1
DA:85,1
DA:86,1
DA:87,1
DA:88,1
DA:89,1
DA:90,1
DA:91,0
DA:92,0
DA:93,0
DA:94,0
DA:100,1
DA:106,1
DA:109,1
DA:111,1
DA:124,2
LF:44
LH:31
BRDA:18,0,0,1
BRDA:18,0,1,0
BRDA:19,1,0,0
BRDA:19,1,1,0
BRDA:20,2,0,0
BRDA:20,2,1,0
BRDA:21,3,0,0
BRDA:21,3,1,0
BRDA:29,4,0,1
BRDA:29,4,1,0
BRDA:30,5,0,0
BRDA:30,5,1,0
BRDA:47,6,0,1
BRDA:47,6,1,0
BRDA:51,7,0,1
BRDA:51,7,1,0
BRDA:52,8,0,1
BRDA:52,8,1,0
BRDA:53,9,0,1
BRDA:53,9,1,0
BRDA:63,10,0,1
BRDA:63,10,1,1
BRDA:65,11,0,0
BRDA:65,11,1,1
BRDA:71,12,0,1
BRDA:71,12,1,1
BRDA:72,13,0,1
BRDA:72,13,1,0
BRDA:74,14,0,0
BRDA:74,14,1,1
BRDA:74,15,0,1
BRDA:74,15,1,0
BRDA:81,16,0,1
BRDA:81,16,1,1
BRDA:86,17,0,1
BRDA:86,17,1,0
BRDA:87,18,0,1
BRDA:87,18,1,0
BRDA:88,19,0,1
BRDA:88,19,1,0
BRDA:90,20,0,1
BRDA:90,20,1,0
BRDA:91,21,0,0
BRDA:91,21,1,0
BRDA:92,22,0,0
BRDA:92,22,1,0
BRDA:93,23,0,0
BRDA:93,23,1,0
BRF:48
BRH:20
end_of_record
TN:
SF:src\utils\jwtUtils.js
FN:12,generateAccessToken
FN:22,generateRefreshToken
FN:33,verifyToken
FN:40,decodeToken
FN:47,isTokenExpired
FN:59,extractUsername
FN:67,buildClaims
FNF:7
FNH:5
FNDA:3,generateAccessToken
FNDA:0,generateRefreshToken
FNDA:1,verifyToken
FNDA:1,decodeToken
FNDA:1,isTokenExpired
FNDA:0,extractUsername
FNDA:3,buildClaims
DA:1,2
DA:2,2
DA:13,3
DA:23,0
DA:34,1
DA:41,1
DA:48,1
DA:49,1
DA:50,1
DA:52,0
DA:60,0
DA:61,0
DA:68,3
DA:76,2
LF:14
LH:10
BRDA:61,0,0,0
BRDA:61,0,1,0
BRF:2
BRH:0
end_of_record
TN:
SF:src\utils\logger.js
FN:7,(anonymous_0)
FNF:1
FNH:0
FNDA:0,(anonymous_0)
DA:1,1
DA:2,1
DA:3,1
DA:5,1
DA:7,1
DA:8,0
DA:11,1
DA:32,1
DA:43,1
LF:9
LH:8
BRDA:8,0,0,0
BRDA:8,0,1,0
BRDA:33,1,0,0
BRDA:33,1,1,1
BRF:4
BRH:1
end_of_record
TN:
SF:src\utils\qrCodeGenerator.js
FN:19,generateQrCode
FN:49,generateQrBuffer
FN:61,generateQrDataUrl
FNF:3
FNH:0
FNDA:0,generateQrCode
FNDA:0,generateQrBuffer
FNDA:0,generateQrDataUrl
DA:1,1
DA:2,1
DA:3,1
DA:4,1
DA:5,1
DA:20,0
DA:21,0
DA:22,0
DA:25,0
DA:26,0
DA:29,0
DA:31,0
DA:42,0
DA:43,0
DA:50,0
DA:62,0
DA:69,1
LF:17
LH:6
BRDA:21,0,0,0
BRDA:21,0,1,0
BRF:2
BRH:0
end_of_record
